六月 23, 2015 12:52:40 下午 org.apache.catalina.startup.VersionLoggerListener log
信息: Server version:        Apache Tomcat/7.0.62
六月 23, 2015 12:52:41 下午 org.apache.catalina.startup.VersionLoggerListener log
信息: Server built:          May 7 2015 17:14:55 UTC
六月 23, 2015 12:52:41 下午 org.apache.catalina.startup.VersionLoggerListener log
信息: Server number:         7.0.62.0
六月 23, 2015 12:52:41 下午 org.apache.catalina.startup.VersionLoggerListener log
信息: OS Name:               Windows 7
六月 23, 2015 12:52:41 下午 org.apache.catalina.startup.VersionLoggerListener log
信息: OS Version:            6.1
六月 23, 2015 12:52:41 下午 org.apache.catalina.startup.VersionLoggerListener log
信息: Architecture:          amd64
六月 23, 2015 12:52:41 下午 org.apache.catalina.startup.VersionLoggerListener log
信息: Java Home:             C:\Program Files\Java\jdk1.7.0_79\jre
六月 23, 2015 12:52:41 下午 org.apache.catalina.startup.VersionLoggerListener log
信息: JVM Version:           1.7.0_79-b15
六月 23, 2015 12:52:41 下午 org.apache.catalina.startup.VersionLoggerListener log
信息: JVM Vendor:            Oracle Corporation
六月 23, 2015 12:52:41 下午 org.apache.catalina.startup.VersionLoggerListener log
信息: CATALINA_BASE:         D:\Workspaces\eclipse43\apache-tomcat7
六月 23, 2015 12:52:41 下午 org.apache.catalina.startup.VersionLoggerListener log
信息: CATALINA_HOME:         D:\Workspaces\eclipse43\apache-tomcat7
六月 23, 2015 12:52:41 下午 org.apache.catalina.startup.VersionLoggerListener log
信息: Command line argument: -Djava.util.logging.config.file=D:\Workspaces\eclipse43\apache-tomcat7\conf\logging.properties
六月 23, 2015 12:52:41 下午 org.apache.catalina.startup.VersionLoggerListener log
信息: Command line argument: -Djava.util.logging.manager=org.apache.juli.ClassLoaderLogManager
六月 23, 2015 12:52:41 下午 org.apache.catalina.startup.VersionLoggerListener log
信息: Command line argument: -Djava.endorsed.dirs=D:\Workspaces\eclipse43\apache-tomcat7\endorsed
六月 23, 2015 12:52:41 下午 org.apache.catalina.startup.VersionLoggerListener log
信息: Command line argument: -Dcatalina.base=D:\Workspaces\eclipse43\apache-tomcat7
六月 23, 2015 12:52:41 下午 org.apache.catalina.startup.VersionLoggerListener log
信息: Command line argument: -Dcatalina.home=D:\Workspaces\eclipse43\apache-tomcat7
六月 23, 2015 12:52:41 下午 org.apache.catalina.startup.VersionLoggerListener log
信息: Command line argument: -Djava.io.tmpdir=D:\Workspaces\eclipse43\apache-tomcat7\temp
六月 23, 2015 12:52:41 下午 org.apache.catalina.core.AprLifecycleListener lifecycleEvent
信息: An older version 1.1.32 of the APR based Apache Tomcat Native library is installed, while Tomcat recommends a minimum version of 1.1.33
六月 23, 2015 12:52:41 下午 org.apache.catalina.core.AprLifecycleListener lifecycleEvent
信息: Loaded APR based Apache Tomcat Native library 1.1.32 using APR version 1.5.1.
六月 23, 2015 12:52:41 下午 org.apache.catalina.core.AprLifecycleListener lifecycleEvent
信息: APR capabilities: IPv6 [true], sendfile [true], accept filters [false], random [true].
六月 23, 2015 12:52:41 下午 org.apache.catalina.core.AprLifecycleListener initializeSSL
信息: OpenSSL successfully initialized (OpenSSL 1.0.1j 15 Oct 2014)
六月 23, 2015 12:52:42 下午 org.apache.coyote.AbstractProtocol init
信息: Initializing ProtocolHandler ["http-apr-8180"]
六月 23, 2015 12:52:42 下午 org.apache.coyote.AbstractProtocol init
信息: Initializing ProtocolHandler ["ajp-apr-8109"]
六月 23, 2015 12:52:42 下午 org.apache.catalina.startup.Catalina load
信息: Initialization processed in 4073 ms
六月 23, 2015 12:52:43 下午 org.apache.catalina.core.StandardService startInternal
信息: Starting service Catalina
六月 23, 2015 12:52:43 下午 org.apache.catalina.core.StandardEngine startInternal
信息: Starting Servlet Engine: Apache Tomcat/7.0.62
六月 23, 2015 12:52:43 下午 org.apache.catalina.startup.HostConfig deployWAR
信息: Deploying web application archive D:\Workspaces\eclipse43\apache-tomcat7\webapps\codetest.war
六月 23, 2015 12:52:46 下午 org.apache.catalina.startup.TldConfig execute
信息: At least one JAR was scanned for TLDs yet contained no TLDs. Enable debug logging for this logger for a complete list of JARs that were scanned but no TLDs were found in them. Skipping unneeded JARs during scanning can improve startup time and JSP compilation time.
六月 23, 2015 12:52:47 下午 org.apache.catalina.util.SessionIdGeneratorBase createSecureRandom
信息: Creation of SecureRandom instance for session ID generation using [SHA1PRNG] took [340] milliseconds.
六月 23, 2015 12:52:49 下午 org.apache.catalina.startup.HostConfig deployWAR
信息: Deployment of web application archive D:\Workspaces\eclipse43\apache-tomcat7\webapps\codetest.war has finished in 6,240 ms
六月 23, 2015 12:52:49 下午 org.apache.catalina.startup.HostConfig deployDirectory
信息: Deploying web application directory D:\Workspaces\eclipse43\apache-tomcat7\webapps\docs
六月 23, 2015 12:52:49 下午 org.apache.catalina.startup.HostConfig deployDirectory
信息: Deployment of web application directory D:\Workspaces\eclipse43\apache-tomcat7\webapps\docs has finished in 100 ms
六月 23, 2015 12:52:49 下午 org.apache.catalina.startup.HostConfig deployDirectory
信息: Deploying web application directory D:\Workspaces\eclipse43\apache-tomcat7\webapps\examples
六月 23, 2015 12:52:50 下午 org.apache.catalina.startup.HostConfig deployDirectory
信息: Deployment of web application directory D:\Workspaces\eclipse43\apache-tomcat7\webapps\examples has finished in 1,020 ms
六月 23, 2015 12:52:50 下午 org.apache.catalina.startup.HostConfig deployDirectory
信息: Deploying web application directory D:\Workspaces\eclipse43\apache-tomcat7\webapps\host-manager
六月 23, 2015 12:52:50 下午 org.apache.catalina.startup.HostConfig deployDirectory
信息: Deployment of web application directory D:\Workspaces\eclipse43\apache-tomcat7\webapps\host-manager has finished in 120 ms
六月 23, 2015 12:52:50 下午 org.apache.catalina.startup.HostConfig deployDirectory
信息: Deploying web application directory D:\Workspaces\eclipse43\apache-tomcat7\webapps\manager
六月 23, 2015 12:52:50 下午 org.apache.catalina.startup.HostConfig deployDirectory
信息: Deployment of web application directory D:\Workspaces\eclipse43\apache-tomcat7\webapps\manager has finished in 250 ms
六月 23, 2015 12:52:50 下午 org.apache.catalina.startup.HostConfig deployDirectory
信息: Deploying web application directory D:\Workspaces\eclipse43\apache-tomcat7\webapps\ROOT
六月 23, 2015 12:52:51 下午 org.apache.catalina.startup.HostConfig deployDirectory
信息: Deployment of web application directory D:\Workspaces\eclipse43\apache-tomcat7\webapps\ROOT has finished in 80 ms
六月 23, 2015 12:52:51 下午 org.apache.coyote.AbstractProtocol start
信息: Starting ProtocolHandler ["http-apr-8180"]
六月 23, 2015 12:52:51 下午 org.apache.coyote.AbstractProtocol start
信息: Starting ProtocolHandler ["ajp-apr-8109"]
六月 23, 2015 12:52:51 下午 org.apache.catalina.startup.Catalina start
信息: Server startup in 8364 ms
六月 23, 2015 12:53:09 下午 org.apache.catalina.core.StandardServer await
信息: A valid shutdown command was received via the shutdown port. Stopping the Server instance.
六月 23, 2015 12:53:09 下午 org.apache.coyote.AbstractProtocol pause
信息: Pausing ProtocolHandler ["http-apr-8180"]
六月 23, 2015 12:53:09 下午 org.apache.coyote.AbstractProtocol pause
信息: Pausing ProtocolHandler ["ajp-apr-8109"]
六月 23, 2015 12:53:09 下午 org.apache.catalina.core.StandardService stopInternal
信息: Stopping service Catalina
六月 23, 2015 12:53:10 下午 org.apache.coyote.AbstractProtocol stop
信息: Stopping ProtocolHandler ["http-apr-8180"]
六月 23, 2015 12:53:10 下午 org.apache.coyote.AbstractProtocol stop
信息: Stopping ProtocolHandler ["ajp-apr-8109"]
六月 23, 2015 12:53:10 下午 org.apache.coyote.AbstractProtocol destroy
信息: Destroying ProtocolHandler ["http-apr-8180"]
六月 23, 2015 12:53:10 下午 org.apache.coyote.AbstractProtocol destroy
信息: Destroying ProtocolHandler ["ajp-apr-8109"]
六月 23, 2015 12:54:29 下午 org.apache.catalina.startup.VersionLoggerListener log
信息: Server version:        Apache Tomcat/7.0.62
六月 23, 2015 12:54:29 下午 org.apache.catalina.startup.VersionLoggerListener log
信息: Server built:          May 7 2015 17:14:55 UTC
六月 23, 2015 12:54:29 下午 org.apache.catalina.startup.VersionLoggerListener log
信息: Server number:         7.0.62.0
六月 23, 2015 12:54:29 下午 org.apache.catalina.startup.VersionLoggerListener log
信息: OS Name:               Windows 7
六月 23, 2015 12:54:29 下午 org.apache.catalina.startup.VersionLoggerListener log
信息: OS Version:            6.1
六月 23, 2015 12:54:29 下午 org.apache.catalina.startup.VersionLoggerListener log
信息: Architecture:          amd64
六月 23, 2015 12:54:29 下午 org.apache.catalina.startup.VersionLoggerListener log
信息: Java Home:             C:\Program Files\Java\jdk1.7.0_79\jre
六月 23, 2015 12:54:29 下午 org.apache.catalina.startup.VersionLoggerListener log
信息: JVM Version:           1.7.0_79-b15
六月 23, 2015 12:54:29 下午 org.apache.catalina.startup.VersionLoggerListener log
信息: JVM Vendor:            Oracle Corporation
六月 23, 2015 12:54:29 下午 org.apache.catalina.startup.VersionLoggerListener log
信息: CATALINA_BASE:         D:\Workspaces\eclipse43\apache-tomcat7
六月 23, 2015 12:54:29 下午 org.apache.catalina.startup.VersionLoggerListener log
信息: CATALINA_HOME:         D:\Workspaces\eclipse43\apache-tomcat7
六月 23, 2015 12:54:29 下午 org.apache.catalina.startup.VersionLoggerListener log
信息: Command line argument: -Djava.util.logging.config.file=D:\Workspaces\eclipse43\apache-tomcat7\conf\logging.properties
六月 23, 2015 12:54:29 下午 org.apache.catalina.startup.VersionLoggerListener log
信息: Command line argument: -Djava.util.logging.manager=org.apache.juli.ClassLoaderLogManager
六月 23, 2015 12:54:29 下午 org.apache.catalina.startup.VersionLoggerListener log
信息: Command line argument: -Djava.endorsed.dirs=D:\Workspaces\eclipse43\apache-tomcat7\endorsed
六月 23, 2015 12:54:29 下午 org.apache.catalina.startup.VersionLoggerListener log
信息: Command line argument: -Dcatalina.base=D:\Workspaces\eclipse43\apache-tomcat7
六月 23, 2015 12:54:29 下午 org.apache.catalina.startup.VersionLoggerListener log
信息: Command line argument: -Dcatalina.home=D:\Workspaces\eclipse43\apache-tomcat7
六月 23, 2015 12:54:29 下午 org.apache.catalina.startup.VersionLoggerListener log
信息: Command line argument: -Djava.io.tmpdir=D:\Workspaces\eclipse43\apache-tomcat7\temp
六月 23, 2015 12:54:29 下午 org.apache.catalina.core.AprLifecycleListener lifecycleEvent
信息: An older version 1.1.32 of the APR based Apache Tomcat Native library is installed, while Tomcat recommends a minimum version of 1.1.33
六月 23, 2015 12:54:29 下午 org.apache.catalina.core.AprLifecycleListener lifecycleEvent
信息: Loaded APR based Apache Tomcat Native library 1.1.32 using APR version 1.5.1.
六月 23, 2015 12:54:29 下午 org.apache.catalina.core.AprLifecycleListener lifecycleEvent
信息: APR capabilities: IPv6 [true], sendfile [true], accept filters [false], random [true].
六月 23, 2015 12:54:30 下午 org.apache.catalina.core.AprLifecycleListener initializeSSL
信息: OpenSSL successfully initialized (OpenSSL 1.0.1j 15 Oct 2014)
六月 23, 2015 12:54:30 下午 org.apache.coyote.AbstractProtocol init
信息: Initializing ProtocolHandler ["http-apr-8180"]
六月 23, 2015 12:54:30 下午 org.apache.coyote.AbstractProtocol init
信息: Initializing ProtocolHandler ["ajp-apr-8109"]
六月 23, 2015 12:54:30 下午 org.apache.catalina.startup.Catalina load
信息: Initialization processed in 1229 ms
六月 23, 2015 12:54:30 下午 org.apache.catalina.core.StandardService startInternal
信息: Starting service Catalina
六月 23, 2015 12:54:30 下午 org.apache.catalina.core.StandardEngine startInternal
信息: Starting Servlet Engine: Apache Tomcat/7.0.62
六月 23, 2015 12:54:30 下午 org.apache.catalina.startup.HostConfig deployWAR
信息: Deploying web application archive D:\Workspaces\eclipse43\apache-tomcat7\webapps\codetest.war
六月 23, 2015 12:54:31 下午 org.apache.catalina.startup.TldConfig execute
信息: At least one JAR was scanned for TLDs yet contained no TLDs. Enable debug logging for this logger for a complete list of JARs that were scanned but no TLDs were found in them. Skipping unneeded JARs during scanning can improve startup time and JSP compilation time.
六月 23, 2015 12:54:32 下午 org.apache.catalina.util.SessionIdGeneratorBase createSecureRandom
信息: Creation of SecureRandom instance for session ID generation using [SHA1PRNG] took [200] milliseconds.
六月 23, 2015 12:54:34 下午 org.apache.catalina.startup.HostConfig deployWAR
信息: Deployment of web application archive D:\Workspaces\eclipse43\apache-tomcat7\webapps\codetest.war has finished in 3,602 ms
六月 23, 2015 12:54:34 下午 org.apache.catalina.startup.HostConfig deployDirectory
信息: Deploying web application directory D:\Workspaces\eclipse43\apache-tomcat7\webapps\docs
六月 23, 2015 12:54:34 下午 org.apache.catalina.startup.HostConfig deployDirectory
信息: Deployment of web application directory D:\Workspaces\eclipse43\apache-tomcat7\webapps\docs has finished in 80 ms
六月 23, 2015 12:54:34 下午 org.apache.catalina.startup.HostConfig deployDirectory
信息: Deploying web application directory D:\Workspaces\eclipse43\apache-tomcat7\webapps\examples
六月 23, 2015 12:54:34 下午 org.apache.catalina.startup.HostConfig deployDirectory
信息: Deployment of web application directory D:\Workspaces\eclipse43\apache-tomcat7\webapps\examples has finished in 760 ms
六月 23, 2015 12:54:34 下午 org.apache.catalina.startup.HostConfig deployDirectory
信息: Deploying web application directory D:\Workspaces\eclipse43\apache-tomcat7\webapps\host-manager
六月 23, 2015 12:54:35 下午 org.apache.catalina.startup.HostConfig deployDirectory
信息: Deployment of web application directory D:\Workspaces\eclipse43\apache-tomcat7\webapps\host-manager has finished in 150 ms
六月 23, 2015 12:54:35 下午 org.apache.catalina.startup.HostConfig deployDirectory
信息: Deploying web application directory D:\Workspaces\eclipse43\apache-tomcat7\webapps\manager
六月 23, 2015 12:54:35 下午 org.apache.catalina.startup.HostConfig deployDirectory
信息: Deployment of web application directory D:\Workspaces\eclipse43\apache-tomcat7\webapps\manager has finished in 100 ms
六月 23, 2015 12:54:35 下午 org.apache.catalina.startup.HostConfig deployDirectory
信息: Deploying web application directory D:\Workspaces\eclipse43\apache-tomcat7\webapps\ROOT
六月 23, 2015 12:54:35 下午 org.apache.catalina.startup.HostConfig deployDirectory
信息: Deployment of web application directory D:\Workspaces\eclipse43\apache-tomcat7\webapps\ROOT has finished in 80 ms
六月 23, 2015 12:54:35 下午 org.apache.coyote.AbstractProtocol start
信息: Starting ProtocolHandler ["http-apr-8180"]
六月 23, 2015 12:54:35 下午 org.apache.coyote.AbstractProtocol start
信息: Starting ProtocolHandler ["ajp-apr-8109"]
六月 23, 2015 12:54:35 下午 org.apache.catalina.startup.Catalina start
信息: Server startup in 4866 ms
六月 23, 2015 12:54:48 下午 org.apache.coyote.AbstractProtocol pause
信息: Pausing ProtocolHandler ["http-apr-8180"]
六月 23, 2015 1:32:18 下午 org.apache.catalina.startup.VersionLoggerListener log
信息: Server version:        Apache Tomcat/7.0.62
六月 23, 2015 1:32:18 下午 org.apache.catalina.startup.VersionLoggerListener log
信息: Server built:          May 7 2015 17:14:55 UTC
六月 23, 2015 1:32:18 下午 org.apache.catalina.startup.VersionLoggerListener log
信息: Server number:         7.0.62.0
六月 23, 2015 1:32:18 下午 org.apache.catalina.startup.VersionLoggerListener log
信息: OS Name:               Windows 7
六月 23, 2015 1:32:18 下午 org.apache.catalina.startup.VersionLoggerListener log
信息: OS Version:            6.1
六月 23, 2015 1:32:18 下午 org.apache.catalina.startup.VersionLoggerListener log
信息: Architecture:          amd64
六月 23, 2015 1:32:18 下午 org.apache.catalina.startup.VersionLoggerListener log
信息: Java Home:             C:\Program Files\Java\jdk1.7.0_79\jre
六月 23, 2015 1:32:18 下午 org.apache.catalina.startup.VersionLoggerListener log
信息: JVM Version:           1.7.0_79-b15
六月 23, 2015 1:32:18 下午 org.apache.catalina.startup.VersionLoggerListener log
信息: JVM Vendor:            Oracle Corporation
六月 23, 2015 1:32:18 下午 org.apache.catalina.startup.VersionLoggerListener log
信息: CATALINA_BASE:         D:\Workspaces\eclipse43\apache-tomcat7
六月 23, 2015 1:32:18 下午 org.apache.catalina.startup.VersionLoggerListener log
信息: CATALINA_HOME:         D:\Workspaces\eclipse43\apache-tomcat7
六月 23, 2015 1:32:18 下午 org.apache.catalina.startup.VersionLoggerListener log
信息: Command line argument: -Djava.util.logging.config.file=D:\Workspaces\eclipse43\apache-tomcat7\conf\logging.properties
六月 23, 2015 1:32:18 下午 org.apache.catalina.startup.VersionLoggerListener log
信息: Command line argument: -Djava.util.logging.manager=org.apache.juli.ClassLoaderLogManager
六月 23, 2015 1:32:18 下午 org.apache.catalina.startup.VersionLoggerListener log
信息: Command line argument: -Djava.endorsed.dirs=D:\Workspaces\eclipse43\apache-tomcat7\endorsed
六月 23, 2015 1:32:18 下午 org.apache.catalina.startup.VersionLoggerListener log
信息: Command line argument: -Dcatalina.base=D:\Workspaces\eclipse43\apache-tomcat7
六月 23, 2015 1:32:18 下午 org.apache.catalina.startup.VersionLoggerListener log
信息: Command line argument: -Dcatalina.home=D:\Workspaces\eclipse43\apache-tomcat7
六月 23, 2015 1:32:18 下午 org.apache.catalina.startup.VersionLoggerListener log
信息: Command line argument: -Djava.io.tmpdir=D:\Workspaces\eclipse43\apache-tomcat7\temp
六月 23, 2015 1:32:18 下午 org.apache.catalina.core.AprLifecycleListener lifecycleEvent
信息: An older version 1.1.32 of the APR based Apache Tomcat Native library is installed, while Tomcat recommends a minimum version of 1.1.33
六月 23, 2015 1:32:18 下午 org.apache.catalina.core.AprLifecycleListener lifecycleEvent
信息: Loaded APR based Apache Tomcat Native library 1.1.32 using APR version 1.5.1.
六月 23, 2015 1:32:18 下午 org.apache.catalina.core.AprLifecycleListener lifecycleEvent
信息: APR capabilities: IPv6 [true], sendfile [true], accept filters [false], random [true].
六月 23, 2015 1:32:19 下午 org.apache.catalina.core.AprLifecycleListener initializeSSL
信息: OpenSSL successfully initialized (OpenSSL 1.0.1j 15 Oct 2014)
六月 23, 2015 1:32:19 下午 org.apache.coyote.AbstractProtocol init
信息: Initializing ProtocolHandler ["http-apr-8180"]
六月 23, 2015 1:32:19 下午 org.apache.coyote.AbstractProtocol init
信息: Initializing ProtocolHandler ["ajp-apr-8109"]
六月 23, 2015 1:32:19 下午 org.apache.catalina.startup.Catalina load
信息: Initialization processed in 1403 ms
六月 23, 2015 1:32:19 下午 org.apache.catalina.core.StandardService startInternal
信息: Starting service Catalina
六月 23, 2015 1:32:19 下午 org.apache.catalina.core.StandardEngine startInternal
信息: Starting Servlet Engine: Apache Tomcat/7.0.62
六月 23, 2015 1:32:19 下午 org.apache.catalina.startup.HostConfig deployWAR
信息: Deploying web application archive D:\Workspaces\eclipse43\apache-tomcat7\webapps\codetest.war
六月 23, 2015 1:32:21 下午 org.apache.catalina.startup.TldConfig execute
信息: At least one JAR was scanned for TLDs yet contained no TLDs. Enable debug logging for this logger for a complete list of JARs that were scanned but no TLDs were found in them. Skipping unneeded JARs during scanning can improve startup time and JSP compilation time.
六月 23, 2015 1:32:21 下午 org.apache.catalina.util.SessionIdGeneratorBase createSecureRandom
信息: Creation of SecureRandom instance for session ID generation using [SHA1PRNG] took [205] milliseconds.
六月 23, 2015 1:32:23 下午 org.apache.catalina.startup.HostConfig deployWAR
信息: Deployment of web application archive D:\Workspaces\eclipse43\apache-tomcat7\webapps\codetest.war has finished in 3,683 ms
六月 23, 2015 1:32:23 下午 org.apache.catalina.startup.HostConfig deployDirectory
信息: Deploying web application directory D:\Workspaces\eclipse43\apache-tomcat7\webapps\docs
六月 23, 2015 1:32:23 下午 org.apache.catalina.startup.HostConfig deployDirectory
信息: Deployment of web application directory D:\Workspaces\eclipse43\apache-tomcat7\webapps\docs has finished in 87 ms
六月 23, 2015 1:32:23 下午 org.apache.catalina.startup.HostConfig deployDirectory
信息: Deploying web application directory D:\Workspaces\eclipse43\apache-tomcat7\webapps\examples
六月 23, 2015 1:32:24 下午 org.apache.catalina.startup.HostConfig deployDirectory
信息: Deployment of web application directory D:\Workspaces\eclipse43\apache-tomcat7\webapps\examples has finished in 814 ms
六月 23, 2015 1:32:24 下午 org.apache.catalina.startup.HostConfig deployDirectory
信息: Deploying web application directory D:\Workspaces\eclipse43\apache-tomcat7\webapps\host-manager
六月 23, 2015 1:32:24 下午 org.apache.catalina.startup.HostConfig deployDirectory
信息: Deployment of web application directory D:\Workspaces\eclipse43\apache-tomcat7\webapps\host-manager has finished in 64 ms
六月 23, 2015 1:32:24 下午 org.apache.catalina.startup.HostConfig deployDirectory
信息: Deploying web application directory D:\Workspaces\eclipse43\apache-tomcat7\webapps\manager
六月 23, 2015 1:32:24 下午 org.apache.catalina.startup.HostConfig deployDirectory
信息: Deployment of web application directory D:\Workspaces\eclipse43\apache-tomcat7\webapps\manager has finished in 68 ms
六月 23, 2015 1:32:24 下午 org.apache.catalina.startup.HostConfig deployDirectory
信息: Deploying web application directory D:\Workspaces\eclipse43\apache-tomcat7\webapps\ROOT
六月 23, 2015 1:32:24 下午 org.apache.catalina.startup.HostConfig deployDirectory
信息: Deployment of web application directory D:\Workspaces\eclipse43\apache-tomcat7\webapps\ROOT has finished in 85 ms
六月 23, 2015 1:32:24 下午 org.apache.coyote.AbstractProtocol start
信息: Starting ProtocolHandler ["http-apr-8180"]
六月 23, 2015 1:32:24 下午 org.apache.coyote.AbstractProtocol start
信息: Starting ProtocolHandler ["ajp-apr-8109"]
六月 23, 2015 1:32:24 下午 org.apache.catalina.startup.Catalina start
信息: Server startup in 4920 ms
六月 23, 2015 1:34:53 下午 org.apache.catalina.startup.VersionLoggerListener log
信息: Server version:        Apache Tomcat/7.0.62
六月 23, 2015 1:34:53 下午 org.apache.catalina.startup.VersionLoggerListener log
信息: Server built:          May 7 2015 17:14:55 UTC
六月 23, 2015 1:34:53 下午 org.apache.catalina.startup.VersionLoggerListener log
信息: Server number:         7.0.62.0
六月 23, 2015 1:34:53 下午 org.apache.catalina.startup.VersionLoggerListener log
信息: OS Name:               Windows 7
六月 23, 2015 1:34:53 下午 org.apache.catalina.startup.VersionLoggerListener log
信息: OS Version:            6.1
六月 23, 2015 1:34:53 下午 org.apache.catalina.startup.VersionLoggerListener log
信息: Architecture:          amd64
六月 23, 2015 1:34:53 下午 org.apache.catalina.startup.VersionLoggerListener log
信息: Java Home:             C:\Program Files\Java\jdk1.7.0_79\jre
六月 23, 2015 1:34:53 下午 org.apache.catalina.startup.VersionLoggerListener log
信息: JVM Version:           1.7.0_79-b15
六月 23, 2015 1:34:53 下午 org.apache.catalina.startup.VersionLoggerListener log
信息: JVM Vendor:            Oracle Corporation
六月 23, 2015 1:34:53 下午 org.apache.catalina.startup.VersionLoggerListener log
信息: CATALINA_BASE:         D:\Workspaces\eclipse43\apache-tomcat7
六月 23, 2015 1:34:53 下午 org.apache.catalina.startup.VersionLoggerListener log
信息: CATALINA_HOME:         D:\Workspaces\eclipse43\apache-tomcat7
六月 23, 2015 1:34:53 下午 org.apache.catalina.startup.VersionLoggerListener log
信息: Command line argument: -Djava.util.logging.config.file=D:\Workspaces\eclipse43\apache-tomcat7\conf\logging.properties
六月 23, 2015 1:34:53 下午 org.apache.catalina.startup.VersionLoggerListener log
信息: Command line argument: -Djava.util.logging.manager=org.apache.juli.ClassLoaderLogManager
六月 23, 2015 1:34:53 下午 org.apache.catalina.startup.VersionLoggerListener log
信息: Command line argument: -Djava.endorsed.dirs=D:\Workspaces\eclipse43\apache-tomcat7\endorsed
六月 23, 2015 1:34:53 下午 org.apache.catalina.startup.VersionLoggerListener log
信息: Command line argument: -Dcatalina.base=D:\Workspaces\eclipse43\apache-tomcat7
六月 23, 2015 1:34:53 下午 org.apache.catalina.startup.VersionLoggerListener log
信息: Command line argument: -Dcatalina.home=D:\Workspaces\eclipse43\apache-tomcat7
六月 23, 2015 1:34:53 下午 org.apache.catalina.startup.VersionLoggerListener log
信息: Command line argument: -Djava.io.tmpdir=D:\Workspaces\eclipse43\apache-tomcat7\temp
六月 23, 2015 1:34:53 下午 org.apache.catalina.core.AprLifecycleListener lifecycleEvent
信息: An older version 1.1.32 of the APR based Apache Tomcat Native library is installed, while Tomcat recommends a minimum version of 1.1.33
六月 23, 2015 1:34:53 下午 org.apache.catalina.core.AprLifecycleListener lifecycleEvent
信息: Loaded APR based Apache Tomcat Native library 1.1.32 using APR version 1.5.1.
六月 23, 2015 1:34:53 下午 org.apache.catalina.core.AprLifecycleListener lifecycleEvent
信息: APR capabilities: IPv6 [true], sendfile [true], accept filters [false], random [true].
六月 23, 2015 1:34:53 下午 org.apache.catalina.core.AprLifecycleListener initializeSSL
信息: OpenSSL successfully initialized (OpenSSL 1.0.1j 15 Oct 2014)
六月 23, 2015 1:34:54 下午 org.apache.coyote.AbstractProtocol init
信息: Initializing ProtocolHandler ["http-apr-8180"]
六月 23, 2015 1:34:54 下午 org.apache.coyote.AbstractProtocol init
信息: Initializing ProtocolHandler ["ajp-apr-8109"]
六月 23, 2015 1:34:54 下午 org.apache.catalina.startup.Catalina load
信息: Initialization processed in 1247 ms
六月 23, 2015 1:34:54 下午 org.apache.catalina.core.StandardService startInternal
信息: Starting service Catalina
六月 23, 2015 1:34:54 下午 org.apache.catalina.core.StandardEngine startInternal
信息: Starting Servlet Engine: Apache Tomcat/7.0.62
六月 23, 2015 1:34:54 下午 org.apache.catalina.startup.HostConfig deployWAR
信息: Deploying web application archive D:\Workspaces\eclipse43\apache-tomcat7\webapps\codetest.war
六月 23, 2015 1:34:55 下午 org.apache.catalina.startup.TldConfig execute
信息: At least one JAR was scanned for TLDs yet contained no TLDs. Enable debug logging for this logger for a complete list of JARs that were scanned but no TLDs were found in them. Skipping unneeded JARs during scanning can improve startup time and JSP compilation time.
六月 23, 2015 1:34:56 下午 org.apache.catalina.util.SessionIdGeneratorBase createSecureRandom
信息: Creation of SecureRandom instance for session ID generation using [SHA1PRNG] took [211] milliseconds.
六月 23, 2015 1:34:57 下午 org.apache.catalina.startup.HostConfig deployWAR
信息: Deployment of web application archive D:\Workspaces\eclipse43\apache-tomcat7\webapps\codetest.war has finished in 3,565 ms
六月 23, 2015 1:34:57 下午 org.apache.catalina.startup.HostConfig deployDirectory
信息: Deploying web application directory D:\Workspaces\eclipse43\apache-tomcat7\webapps\docs
六月 23, 2015 1:34:57 下午 org.apache.catalina.startup.HostConfig deployDirectory
信息: Deployment of web application directory D:\Workspaces\eclipse43\apache-tomcat7\webapps\docs has finished in 57 ms
六月 23, 2015 1:34:57 下午 org.apache.catalina.startup.HostConfig deployDirectory
信息: Deploying web application directory D:\Workspaces\eclipse43\apache-tomcat7\webapps\examples
六月 23, 2015 1:34:58 下午 org.apache.catalina.startup.HostConfig deployDirectory
信息: Deployment of web application directory D:\Workspaces\eclipse43\apache-tomcat7\webapps\examples has finished in 299 ms
六月 23, 2015 1:34:58 下午 org.apache.catalina.startup.HostConfig deployDirectory
信息: Deploying web application directory D:\Workspaces\eclipse43\apache-tomcat7\webapps\host-manager
六月 23, 2015 1:34:58 下午 org.apache.catalina.startup.HostConfig deployDirectory
信息: Deployment of web application directory D:\Workspaces\eclipse43\apache-tomcat7\webapps\host-manager has finished in 70 ms
六月 23, 2015 1:34:58 下午 org.apache.catalina.startup.HostConfig deployDirectory
信息: Deploying web application directory D:\Workspaces\eclipse43\apache-tomcat7\webapps\manager
六月 23, 2015 1:34:58 下午 org.apache.catalina.startup.HostConfig deployDirectory
信息: Deployment of web application directory D:\Workspaces\eclipse43\apache-tomcat7\webapps\manager has finished in 62 ms
六月 23, 2015 1:34:58 下午 org.apache.catalina.startup.HostConfig deployDirectory
信息: Deploying web application directory D:\Workspaces\eclipse43\apache-tomcat7\webapps\ROOT
六月 23, 2015 1:34:58 下午 org.apache.catalina.startup.HostConfig deployDirectory
信息: Deployment of web application directory D:\Workspaces\eclipse43\apache-tomcat7\webapps\ROOT has finished in 54 ms
六月 23, 2015 1:34:58 下午 org.apache.coyote.AbstractProtocol start
信息: Starting ProtocolHandler ["http-apr-8180"]
六月 23, 2015 1:34:58 下午 org.apache.coyote.AbstractProtocol start
信息: Starting ProtocolHandler ["ajp-apr-8109"]
六月 23, 2015 1:34:58 下午 org.apache.catalina.startup.Catalina start
信息: Server startup in 4204 ms
六月 23, 2015 2:38:35 下午 org.apache.catalina.startup.VersionLoggerListener log
信息: Server version:        Apache Tomcat/7.0.62
六月 23, 2015 2:38:35 下午 org.apache.catalina.startup.VersionLoggerListener log
信息: Server built:          May 7 2015 17:14:55 UTC
六月 23, 2015 2:38:35 下午 org.apache.catalina.startup.VersionLoggerListener log
信息: Server number:         7.0.62.0
六月 23, 2015 2:38:35 下午 org.apache.catalina.startup.VersionLoggerListener log
信息: OS Name:               Windows 7
六月 23, 2015 2:38:35 下午 org.apache.catalina.startup.VersionLoggerListener log
信息: OS Version:            6.1
六月 23, 2015 2:38:35 下午 org.apache.catalina.startup.VersionLoggerListener log
信息: Architecture:          amd64
六月 23, 2015 2:38:35 下午 org.apache.catalina.startup.VersionLoggerListener log
信息: Java Home:             C:\Program Files\Java\jdk1.7.0_79\jre
六月 23, 2015 2:38:35 下午 org.apache.catalina.startup.VersionLoggerListener log
信息: JVM Version:           1.7.0_79-b15
六月 23, 2015 2:38:35 下午 org.apache.catalina.startup.VersionLoggerListener log
信息: JVM Vendor:            Oracle Corporation
六月 23, 2015 2:38:35 下午 org.apache.catalina.startup.VersionLoggerListener log
信息: CATALINA_BASE:         D:\Workspaces\eclipse43\apache-tomcat7
六月 23, 2015 2:38:35 下午 org.apache.catalina.startup.VersionLoggerListener log
信息: CATALINA_HOME:         D:\Workspaces\eclipse43\apache-tomcat7
六月 23, 2015 2:38:35 下午 org.apache.catalina.startup.VersionLoggerListener log
信息: Command line argument: -Djava.util.logging.config.file=D:\Workspaces\eclipse43\apache-tomcat7\conf\logging.properties
六月 23, 2015 2:38:35 下午 org.apache.catalina.startup.VersionLoggerListener log
信息: Command line argument: -Djava.util.logging.manager=org.apache.juli.ClassLoaderLogManager
六月 23, 2015 2:38:35 下午 org.apache.catalina.startup.VersionLoggerListener log
信息: Command line argument: -Djava.endorsed.dirs=D:\Workspaces\eclipse43\apache-tomcat7\endorsed
六月 23, 2015 2:38:35 下午 org.apache.catalina.startup.VersionLoggerListener log
信息: Command line argument: -Dcatalina.base=D:\Workspaces\eclipse43\apache-tomcat7
六月 23, 2015 2:38:35 下午 org.apache.catalina.startup.VersionLoggerListener log
信息: Command line argument: -Dcatalina.home=D:\Workspaces\eclipse43\apache-tomcat7
六月 23, 2015 2:38:35 下午 org.apache.catalina.startup.VersionLoggerListener log
信息: Command line argument: -Djava.io.tmpdir=D:\Workspaces\eclipse43\apache-tomcat7\temp
六月 23, 2015 2:38:35 下午 org.apache.catalina.core.AprLifecycleListener lifecycleEvent
信息: An older version 1.1.32 of the APR based Apache Tomcat Native library is installed, while Tomcat recommends a minimum version of 1.1.33
六月 23, 2015 2:38:35 下午 org.apache.catalina.core.AprLifecycleListener lifecycleEvent
信息: Loaded APR based Apache Tomcat Native library 1.1.32 using APR version 1.5.1.
六月 23, 2015 2:38:35 下午 org.apache.catalina.core.AprLifecycleListener lifecycleEvent
信息: APR capabilities: IPv6 [true], sendfile [true], accept filters [false], random [true].
六月 23, 2015 2:38:36 下午 org.apache.catalina.core.AprLifecycleListener initializeSSL
信息: OpenSSL successfully initialized (OpenSSL 1.0.1j 15 Oct 2014)
六月 23, 2015 2:38:36 下午 org.apache.coyote.AbstractProtocol init
信息: Initializing ProtocolHandler ["http-apr-8180"]
六月 23, 2015 2:38:36 下午 org.apache.coyote.AbstractProtocol init
信息: Initializing ProtocolHandler ["ajp-apr-8109"]
六月 23, 2015 2:38:36 下午 org.apache.catalina.startup.Catalina load
信息: Initialization processed in 1257 ms
六月 23, 2015 2:38:36 下午 org.apache.catalina.core.StandardService startInternal
信息: Starting service Catalina
六月 23, 2015 2:38:36 下午 org.apache.catalina.core.StandardEngine startInternal
信息: Starting Servlet Engine: Apache Tomcat/7.0.62
六月 23, 2015 2:38:36 下午 org.apache.catalina.startup.HostConfig deployWAR
信息: Deploying web application archive D:\Workspaces\eclipse43\apache-tomcat7\webapps\codetest.war
六月 23, 2015 2:38:37 下午 org.apache.catalina.startup.TldConfig execute
信息: At least one JAR was scanned for TLDs yet contained no TLDs. Enable debug logging for this logger for a complete list of JARs that were scanned but no TLDs were found in them. Skipping unneeded JARs during scanning can improve startup time and JSP compilation time.
六月 23, 2015 2:38:38 下午 org.apache.catalina.util.SessionIdGeneratorBase createSecureRandom
信息: Creation of SecureRandom instance for session ID generation using [SHA1PRNG] took [239] milliseconds.
六月 23, 2015 2:38:39 下午 org.apache.catalina.startup.HostConfig deployWAR
信息: Deployment of web application archive D:\Workspaces\eclipse43\apache-tomcat7\webapps\codetest.war has finished in 3,523 ms
六月 23, 2015 2:38:39 下午 org.apache.catalina.startup.HostConfig deployDirectory
信息: Deploying web application directory D:\Workspaces\eclipse43\apache-tomcat7\webapps\docs
六月 23, 2015 2:38:40 下午 org.apache.catalina.startup.HostConfig deployDirectory
信息: Deployment of web application directory D:\Workspaces\eclipse43\apache-tomcat7\webapps\docs has finished in 61 ms
六月 23, 2015 2:38:40 下午 org.apache.catalina.startup.HostConfig deployDirectory
信息: Deploying web application directory D:\Workspaces\eclipse43\apache-tomcat7\webapps\examples
六月 23, 2015 2:38:40 下午 org.apache.catalina.startup.HostConfig deployDirectory
信息: Deployment of web application directory D:\Workspaces\eclipse43\apache-tomcat7\webapps\examples has finished in 254 ms
六月 23, 2015 2:38:40 下午 org.apache.catalina.startup.HostConfig deployDirectory
信息: Deploying web application directory D:\Workspaces\eclipse43\apache-tomcat7\webapps\host-manager
六月 23, 2015 2:38:40 下午 org.apache.catalina.startup.HostConfig deployDirectory
信息: Deployment of web application directory D:\Workspaces\eclipse43\apache-tomcat7\webapps\host-manager has finished in 71 ms
六月 23, 2015 2:38:40 下午 org.apache.catalina.startup.HostConfig deployDirectory
信息: Deploying web application directory D:\Workspaces\eclipse43\apache-tomcat7\webapps\manager
六月 23, 2015 2:38:40 下午 org.apache.catalina.startup.HostConfig deployDirectory
信息: Deployment of web application directory D:\Workspaces\eclipse43\apache-tomcat7\webapps\manager has finished in 66 ms
六月 23, 2015 2:38:40 下午 org.apache.catalina.startup.HostConfig deployDirectory
信息: Deploying web application directory D:\Workspaces\eclipse43\apache-tomcat7\webapps\ROOT
六月 23, 2015 2:38:40 下午 org.apache.catalina.startup.HostConfig deployDirectory
信息: Deployment of web application directory D:\Workspaces\eclipse43\apache-tomcat7\webapps\ROOT has finished in 52 ms
六月 23, 2015 2:38:40 下午 org.apache.coyote.AbstractProtocol start
信息: Starting ProtocolHandler ["http-apr-8180"]
六月 23, 2015 2:38:40 下午 org.apache.coyote.AbstractProtocol start
信息: Starting ProtocolHandler ["ajp-apr-8109"]
六月 23, 2015 2:38:40 下午 org.apache.catalina.startup.Catalina start
信息: Server startup in 4125 ms
六月 23, 2015 2:39:56 下午 org.apache.catalina.startup.VersionLoggerListener log
信息: Server version:        Apache Tomcat/7.0.62
六月 23, 2015 2:39:56 下午 org.apache.catalina.startup.VersionLoggerListener log
信息: Server built:          May 7 2015 17:14:55 UTC
六月 23, 2015 2:39:56 下午 org.apache.catalina.startup.VersionLoggerListener log
信息: Server number:         7.0.62.0
六月 23, 2015 2:39:56 下午 org.apache.catalina.startup.VersionLoggerListener log
信息: OS Name:               Windows 7
六月 23, 2015 2:39:56 下午 org.apache.catalina.startup.VersionLoggerListener log
信息: OS Version:            6.1
六月 23, 2015 2:39:56 下午 org.apache.catalina.startup.VersionLoggerListener log
信息: Architecture:          amd64
六月 23, 2015 2:39:56 下午 org.apache.catalina.startup.VersionLoggerListener log
信息: Java Home:             C:\Program Files\Java\jdk1.7.0_79\jre
六月 23, 2015 2:39:56 下午 org.apache.catalina.startup.VersionLoggerListener log
信息: JVM Version:           1.7.0_79-b15
六月 23, 2015 2:39:56 下午 org.apache.catalina.startup.VersionLoggerListener log
信息: JVM Vendor:            Oracle Corporation
六月 23, 2015 2:39:56 下午 org.apache.catalina.startup.VersionLoggerListener log
信息: CATALINA_BASE:         D:\Workspaces\eclipse43\apache-tomcat7
六月 23, 2015 2:39:56 下午 org.apache.catalina.startup.VersionLoggerListener log
信息: CATALINA_HOME:         D:\Workspaces\eclipse43\apache-tomcat7
六月 23, 2015 2:39:56 下午 org.apache.catalina.startup.VersionLoggerListener log
信息: Command line argument: -Djava.util.logging.config.file=D:\Workspaces\eclipse43\apache-tomcat7\conf\logging.properties
六月 23, 2015 2:39:56 下午 org.apache.catalina.startup.VersionLoggerListener log
信息: Command line argument: -Djava.util.logging.manager=org.apache.juli.ClassLoaderLogManager
六月 23, 2015 2:39:56 下午 org.apache.catalina.startup.VersionLoggerListener log
信息: Command line argument: -Djava.endorsed.dirs=D:\Workspaces\eclipse43\apache-tomcat7\endorsed
六月 23, 2015 2:39:56 下午 org.apache.catalina.startup.VersionLoggerListener log
信息: Command line argument: -Dcatalina.base=D:\Workspaces\eclipse43\apache-tomcat7
六月 23, 2015 2:39:56 下午 org.apache.catalina.startup.VersionLoggerListener log
信息: Command line argument: -Dcatalina.home=D:\Workspaces\eclipse43\apache-tomcat7
六月 23, 2015 2:39:56 下午 org.apache.catalina.startup.VersionLoggerListener log
信息: Command line argument: -Djava.io.tmpdir=D:\Workspaces\eclipse43\apache-tomcat7\temp
六月 23, 2015 2:39:56 下午 org.apache.catalina.core.AprLifecycleListener lifecycleEvent
信息: An older version 1.1.32 of the APR based Apache Tomcat Native library is installed, while Tomcat recommends a minimum version of 1.1.33
六月 23, 2015 2:39:56 下午 org.apache.catalina.core.AprLifecycleListener lifecycleEvent
信息: Loaded APR based Apache Tomcat Native library 1.1.32 using APR version 1.5.1.
六月 23, 2015 2:39:57 下午 org.apache.catalina.core.AprLifecycleListener lifecycleEvent
信息: APR capabilities: IPv6 [true], sendfile [true], accept filters [false], random [true].
六月 23, 2015 2:39:57 下午 org.apache.catalina.core.AprLifecycleListener initializeSSL
信息: OpenSSL successfully initialized (OpenSSL 1.0.1j 15 Oct 2014)
六月 23, 2015 2:39:57 下午 org.apache.coyote.AbstractProtocol init
信息: Initializing ProtocolHandler ["http-apr-8180"]
六月 23, 2015 2:39:57 下午 org.apache.coyote.AbstractProtocol init
信息: Initializing ProtocolHandler ["ajp-apr-8109"]
六月 23, 2015 2:39:57 下午 org.apache.catalina.startup.Catalina load
信息: Initialization processed in 1240 ms
六月 23, 2015 2:39:57 下午 org.apache.catalina.core.StandardService startInternal
信息: Starting service Catalina
六月 23, 2015 2:39:57 下午 org.apache.catalina.core.StandardEngine startInternal
信息: Starting Servlet Engine: Apache Tomcat/7.0.62
六月 23, 2015 2:39:57 下午 org.apache.catalina.startup.HostConfig deployWAR
信息: Deploying web application archive D:\Workspaces\eclipse43\apache-tomcat7\webapps\codetest.war
六月 23, 2015 2:39:59 下午 org.apache.catalina.startup.TldConfig execute
信息: At least one JAR was scanned for TLDs yet contained no TLDs. Enable debug logging for this logger for a complete list of JARs that were scanned but no TLDs were found in them. Skipping unneeded JARs during scanning can improve startup time and JSP compilation time.
六月 23, 2015 2:39:59 下午 org.apache.catalina.util.SessionIdGeneratorBase createSecureRandom
信息: Creation of SecureRandom instance for session ID generation using [SHA1PRNG] took [210] milliseconds.
六月 23, 2015 2:40:01 下午 org.apache.catalina.startup.HostConfig deployWAR
信息: Deployment of web application archive D:\Workspaces\eclipse43\apache-tomcat7\webapps\codetest.war has finished in 3,623 ms
六月 23, 2015 2:40:01 下午 org.apache.catalina.startup.HostConfig deployDirectory
信息: Deploying web application directory D:\Workspaces\eclipse43\apache-tomcat7\webapps\docs
六月 23, 2015 2:40:01 下午 org.apache.catalina.startup.HostConfig deployDirectory
信息: Deployment of web application directory D:\Workspaces\eclipse43\apache-tomcat7\webapps\docs has finished in 51 ms
六月 23, 2015 2:40:01 下午 org.apache.catalina.startup.HostConfig deployDirectory
信息: Deploying web application directory D:\Workspaces\eclipse43\apache-tomcat7\webapps\examples
六月 23, 2015 2:40:01 下午 org.apache.catalina.startup.HostConfig deployDirectory
信息: Deployment of web application directory D:\Workspaces\eclipse43\apache-tomcat7\webapps\examples has finished in 264 ms
六月 23, 2015 2:40:01 下午 org.apache.catalina.startup.HostConfig deployDirectory
信息: Deploying web application directory D:\Workspaces\eclipse43\apache-tomcat7\webapps\host-manager
六月 23, 2015 2:40:01 下午 org.apache.catalina.startup.HostConfig deployDirectory
信息: Deployment of web application directory D:\Workspaces\eclipse43\apache-tomcat7\webapps\host-manager has finished in 75 ms
六月 23, 2015 2:40:01 下午 org.apache.catalina.startup.HostConfig deployDirectory
信息: Deploying web application directory D:\Workspaces\eclipse43\apache-tomcat7\webapps\manager
六月 23, 2015 2:40:01 下午 org.apache.catalina.startup.HostConfig deployDirectory
信息: Deployment of web application directory D:\Workspaces\eclipse43\apache-tomcat7\webapps\manager has finished in 72 ms
六月 23, 2015 2:40:01 下午 org.apache.catalina.startup.HostConfig deployDirectory
信息: Deploying web application directory D:\Workspaces\eclipse43\apache-tomcat7\webapps\ROOT
六月 23, 2015 2:40:01 下午 org.apache.catalina.startup.HostConfig deployDirectory
信息: Deployment of web application directory D:\Workspaces\eclipse43\apache-tomcat7\webapps\ROOT has finished in 54 ms
六月 23, 2015 2:40:01 下午 org.apache.coyote.AbstractProtocol start
信息: Starting ProtocolHandler ["http-apr-8180"]
六月 23, 2015 2:40:01 下午 org.apache.coyote.AbstractProtocol start
信息: Starting ProtocolHandler ["ajp-apr-8109"]
六月 23, 2015 2:40:01 下午 org.apache.catalina.startup.Catalina start
信息: Server startup in 4239 ms
六月 23, 2015 2:45:15 下午 org.apache.catalina.startup.VersionLoggerListener log
信息: Server version:        Apache Tomcat/7.0.62
六月 23, 2015 2:45:15 下午 org.apache.catalina.startup.VersionLoggerListener log
信息: Server built:          May 7 2015 17:14:55 UTC
六月 23, 2015 2:45:15 下午 org.apache.catalina.startup.VersionLoggerListener log
信息: Server number:         7.0.62.0
六月 23, 2015 2:45:15 下午 org.apache.catalina.startup.VersionLoggerListener log
信息: OS Name:               Windows 7
六月 23, 2015 2:45:15 下午 org.apache.catalina.startup.VersionLoggerListener log
信息: OS Version:            6.1
六月 23, 2015 2:45:15 下午 org.apache.catalina.startup.VersionLoggerListener log
信息: Architecture:          amd64
六月 23, 2015 2:45:15 下午 org.apache.catalina.startup.VersionLoggerListener log
信息: Java Home:             C:\Program Files\Java\jdk1.7.0_79\jre
六月 23, 2015 2:45:15 下午 org.apache.catalina.startup.VersionLoggerListener log
信息: JVM Version:           1.7.0_79-b15
六月 23, 2015 2:45:15 下午 org.apache.catalina.startup.VersionLoggerListener log
信息: JVM Vendor:            Oracle Corporation
六月 23, 2015 2:45:15 下午 org.apache.catalina.startup.VersionLoggerListener log
信息: CATALINA_BASE:         D:\Workspaces\eclipse43\apache-tomcat7
六月 23, 2015 2:45:15 下午 org.apache.catalina.startup.VersionLoggerListener log
信息: CATALINA_HOME:         D:\Workspaces\eclipse43\apache-tomcat7
六月 23, 2015 2:45:15 下午 org.apache.catalina.startup.VersionLoggerListener log
信息: Command line argument: -Djava.util.logging.config.file=D:\Workspaces\eclipse43\apache-tomcat7\conf\logging.properties
六月 23, 2015 2:45:15 下午 org.apache.catalina.startup.VersionLoggerListener log
信息: Command line argument: -Djava.util.logging.manager=org.apache.juli.ClassLoaderLogManager
六月 23, 2015 2:45:15 下午 org.apache.catalina.startup.VersionLoggerListener log
信息: Command line argument: -Djava.endorsed.dirs=D:\Workspaces\eclipse43\apache-tomcat7\endorsed
六月 23, 2015 2:45:15 下午 org.apache.catalina.startup.VersionLoggerListener log
信息: Command line argument: -Dcatalina.base=D:\Workspaces\eclipse43\apache-tomcat7
六月 23, 2015 2:45:15 下午 org.apache.catalina.startup.VersionLoggerListener log
信息: Command line argument: -Dcatalina.home=D:\Workspaces\eclipse43\apache-tomcat7
六月 23, 2015 2:45:15 下午 org.apache.catalina.startup.VersionLoggerListener log
信息: Command line argument: -Djava.io.tmpdir=D:\Workspaces\eclipse43\apache-tomcat7\temp
六月 23, 2015 2:45:15 下午 org.apache.catalina.core.AprLifecycleListener lifecycleEvent
信息: An older version 1.1.32 of the APR based Apache Tomcat Native library is installed, while Tomcat recommends a minimum version of 1.1.33
六月 23, 2015 2:45:15 下午 org.apache.catalina.core.AprLifecycleListener lifecycleEvent
信息: Loaded APR based Apache Tomcat Native library 1.1.32 using APR version 1.5.1.
六月 23, 2015 2:45:15 下午 org.apache.catalina.core.AprLifecycleListener lifecycleEvent
信息: APR capabilities: IPv6 [true], sendfile [true], accept filters [false], random [true].
六月 23, 2015 2:45:16 下午 org.apache.catalina.core.AprLifecycleListener initializeSSL
信息: OpenSSL successfully initialized (OpenSSL 1.0.1j 15 Oct 2014)
六月 23, 2015 2:45:16 下午 org.apache.coyote.AbstractProtocol init
信息: Initializing ProtocolHandler ["http-apr-8180"]
六月 23, 2015 2:45:16 下午 org.apache.coyote.AbstractProtocol init
信息: Initializing ProtocolHandler ["ajp-apr-8109"]
六月 23, 2015 2:45:16 下午 org.apache.catalina.startup.Catalina load
信息: Initialization processed in 1240 ms
六月 23, 2015 2:45:16 下午 org.apache.catalina.core.StandardService startInternal
信息: Starting service Catalina
六月 23, 2015 2:45:16 下午 org.apache.catalina.core.StandardEngine startInternal
信息: Starting Servlet Engine: Apache Tomcat/7.0.62
六月 23, 2015 2:45:16 下午 org.apache.catalina.startup.HostConfig deployWAR
信息: Deploying web application archive D:\Workspaces\eclipse43\apache-tomcat7\webapps\codetest.war
六月 23, 2015 2:45:18 下午 org.apache.catalina.startup.TldConfig execute
信息: At least one JAR was scanned for TLDs yet contained no TLDs. Enable debug logging for this logger for a complete list of JARs that were scanned but no TLDs were found in them. Skipping unneeded JARs during scanning can improve startup time and JSP compilation time.
六月 23, 2015 2:45:18 下午 org.apache.catalina.util.SessionIdGeneratorBase createSecureRandom
信息: Creation of SecureRandom instance for session ID generation using [SHA1PRNG] took [197] milliseconds.
六月 23, 2015 2:45:20 下午 org.apache.catalina.startup.HostConfig deployWAR
信息: Deployment of web application archive D:\Workspaces\eclipse43\apache-tomcat7\webapps\codetest.war has finished in 3,434 ms
六月 23, 2015 2:45:20 下午 org.apache.catalina.startup.HostConfig deployDirectory
信息: Deploying web application directory D:\Workspaces\eclipse43\apache-tomcat7\webapps\docs
六月 23, 2015 2:45:20 下午 org.apache.catalina.startup.HostConfig deployDirectory
信息: Deployment of web application directory D:\Workspaces\eclipse43\apache-tomcat7\webapps\docs has finished in 50 ms
六月 23, 2015 2:45:20 下午 org.apache.catalina.startup.HostConfig deployDirectory
信息: Deploying web application directory D:\Workspaces\eclipse43\apache-tomcat7\webapps\examples
六月 23, 2015 2:45:20 下午 org.apache.catalina.startup.HostConfig deployDirectory
信息: Deployment of web application directory D:\Workspaces\eclipse43\apache-tomcat7\webapps\examples has finished in 237 ms
六月 23, 2015 2:45:20 下午 org.apache.catalina.startup.HostConfig deployDirectory
信息: Deploying web application directory D:\Workspaces\eclipse43\apache-tomcat7\webapps\host-manager
六月 23, 2015 2:45:20 下午 org.apache.catalina.startup.HostConfig deployDirectory
信息: Deployment of web application directory D:\Workspaces\eclipse43\apache-tomcat7\webapps\host-manager has finished in 55 ms
六月 23, 2015 2:45:20 下午 org.apache.catalina.startup.HostConfig deployDirectory
信息: Deploying web application directory D:\Workspaces\eclipse43\apache-tomcat7\webapps\manager
六月 23, 2015 2:45:20 下午 org.apache.catalina.startup.HostConfig deployDirectory
信息: Deployment of web application directory D:\Workspaces\eclipse43\apache-tomcat7\webapps\manager has finished in 83 ms
六月 23, 2015 2:45:20 下午 org.apache.catalina.startup.HostConfig deployDirectory
信息: Deploying web application directory D:\Workspaces\eclipse43\apache-tomcat7\webapps\ROOT
六月 23, 2015 2:45:20 下午 org.apache.catalina.startup.HostConfig deployDirectory
信息: Deployment of web application directory D:\Workspaces\eclipse43\apache-tomcat7\webapps\ROOT has finished in 60 ms
六月 23, 2015 2:45:20 下午 org.apache.coyote.AbstractProtocol start
信息: Starting ProtocolHandler ["http-apr-8180"]
六月 23, 2015 2:45:20 下午 org.apache.coyote.AbstractProtocol start
信息: Starting ProtocolHandler ["ajp-apr-8109"]
六月 23, 2015 2:45:20 下午 org.apache.catalina.startup.Catalina start
信息: Server startup in 4023 ms
六月 23, 2015 3:05:07 下午 org.apache.catalina.startup.VersionLoggerListener log
信息: Server version:        Apache Tomcat/7.0.62
六月 23, 2015 3:05:07 下午 org.apache.catalina.startup.VersionLoggerListener log
信息: Server built:          May 7 2015 17:14:55 UTC
六月 23, 2015 3:05:07 下午 org.apache.catalina.startup.VersionLoggerListener log
信息: Server number:         7.0.62.0
六月 23, 2015 3:05:07 下午 org.apache.catalina.startup.VersionLoggerListener log
信息: OS Name:               Windows 7
六月 23, 2015 3:05:07 下午 org.apache.catalina.startup.VersionLoggerListener log
信息: OS Version:            6.1
六月 23, 2015 3:05:07 下午 org.apache.catalina.startup.VersionLoggerListener log
信息: Architecture:          amd64
六月 23, 2015 3:05:07 下午 org.apache.catalina.startup.VersionLoggerListener log
信息: Java Home:             C:\Program Files\Java\jdk1.7.0_79\jre
六月 23, 2015 3:05:07 下午 org.apache.catalina.startup.VersionLoggerListener log
信息: JVM Version:           1.7.0_79-b15
六月 23, 2015 3:05:07 下午 org.apache.catalina.startup.VersionLoggerListener log
信息: JVM Vendor:            Oracle Corporation
六月 23, 2015 3:05:07 下午 org.apache.catalina.startup.VersionLoggerListener log
信息: CATALINA_BASE:         D:\Workspaces\eclipse43\apache-tomcat7
六月 23, 2015 3:05:07 下午 org.apache.catalina.startup.VersionLoggerListener log
信息: CATALINA_HOME:         D:\Workspaces\eclipse43\apache-tomcat7
六月 23, 2015 3:05:07 下午 org.apache.catalina.startup.VersionLoggerListener log
信息: Command line argument: -Djava.util.logging.config.file=D:\Workspaces\eclipse43\apache-tomcat7\conf\logging.properties
六月 23, 2015 3:05:07 下午 org.apache.catalina.startup.VersionLoggerListener log
信息: Command line argument: -Djava.util.logging.manager=org.apache.juli.ClassLoaderLogManager
六月 23, 2015 3:05:07 下午 org.apache.catalina.startup.VersionLoggerListener log
信息: Command line argument: -Djava.endorsed.dirs=D:\Workspaces\eclipse43\apache-tomcat7\endorsed
六月 23, 2015 3:05:07 下午 org.apache.catalina.startup.VersionLoggerListener log
信息: Command line argument: -Dcatalina.base=D:\Workspaces\eclipse43\apache-tomcat7
六月 23, 2015 3:05:07 下午 org.apache.catalina.startup.VersionLoggerListener log
信息: Command line argument: -Dcatalina.home=D:\Workspaces\eclipse43\apache-tomcat7
六月 23, 2015 3:05:07 下午 org.apache.catalina.startup.VersionLoggerListener log
信息: Command line argument: -Djava.io.tmpdir=D:\Workspaces\eclipse43\apache-tomcat7\temp
六月 23, 2015 3:05:07 下午 org.apache.catalina.core.AprLifecycleListener lifecycleEvent
信息: An older version 1.1.32 of the APR based Apache Tomcat Native library is installed, while Tomcat recommends a minimum version of 1.1.33
六月 23, 2015 3:05:07 下午 org.apache.catalina.core.AprLifecycleListener lifecycleEvent
信息: Loaded APR based Apache Tomcat Native library 1.1.32 using APR version 1.5.1.
六月 23, 2015 3:05:07 下午 org.apache.catalina.core.AprLifecycleListener lifecycleEvent
信息: APR capabilities: IPv6 [true], sendfile [true], accept filters [false], random [true].
六月 23, 2015 3:05:08 下午 org.apache.catalina.core.AprLifecycleListener initializeSSL
信息: OpenSSL successfully initialized (OpenSSL 1.0.1j 15 Oct 2014)
六月 23, 2015 3:05:08 下午 org.apache.coyote.AbstractProtocol init
信息: Initializing ProtocolHandler ["http-apr-8180"]
六月 23, 2015 3:05:08 下午 org.apache.coyote.AbstractProtocol init
信息: Initializing ProtocolHandler ["ajp-apr-8109"]
六月 23, 2015 3:05:08 下午 org.apache.catalina.startup.Catalina load
信息: Initialization processed in 1319 ms
六月 23, 2015 3:05:08 下午 org.apache.catalina.core.StandardService startInternal
信息: Starting service Catalina
六月 23, 2015 3:05:08 下午 org.apache.catalina.core.StandardEngine startInternal
信息: Starting Servlet Engine: Apache Tomcat/7.0.62
六月 23, 2015 3:05:08 下午 org.apache.catalina.startup.HostConfig deployWAR
信息: Deploying web application archive D:\Workspaces\eclipse43\apache-tomcat7\webapps\codetest.war
六月 23, 2015 3:05:10 下午 org.apache.catalina.startup.TldConfig execute
信息: At least one JAR was scanned for TLDs yet contained no TLDs. Enable debug logging for this logger for a complete list of JARs that were scanned but no TLDs were found in them. Skipping unneeded JARs during scanning can improve startup time and JSP compilation time.
六月 23, 2015 3:05:11 下午 org.apache.catalina.util.SessionIdGeneratorBase createSecureRandom
信息: Creation of SecureRandom instance for session ID generation using [SHA1PRNG] took [296] milliseconds.
六月 23, 2015 3:05:12 下午 org.apache.catalina.startup.HostConfig deployWAR
信息: Deployment of web application archive D:\Workspaces\eclipse43\apache-tomcat7\webapps\codetest.war has finished in 3,976 ms
六月 23, 2015 3:05:12 下午 org.apache.catalina.startup.HostConfig deployDirectory
信息: Deploying web application directory D:\Workspaces\eclipse43\apache-tomcat7\webapps\docs
六月 23, 2015 3:05:12 下午 org.apache.catalina.startup.HostConfig deployDirectory
信息: Deployment of web application directory D:\Workspaces\eclipse43\apache-tomcat7\webapps\docs has finished in 59 ms
六月 23, 2015 3:05:12 下午 org.apache.catalina.startup.HostConfig deployDirectory
信息: Deploying web application directory D:\Workspaces\eclipse43\apache-tomcat7\webapps\examples
六月 23, 2015 3:05:13 下午 org.apache.catalina.startup.HostConfig deployDirectory
信息: Deployment of web application directory D:\Workspaces\eclipse43\apache-tomcat7\webapps\examples has finished in 284 ms
六月 23, 2015 3:05:13 下午 org.apache.catalina.startup.HostConfig deployDirectory
信息: Deploying web application directory D:\Workspaces\eclipse43\apache-tomcat7\webapps\host-manager
六月 23, 2015 3:05:13 下午 org.apache.catalina.startup.HostConfig deployDirectory
信息: Deployment of web application directory D:\Workspaces\eclipse43\apache-tomcat7\webapps\host-manager has finished in 72 ms
六月 23, 2015 3:05:13 下午 org.apache.catalina.startup.HostConfig deployDirectory
信息: Deploying web application directory D:\Workspaces\eclipse43\apache-tomcat7\webapps\manager
六月 23, 2015 3:05:13 下午 org.apache.catalina.startup.HostConfig deployDirectory
信息: Deployment of web application directory D:\Workspaces\eclipse43\apache-tomcat7\webapps\manager has finished in 73 ms
六月 23, 2015 3:05:13 下午 org.apache.catalina.startup.HostConfig deployDirectory
信息: Deploying web application directory D:\Workspaces\eclipse43\apache-tomcat7\webapps\ROOT
六月 23, 2015 3:05:13 下午 org.apache.catalina.startup.HostConfig deployDirectory
信息: Deployment of web application directory D:\Workspaces\eclipse43\apache-tomcat7\webapps\ROOT has finished in 69 ms
六月 23, 2015 3:05:13 下午 org.apache.coyote.AbstractProtocol start
信息: Starting ProtocolHandler ["http-apr-8180"]
六月 23, 2015 3:05:13 下午 org.apache.coyote.AbstractProtocol start
信息: Starting ProtocolHandler ["ajp-apr-8109"]
六月 23, 2015 3:05:13 下午 org.apache.catalina.startup.Catalina start
信息: Server startup in 4645 ms
六月 23, 2015 3:09:28 下午 org.apache.catalina.startup.VersionLoggerListener log
信息: Server version:        Apache Tomcat/7.0.62
六月 23, 2015 3:09:28 下午 org.apache.catalina.startup.VersionLoggerListener log
信息: Server built:          May 7 2015 17:14:55 UTC
六月 23, 2015 3:09:28 下午 org.apache.catalina.startup.VersionLoggerListener log
信息: Server number:         7.0.62.0
六月 23, 2015 3:09:28 下午 org.apache.catalina.startup.VersionLoggerListener log
信息: OS Name:               Windows 7
六月 23, 2015 3:09:28 下午 org.apache.catalina.startup.VersionLoggerListener log
信息: OS Version:            6.1
六月 23, 2015 3:09:28 下午 org.apache.catalina.startup.VersionLoggerListener log
信息: Architecture:          amd64
六月 23, 2015 3:09:28 下午 org.apache.catalina.startup.VersionLoggerListener log
信息: Java Home:             C:\Program Files\Java\jdk1.7.0_79\jre
六月 23, 2015 3:09:28 下午 org.apache.catalina.startup.VersionLoggerListener log
信息: JVM Version:           1.7.0_79-b15
六月 23, 2015 3:09:28 下午 org.apache.catalina.startup.VersionLoggerListener log
信息: JVM Vendor:            Oracle Corporation
六月 23, 2015 3:09:28 下午 org.apache.catalina.startup.VersionLoggerListener log
信息: CATALINA_BASE:         D:\Workspaces\eclipse43\apache-tomcat7
六月 23, 2015 3:09:28 下午 org.apache.catalina.startup.VersionLoggerListener log
信息: CATALINA_HOME:         D:\Workspaces\eclipse43\apache-tomcat7
六月 23, 2015 3:09:28 下午 org.apache.catalina.startup.VersionLoggerListener log
信息: Command line argument: -Djava.util.logging.config.file=D:\Workspaces\eclipse43\apache-tomcat7\conf\logging.properties
六月 23, 2015 3:09:28 下午 org.apache.catalina.startup.VersionLoggerListener log
信息: Command line argument: -Djava.util.logging.manager=org.apache.juli.ClassLoaderLogManager
六月 23, 2015 3:09:28 下午 org.apache.catalina.startup.VersionLoggerListener log
信息: Command line argument: -Djava.endorsed.dirs=D:\Workspaces\eclipse43\apache-tomcat7\endorsed
六月 23, 2015 3:09:28 下午 org.apache.catalina.startup.VersionLoggerListener log
信息: Command line argument: -Dcatalina.base=D:\Workspaces\eclipse43\apache-tomcat7
六月 23, 2015 3:09:28 下午 org.apache.catalina.startup.VersionLoggerListener log
信息: Command line argument: -Dcatalina.home=D:\Workspaces\eclipse43\apache-tomcat7
六月 23, 2015 3:09:28 下午 org.apache.catalina.startup.VersionLoggerListener log
信息: Command line argument: -Djava.io.tmpdir=D:\Workspaces\eclipse43\apache-tomcat7\temp
六月 23, 2015 3:09:28 下午 org.apache.catalina.core.AprLifecycleListener lifecycleEvent
信息: An older version 1.1.32 of the APR based Apache Tomcat Native library is installed, while Tomcat recommends a minimum version of 1.1.33
六月 23, 2015 3:09:28 下午 org.apache.catalina.core.AprLifecycleListener lifecycleEvent
信息: Loaded APR based Apache Tomcat Native library 1.1.32 using APR version 1.5.1.
六月 23, 2015 3:09:28 下午 org.apache.catalina.core.AprLifecycleListener lifecycleEvent
信息: APR capabilities: IPv6 [true], sendfile [true], accept filters [false], random [true].
六月 23, 2015 3:09:28 下午 org.apache.catalina.core.AprLifecycleListener initializeSSL
信息: OpenSSL successfully initialized (OpenSSL 1.0.1j 15 Oct 2014)
六月 23, 2015 3:09:28 下午 org.apache.coyote.AbstractProtocol init
信息: Initializing ProtocolHandler ["http-apr-8180"]
六月 23, 2015 3:09:28 下午 org.apache.coyote.AbstractProtocol init
信息: Initializing ProtocolHandler ["ajp-apr-8109"]
六月 23, 2015 3:09:28 下午 org.apache.catalina.startup.Catalina load
信息: Initialization processed in 1228 ms
六月 23, 2015 3:09:28 下午 org.apache.catalina.core.StandardService startInternal
信息: Starting service Catalina
六月 23, 2015 3:09:28 下午 org.apache.catalina.core.StandardEngine startInternal
信息: Starting Servlet Engine: Apache Tomcat/7.0.62
六月 23, 2015 3:09:28 下午 org.apache.catalina.startup.HostConfig deployWAR
信息: Deploying web application archive D:\Workspaces\eclipse43\apache-tomcat7\webapps\codetest.war
六月 23, 2015 3:09:30 下午 org.apache.catalina.startup.TldConfig execute
信息: At least one JAR was scanned for TLDs yet contained no TLDs. Enable debug logging for this logger for a complete list of JARs that were scanned but no TLDs were found in them. Skipping unneeded JARs during scanning can improve startup time and JSP compilation time.
六月 23, 2015 3:09:31 下午 org.apache.catalina.util.SessionIdGeneratorBase createSecureRandom
信息: Creation of SecureRandom instance for session ID generation using [SHA1PRNG] took [215] milliseconds.
六月 23, 2015 3:09:32 下午 org.apache.catalina.startup.HostConfig deployWAR
信息: Deployment of web application archive D:\Workspaces\eclipse43\apache-tomcat7\webapps\codetest.war has finished in 3,543 ms
六月 23, 2015 3:09:32 下午 org.apache.catalina.startup.HostConfig deployDirectory
信息: Deploying web application directory D:\Workspaces\eclipse43\apache-tomcat7\webapps\docs
六月 23, 2015 3:09:32 下午 org.apache.catalina.startup.HostConfig deployDirectory
信息: Deployment of web application directory D:\Workspaces\eclipse43\apache-tomcat7\webapps\docs has finished in 55 ms
六月 23, 2015 3:09:32 下午 org.apache.catalina.startup.HostConfig deployDirectory
信息: Deploying web application directory D:\Workspaces\eclipse43\apache-tomcat7\webapps\examples
六月 23, 2015 3:09:32 下午 org.apache.catalina.startup.HostConfig deployDirectory
信息: Deployment of web application directory D:\Workspaces\eclipse43\apache-tomcat7\webapps\examples has finished in 270 ms
六月 23, 2015 3:09:32 下午 org.apache.catalina.startup.HostConfig deployDirectory
信息: Deploying web application directory D:\Workspaces\eclipse43\apache-tomcat7\webapps\host-manager
六月 23, 2015 3:09:32 下午 org.apache.catalina.startup.HostConfig deployDirectory
信息: Deployment of web application directory D:\Workspaces\eclipse43\apache-tomcat7\webapps\host-manager has finished in 83 ms
六月 23, 2015 3:09:32 下午 org.apache.catalina.startup.HostConfig deployDirectory
信息: Deploying web application directory D:\Workspaces\eclipse43\apache-tomcat7\webapps\manager
六月 23, 2015 3:09:32 下午 org.apache.catalina.startup.HostConfig deployDirectory
信息: Deployment of web application directory D:\Workspaces\eclipse43\apache-tomcat7\webapps\manager has finished in 67 ms
六月 23, 2015 3:09:32 下午 org.apache.catalina.startup.HostConfig deployDirectory
信息: Deploying web application directory D:\Workspaces\eclipse43\apache-tomcat7\webapps\ROOT
六月 23, 2015 3:09:32 下午 org.apache.catalina.startup.HostConfig deployDirectory
信息: Deployment of web application directory D:\Workspaces\eclipse43\apache-tomcat7\webapps\ROOT has finished in 55 ms
六月 23, 2015 3:09:33 下午 org.apache.coyote.AbstractProtocol start
信息: Starting ProtocolHandler ["http-apr-8180"]
六月 23, 2015 3:09:33 下午 org.apache.coyote.AbstractProtocol start
信息: Starting ProtocolHandler ["ajp-apr-8109"]
六月 23, 2015 3:09:33 下午 org.apache.catalina.startup.Catalina start
信息: Server startup in 4165 ms
六月 23, 2015 3:29:33 下午 org.apache.catalina.startup.VersionLoggerListener log
信息: Server version:        Apache Tomcat/7.0.62
六月 23, 2015 3:29:33 下午 org.apache.catalina.startup.VersionLoggerListener log
信息: Server built:          May 7 2015 17:14:55 UTC
六月 23, 2015 3:29:33 下午 org.apache.catalina.startup.VersionLoggerListener log
信息: Server number:         7.0.62.0
六月 23, 2015 3:29:33 下午 org.apache.catalina.startup.VersionLoggerListener log
信息: OS Name:               Windows 7
六月 23, 2015 3:29:33 下午 org.apache.catalina.startup.VersionLoggerListener log
信息: OS Version:            6.1
六月 23, 2015 3:29:33 下午 org.apache.catalina.startup.VersionLoggerListener log
信息: Architecture:          amd64
六月 23, 2015 3:29:33 下午 org.apache.catalina.startup.VersionLoggerListener log
信息: Java Home:             C:\Program Files\Java\jdk1.7.0_79\jre
六月 23, 2015 3:29:33 下午 org.apache.catalina.startup.VersionLoggerListener log
信息: JVM Version:           1.7.0_79-b15
六月 23, 2015 3:29:33 下午 org.apache.catalina.startup.VersionLoggerListener log
信息: JVM Vendor:            Oracle Corporation
六月 23, 2015 3:29:33 下午 org.apache.catalina.startup.VersionLoggerListener log
信息: CATALINA_BASE:         D:\Workspaces\eclipse43\apache-tomcat7
六月 23, 2015 3:29:33 下午 org.apache.catalina.startup.VersionLoggerListener log
信息: CATALINA_HOME:         D:\Workspaces\eclipse43\apache-tomcat7
六月 23, 2015 3:29:33 下午 org.apache.catalina.startup.VersionLoggerListener log
信息: Command line argument: -Djava.util.logging.config.file=D:\Workspaces\eclipse43\apache-tomcat7\conf\logging.properties
六月 23, 2015 3:29:33 下午 org.apache.catalina.startup.VersionLoggerListener log
信息: Command line argument: -Djava.util.logging.manager=org.apache.juli.ClassLoaderLogManager
六月 23, 2015 3:29:33 下午 org.apache.catalina.startup.VersionLoggerListener log
信息: Command line argument: -Djava.endorsed.dirs=D:\Workspaces\eclipse43\apache-tomcat7\endorsed
六月 23, 2015 3:29:33 下午 org.apache.catalina.startup.VersionLoggerListener log
信息: Command line argument: -Dcatalina.base=D:\Workspaces\eclipse43\apache-tomcat7
六月 23, 2015 3:29:33 下午 org.apache.catalina.startup.VersionLoggerListener log
信息: Command line argument: -Dcatalina.home=D:\Workspaces\eclipse43\apache-tomcat7
六月 23, 2015 3:29:33 下午 org.apache.catalina.startup.VersionLoggerListener log
信息: Command line argument: -Djava.io.tmpdir=D:\Workspaces\eclipse43\apache-tomcat7\temp
六月 23, 2015 3:29:33 下午 org.apache.catalina.core.AprLifecycleListener lifecycleEvent
信息: An older version 1.1.32 of the APR based Apache Tomcat Native library is installed, while Tomcat recommends a minimum version of 1.1.33
六月 23, 2015 3:29:33 下午 org.apache.catalina.core.AprLifecycleListener lifecycleEvent
信息: Loaded APR based Apache Tomcat Native library 1.1.32 using APR version 1.5.1.
六月 23, 2015 3:29:33 下午 org.apache.catalina.core.AprLifecycleListener lifecycleEvent
信息: APR capabilities: IPv6 [true], sendfile [true], accept filters [false], random [true].
六月 23, 2015 3:29:34 下午 org.apache.catalina.core.AprLifecycleListener initializeSSL
信息: OpenSSL successfully initialized (OpenSSL 1.0.1j 15 Oct 2014)
六月 23, 2015 3:29:34 下午 org.apache.coyote.AbstractProtocol init
信息: Initializing ProtocolHandler ["http-apr-8180"]
六月 23, 2015 3:29:34 下午 org.apache.coyote.AbstractProtocol init
信息: Initializing ProtocolHandler ["ajp-apr-8109"]
六月 23, 2015 3:29:34 下午 org.apache.catalina.startup.Catalina load
信息: Initialization processed in 1246 ms
六月 23, 2015 3:29:34 下午 org.apache.catalina.core.StandardService startInternal
信息: Starting service Catalina
六月 23, 2015 3:29:34 下午 org.apache.catalina.core.StandardEngine startInternal
信息: Starting Servlet Engine: Apache Tomcat/7.0.62
六月 23, 2015 3:29:34 下午 org.apache.catalina.startup.HostConfig deployWAR
信息: Deploying web application archive D:\Workspaces\eclipse43\apache-tomcat7\webapps\codetest.war
六月 23, 2015 3:29:35 下午 org.apache.catalina.startup.TldConfig execute
信息: At least one JAR was scanned for TLDs yet contained no TLDs. Enable debug logging for this logger for a complete list of JARs that were scanned but no TLDs were found in them. Skipping unneeded JARs during scanning can improve startup time and JSP compilation time.
六月 23, 2015 3:29:36 下午 org.apache.catalina.util.SessionIdGeneratorBase createSecureRandom
信息: Creation of SecureRandom instance for session ID generation using [SHA1PRNG] took [203] milliseconds.
六月 23, 2015 3:29:38 下午 org.apache.catalina.startup.HostConfig deployWAR
信息: Deployment of web application archive D:\Workspaces\eclipse43\apache-tomcat7\webapps\codetest.war has finished in 3,747 ms
六月 23, 2015 3:29:38 下午 org.apache.catalina.startup.HostConfig deployDirectory
信息: Deploying web application directory D:\Workspaces\eclipse43\apache-tomcat7\webapps\docs
六月 23, 2015 3:29:38 下午 org.apache.catalina.startup.HostConfig deployDirectory
信息: Deployment of web application directory D:\Workspaces\eclipse43\apache-tomcat7\webapps\docs has finished in 58 ms
六月 23, 2015 3:29:38 下午 org.apache.catalina.startup.HostConfig deployDirectory
信息: Deploying web application directory D:\Workspaces\eclipse43\apache-tomcat7\webapps\examples
六月 23, 2015 3:29:38 下午 org.apache.catalina.startup.HostConfig deployDirectory
信息: Deployment of web application directory D:\Workspaces\eclipse43\apache-tomcat7\webapps\examples has finished in 274 ms
六月 23, 2015 3:29:38 下午 org.apache.catalina.startup.HostConfig deployDirectory
信息: Deploying web application directory D:\Workspaces\eclipse43\apache-tomcat7\webapps\host-manager
六月 23, 2015 3:29:38 下午 org.apache.catalina.startup.HostConfig deployDirectory
信息: Deployment of web application directory D:\Workspaces\eclipse43\apache-tomcat7\webapps\host-manager has finished in 81 ms
六月 23, 2015 3:29:38 下午 org.apache.catalina.startup.HostConfig deployDirectory
信息: Deploying web application directory D:\Workspaces\eclipse43\apache-tomcat7\webapps\manager
六月 23, 2015 3:29:38 下午 org.apache.catalina.startup.HostConfig deployDirectory
信息: Deployment of web application directory D:\Workspaces\eclipse43\apache-tomcat7\webapps\manager has finished in 73 ms
六月 23, 2015 3:29:38 下午 org.apache.catalina.startup.HostConfig deployDirectory
信息: Deploying web application directory D:\Workspaces\eclipse43\apache-tomcat7\webapps\ROOT
六月 23, 2015 3:29:38 下午 org.apache.catalina.startup.HostConfig deployDirectory
信息: Deployment of web application directory D:\Workspaces\eclipse43\apache-tomcat7\webapps\ROOT has finished in 57 ms
六月 23, 2015 3:29:38 下午 org.apache.coyote.AbstractProtocol start
信息: Starting ProtocolHandler ["http-apr-8180"]
六月 23, 2015 3:29:38 下午 org.apache.coyote.AbstractProtocol start
信息: Starting ProtocolHandler ["ajp-apr-8109"]
六月 23, 2015 3:29:38 下午 org.apache.catalina.startup.Catalina start
信息: Server startup in 4414 ms
