六月 18, 2015 11:13:13 上午 org.apache.catalina.startup.VersionLoggerListener log
信息: Server version:        Apache Tomcat/7.0.62
六月 18, 2015 11:13:13 上午 org.apache.catalina.startup.VersionLoggerListener log
信息: Server built:          May 7 2015 17:14:55 UTC
六月 18, 2015 11:13:13 上午 org.apache.catalina.startup.VersionLoggerListener log
信息: Server number:         7.0.62.0
六月 18, 2015 11:13:13 上午 org.apache.catalina.startup.VersionLoggerListener log
信息: OS Name:               Windows 7
六月 18, 2015 11:13:13 上午 org.apache.catalina.startup.VersionLoggerListener log
信息: OS Version:            6.1
六月 18, 2015 11:13:13 上午 org.apache.catalina.startup.VersionLoggerListener log
信息: Architecture:          amd64
六月 18, 2015 11:13:13 上午 org.apache.catalina.startup.VersionLoggerListener log
信息: Java Home:             C:\Program Files\Java\jdk1.7.0_79\jre
六月 18, 2015 11:13:13 上午 org.apache.catalina.startup.VersionLoggerListener log
信息: JVM Version:           1.7.0_79-b15
六月 18, 2015 11:13:13 上午 org.apache.catalina.startup.VersionLoggerListener log
信息: JVM Vendor:            Oracle Corporation
六月 18, 2015 11:13:13 上午 org.apache.catalina.startup.VersionLoggerListener log
信息: CATALINA_BASE:         D:\Workspaces\eclipse43\apache-tomcat7
六月 18, 2015 11:13:13 上午 org.apache.catalina.startup.VersionLoggerListener log
信息: CATALINA_HOME:         D:\Workspaces\eclipse43\apache-tomcat7
六月 18, 2015 11:13:13 上午 org.apache.catalina.startup.VersionLoggerListener log
信息: Command line argument: -Djava.util.logging.config.file=D:\Workspaces\eclipse43\apache-tomcat7\conf\logging.properties
六月 18, 2015 11:13:13 上午 org.apache.catalina.startup.VersionLoggerListener log
信息: Command line argument: -Djava.util.logging.manager=org.apache.juli.ClassLoaderLogManager
六月 18, 2015 11:13:13 上午 org.apache.catalina.startup.VersionLoggerListener log
信息: Command line argument: -Djava.endorsed.dirs=D:\Workspaces\eclipse43\apache-tomcat7\endorsed
六月 18, 2015 11:13:14 上午 org.apache.catalina.startup.VersionLoggerListener log
信息: Command line argument: -Dcatalina.base=D:\Workspaces\eclipse43\apache-tomcat7
六月 18, 2015 11:13:14 上午 org.apache.catalina.startup.VersionLoggerListener log
信息: Command line argument: -Dcatalina.home=D:\Workspaces\eclipse43\apache-tomcat7
六月 18, 2015 11:13:14 上午 org.apache.catalina.startup.VersionLoggerListener log
信息: Command line argument: -Djava.io.tmpdir=D:\Workspaces\eclipse43\apache-tomcat7\temp
六月 18, 2015 11:13:14 上午 org.apache.catalina.core.AprLifecycleListener lifecycleEvent
信息: Loaded APR based Apache Tomcat Native library 1.1.33 using APR version 1.5.1.
六月 18, 2015 11:13:14 上午 org.apache.catalina.core.AprLifecycleListener lifecycleEvent
信息: APR capabilities: IPv6 [true], sendfile [true], accept filters [false], random [true].
六月 18, 2015 11:13:14 上午 org.apache.catalina.core.AprLifecycleListener initializeSSL
信息: OpenSSL successfully initialized (OpenSSL 1.0.1m 19 Mar 2015)
六月 18, 2015 11:13:15 上午 org.apache.coyote.AbstractProtocol init
信息: Initializing ProtocolHandler ["http-apr-8180"]
六月 18, 2015 11:13:15 上午 org.apache.coyote.AbstractProtocol init
信息: Initializing ProtocolHandler ["ajp-apr-8109"]
六月 18, 2015 11:13:15 上午 org.apache.catalina.startup.Catalina load
信息: Initialization processed in 733 ms
六月 18, 2015 11:13:15 上午 org.apache.catalina.core.StandardService startInternal
信息: Starting service Catalina
六月 18, 2015 11:13:15 上午 org.apache.catalina.core.StandardEngine startInternal
信息: Starting Servlet Engine: Apache Tomcat/7.0.62
六月 18, 2015 11:13:16 上午 org.apache.catalina.startup.HostConfig deployWAR
信息: Deploying web application archive D:\Workspaces\eclipse43\apache-tomcat7\webapps\googlecode.war
六月 18, 2015 11:13:17 上午 org.apache.catalina.util.SessionIdGeneratorBase createSecureRandom
信息: Creation of SecureRandom instance for session ID generation using [SHA1PRNG] took [484] milliseconds.
六月 18, 2015 11:13:17 上午 org.apache.catalina.startup.HostConfig deployWAR
信息: Deployment of web application archive D:\Workspaces\eclipse43\apache-tomcat7\webapps\googlecode.war has finished in 1,656 ms
六月 18, 2015 11:13:17 上午 org.apache.catalina.startup.HostConfig deployDirectory
信息: Deploying web application directory D:\Workspaces\eclipse43\apache-tomcat7\webapps\docs
六月 18, 2015 11:13:17 上午 org.apache.catalina.startup.HostConfig deployDirectory
信息: Deployment of web application directory D:\Workspaces\eclipse43\apache-tomcat7\webapps\docs has finished in 141 ms
六月 18, 2015 11:13:17 上午 org.apache.catalina.startup.HostConfig deployDirectory
信息: Deploying web application directory D:\Workspaces\eclipse43\apache-tomcat7\webapps\examples
六月 18, 2015 11:13:19 上午 org.apache.catalina.startup.HostConfig deployDirectory
信息: Deployment of web application directory D:\Workspaces\eclipse43\apache-tomcat7\webapps\examples has finished in 1,703 ms
六月 18, 2015 11:13:19 上午 org.apache.catalina.startup.HostConfig deployDirectory
信息: Deploying web application directory D:\Workspaces\eclipse43\apache-tomcat7\webapps\host-manager
六月 18, 2015 11:13:19 上午 org.apache.catalina.startup.HostConfig deployDirectory
信息: Deployment of web application directory D:\Workspaces\eclipse43\apache-tomcat7\webapps\host-manager has finished in 109 ms
六月 18, 2015 11:13:19 上午 org.apache.catalina.startup.HostConfig deployDirectory
信息: Deploying web application directory D:\Workspaces\eclipse43\apache-tomcat7\webapps\manager
六月 18, 2015 11:13:19 上午 org.apache.catalina.startup.HostConfig deployDirectory
信息: Deployment of web application directory D:\Workspaces\eclipse43\apache-tomcat7\webapps\manager has finished in 94 ms
六月 18, 2015 11:13:19 上午 org.apache.catalina.startup.HostConfig deployDirectory
信息: Deploying web application directory D:\Workspaces\eclipse43\apache-tomcat7\webapps\ROOT
六月 18, 2015 11:13:19 上午 org.apache.catalina.startup.HostConfig deployDirectory
信息: Deployment of web application directory D:\Workspaces\eclipse43\apache-tomcat7\webapps\ROOT has finished in 78 ms
六月 18, 2015 11:13:19 上午 org.apache.coyote.AbstractProtocol start
信息: Starting ProtocolHandler ["http-apr-8180"]
六月 18, 2015 11:13:19 上午 org.apache.coyote.AbstractProtocol start
信息: Starting ProtocolHandler ["ajp-apr-8109"]
六月 18, 2015 11:13:19 上午 org.apache.catalina.startup.Catalina start
信息: Server startup in 955 ms
六月 18, 2015 11:16:35 上午 org.apache.catalina.core.StandardContext reload
信息: Reloading Context with name [/googlecode] has started
六月 18, 2015 11:16:35 上午 org.apache.catalina.core.StandardContext reload
信息: Reloading Context with name [/googlecode] is completed
六月 18, 2015 11:16:45 上午 org.apache.catalina.startup.HostConfig undeploy
信息: Undeploying context [/googlecode]
六月 18, 2015 11:17:37 上午 org.apache.catalina.startup.HostConfig deployWAR
信息: Deploying web application archive D:\Workspaces\eclipse43\apache-tomcat7\webapps\googlecode.war
六月 18, 2015 11:17:38 上午 org.apache.catalina.startup.TldConfig execute
信息: At least one JAR was scanned for TLDs yet contained no TLDs. Enable debug logging for this logger for a complete list of JARs that were scanned but no TLDs were found in them. Skipping unneeded JARs during scanning can improve startup time and JSP compilation time.
六月 18, 2015 11:17:40 上午 org.apache.catalina.startup.HostConfig deployWAR
信息: Deployment of web application archive D:\Workspaces\eclipse43\apache-tomcat7\webapps\googlecode.war has finished in 3,085 ms
六月 18, 2015 11:39:20 上午 org.apache.catalina.startup.HostConfig undeploy
信息: Undeploying context [/googlecode]
六月 18, 2015 11:39:20 上午 org.apache.catalina.startup.HostConfig deployWAR
信息: Deploying web application archive D:\Workspaces\eclipse43\apache-tomcat7\webapps\googlecode.war
六月 18, 2015 11:39:21 上午 org.apache.catalina.startup.TldConfig execute
信息: At least one JAR was scanned for TLDs yet contained no TLDs. Enable debug logging for this logger for a complete list of JARs that were scanned but no TLDs were found in them. Skipping unneeded JARs during scanning can improve startup time and JSP compilation time.
六月 18, 2015 11:39:23 上午 org.apache.catalina.startup.HostConfig deployWAR
信息: Deployment of web application archive D:\Workspaces\eclipse43\apache-tomcat7\webapps\googlecode.war has finished in 2,543 ms
六月 18, 2015 11:41:23 上午 org.apache.catalina.startup.HostConfig undeploy
信息: Undeploying context [/googlecode]
六月 18, 2015 11:41:23 上午 org.apache.catalina.startup.HostConfig deployWAR
信息: Deploying web application archive D:\Workspaces\eclipse43\apache-tomcat7\webapps\googlecode.war
六月 18, 2015 11:41:23 上午 org.apache.catalina.startup.TldConfig execute
信息: At least one JAR was scanned for TLDs yet contained no TLDs. Enable debug logging for this logger for a complete list of JARs that were scanned but no TLDs were found in them. Skipping unneeded JARs during scanning can improve startup time and JSP compilation time.
六月 18, 2015 11:41:25 上午 org.apache.catalina.startup.HostConfig deployWAR
信息: Deployment of web application archive D:\Workspaces\eclipse43\apache-tomcat7\webapps\googlecode.war has finished in 1,835 ms
