六月 24, 2015 4:06:35 下午 org.apache.catalina.startup.VersionLoggerListener log
信息: Server version:        Apache Tomcat/7.0.62
六月 24, 2015 4:06:35 下午 org.apache.catalina.startup.VersionLoggerListener log
信息: Server built:          May 7 2015 17:14:55 UTC
六月 24, 2015 4:06:35 下午 org.apache.catalina.startup.VersionLoggerListener log
信息: Server number:         7.0.62.0
六月 24, 2015 4:06:35 下午 org.apache.catalina.startup.VersionLoggerListener log
信息: OS Name:               Windows 7
六月 24, 2015 4:06:35 下午 org.apache.catalina.startup.VersionLoggerListener log
信息: OS Version:            6.1
六月 24, 2015 4:06:35 下午 org.apache.catalina.startup.VersionLoggerListener log
信息: Architecture:          amd64
六月 24, 2015 4:06:35 下午 org.apache.catalina.startup.VersionLoggerListener log
信息: Java Home:             C:\Program Files\Java\jdk1.7.0_79\jre
六月 24, 2015 4:06:35 下午 org.apache.catalina.startup.VersionLoggerListener log
信息: JVM Version:           1.7.0_79-b15
六月 24, 2015 4:06:35 下午 org.apache.catalina.startup.VersionLoggerListener log
信息: JVM Vendor:            Oracle Corporation
六月 24, 2015 4:06:35 下午 org.apache.catalina.startup.VersionLoggerListener log
信息: CATALINA_BASE:         D:\Workspaces\eclipse43\apache-tomcat7
六月 24, 2015 4:06:35 下午 org.apache.catalina.startup.VersionLoggerListener log
信息: CATALINA_HOME:         D:\Workspaces\eclipse43\apache-tomcat7
六月 24, 2015 4:06:35 下午 org.apache.catalina.startup.VersionLoggerListener log
信息: Command line argument: -Djava.util.logging.config.file=D:\Workspaces\eclipse43\apache-tomcat7\conf\logging.properties
六月 24, 2015 4:06:35 下午 org.apache.catalina.startup.VersionLoggerListener log
信息: Command line argument: -Djava.util.logging.manager=org.apache.juli.ClassLoaderLogManager
六月 24, 2015 4:06:35 下午 org.apache.catalina.startup.VersionLoggerListener log
信息: Command line argument: -Djava.endorsed.dirs=D:\Workspaces\eclipse43\apache-tomcat7\endorsed
六月 24, 2015 4:06:35 下午 org.apache.catalina.startup.VersionLoggerListener log
信息: Command line argument: -Dcatalina.base=D:\Workspaces\eclipse43\apache-tomcat7
六月 24, 2015 4:06:35 下午 org.apache.catalina.startup.VersionLoggerListener log
信息: Command line argument: -Dcatalina.home=D:\Workspaces\eclipse43\apache-tomcat7
六月 24, 2015 4:06:35 下午 org.apache.catalina.startup.VersionLoggerListener log
信息: Command line argument: -Djava.io.tmpdir=D:\Workspaces\eclipse43\apache-tomcat7\temp
六月 24, 2015 4:06:35 下午 org.apache.catalina.core.AprLifecycleListener lifecycleEvent
信息: Loaded APR based Apache Tomcat Native library 1.1.33 using APR version 1.5.1.
六月 24, 2015 4:06:35 下午 org.apache.catalina.core.AprLifecycleListener lifecycleEvent
信息: APR capabilities: IPv6 [true], sendfile [true], accept filters [false], random [true].
六月 24, 2015 4:06:36 下午 org.apache.catalina.core.AprLifecycleListener initializeSSL
信息: OpenSSL successfully initialized (OpenSSL 1.0.1m 19 Mar 2015)
六月 24, 2015 4:06:37 下午 org.apache.coyote.AbstractProtocol init
信息: Initializing ProtocolHandler ["http-apr-8180"]
六月 24, 2015 4:06:37 下午 org.apache.coyote.AbstractProtocol init
信息: Initializing ProtocolHandler ["ajp-apr-8109"]
六月 24, 2015 4:06:37 下午 org.apache.catalina.startup.Catalina load
信息: Initialization processed in 871 ms
六月 24, 2015 4:06:37 下午 org.apache.catalina.core.StandardService startInternal
信息: Starting service Catalina
六月 24, 2015 4:06:37 下午 org.apache.catalina.core.StandardEngine startInternal
信息: Starting Servlet Engine: Apache Tomcat/7.0.62
六月 24, 2015 4:06:37 下午 org.apache.catalina.startup.HostConfig deployWAR
信息: Deploying web application archive D:\Workspaces\eclipse43\apache-tomcat7\webapps\codetest.war
六月 24, 2015 4:06:40 下午 org.apache.catalina.startup.TldConfig execute
信息: At least one JAR was scanned for TLDs yet contained no TLDs. Enable debug logging for this logger for a complete list of JARs that were scanned but no TLDs were found in them. Skipping unneeded JARs during scanning can improve startup time and JSP compilation time.
六月 24, 2015 4:06:41 下午 org.apache.catalina.util.SessionIdGeneratorBase createSecureRandom
信息: Creation of SecureRandom instance for session ID generation using [SHA1PRNG] took [332] milliseconds.
六月 24, 2015 4:06:43 下午 org.apache.catalina.startup.HostConfig deployWAR
信息: Deployment of web application archive D:\Workspaces\eclipse43\apache-tomcat7\webapps\codetest.war has finished in 5,852 ms
六月 24, 2015 4:06:43 下午 org.apache.catalina.startup.HostConfig deployDirectory
信息: Deploying web application directory D:\Workspaces\eclipse43\apache-tomcat7\webapps\docs
六月 24, 2015 4:06:43 下午 org.apache.catalina.startup.HostConfig deployDirectory
信息: Deployment of web application directory D:\Workspaces\eclipse43\apache-tomcat7\webapps\docs has finished in 90 ms
六月 24, 2015 4:06:43 下午 org.apache.catalina.startup.HostConfig deployDirectory
信息: Deploying web application directory D:\Workspaces\eclipse43\apache-tomcat7\webapps\examples
六月 24, 2015 4:06:44 下午 org.apache.catalina.startup.TldConfig execute
信息: At least one JAR was scanned for TLDs yet contained no TLDs. Enable debug logging for this logger for a complete list of JARs that were scanned but no TLDs were found in them. Skipping unneeded JARs during scanning can improve startup time and JSP compilation time.
六月 24, 2015 4:06:44 下午 org.apache.catalina.startup.HostConfig deployDirectory
信息: Deployment of web application directory D:\Workspaces\eclipse43\apache-tomcat7\webapps\examples has finished in 937 ms
六月 24, 2015 4:06:44 下午 org.apache.catalina.startup.HostConfig deployDirectory
信息: Deploying web application directory D:\Workspaces\eclipse43\apache-tomcat7\webapps\host-manager
六月 24, 2015 4:06:44 下午 org.apache.catalina.startup.HostConfig deployDirectory
信息: Deployment of web application directory D:\Workspaces\eclipse43\apache-tomcat7\webapps\host-manager has finished in 105 ms
六月 24, 2015 4:06:44 下午 org.apache.catalina.startup.HostConfig deployDirectory
信息: Deploying web application directory D:\Workspaces\eclipse43\apache-tomcat7\webapps\manager
六月 24, 2015 4:06:44 下午 org.apache.catalina.startup.HostConfig deployDirectory
信息: Deployment of web application directory D:\Workspaces\eclipse43\apache-tomcat7\webapps\manager has finished in 104 ms
六月 24, 2015 4:06:44 下午 org.apache.catalina.startup.HostConfig deployDirectory
信息: Deploying web application directory D:\Workspaces\eclipse43\apache-tomcat7\webapps\ROOT
六月 24, 2015 4:06:45 下午 org.apache.catalina.startup.HostConfig deployDirectory
信息: Deployment of web application directory D:\Workspaces\eclipse43\apache-tomcat7\webapps\ROOT has finished in 73 ms
六月 24, 2015 4:06:45 下午 org.apache.coyote.AbstractProtocol start
信息: Starting ProtocolHandler ["http-apr-8180"]
六月 24, 2015 4:06:45 下午 org.apache.coyote.AbstractProtocol start
信息: Starting ProtocolHandler ["ajp-apr-8109"]
六月 24, 2015 4:06:45 下午 org.apache.catalina.startup.Catalina start
信息: Server startup in 1659 ms
六月 24, 2015 4:07:13 下午 org.apache.catalina.startup.VersionLoggerListener log
信息: Server version:        Apache Tomcat/7.0.62
六月 24, 2015 4:07:13 下午 org.apache.catalina.startup.VersionLoggerListener log
信息: Server built:          May 7 2015 17:14:55 UTC
六月 24, 2015 4:07:13 下午 org.apache.catalina.startup.VersionLoggerListener log
信息: Server number:         7.0.62.0
六月 24, 2015 4:07:13 下午 org.apache.catalina.startup.VersionLoggerListener log
信息: OS Name:               Windows 7
六月 24, 2015 4:07:13 下午 org.apache.catalina.startup.VersionLoggerListener log
信息: OS Version:            6.1
六月 24, 2015 4:07:13 下午 org.apache.catalina.startup.VersionLoggerListener log
信息: Architecture:          amd64
六月 24, 2015 4:07:13 下午 org.apache.catalina.startup.VersionLoggerListener log
信息: Java Home:             C:\Program Files\Java\jdk1.7.0_79\jre
六月 24, 2015 4:07:13 下午 org.apache.catalina.startup.VersionLoggerListener log
信息: JVM Version:           1.7.0_79-b15
六月 24, 2015 4:07:13 下午 org.apache.catalina.startup.VersionLoggerListener log
信息: JVM Vendor:            Oracle Corporation
六月 24, 2015 4:07:13 下午 org.apache.catalina.startup.VersionLoggerListener log
信息: CATALINA_BASE:         D:\Workspaces\eclipse43\apache-tomcat7
六月 24, 2015 4:07:13 下午 org.apache.catalina.startup.VersionLoggerListener log
信息: CATALINA_HOME:         D:\Workspaces\eclipse43\apache-tomcat7
六月 24, 2015 4:07:13 下午 org.apache.catalina.startup.VersionLoggerListener log
信息: Command line argument: -Djava.util.logging.config.file=D:\Workspaces\eclipse43\apache-tomcat7\conf\logging.properties
六月 24, 2015 4:07:13 下午 org.apache.catalina.startup.VersionLoggerListener log
信息: Command line argument: -Djava.util.logging.manager=org.apache.juli.ClassLoaderLogManager
六月 24, 2015 4:07:13 下午 org.apache.catalina.startup.VersionLoggerListener log
信息: Command line argument: -Djava.endorsed.dirs=D:\Workspaces\eclipse43\apache-tomcat7\endorsed
六月 24, 2015 4:07:13 下午 org.apache.catalina.startup.VersionLoggerListener log
信息: Command line argument: -Dcatalina.base=D:\Workspaces\eclipse43\apache-tomcat7
六月 24, 2015 4:07:13 下午 org.apache.catalina.startup.VersionLoggerListener log
信息: Command line argument: -Dcatalina.home=D:\Workspaces\eclipse43\apache-tomcat7
六月 24, 2015 4:07:13 下午 org.apache.catalina.startup.VersionLoggerListener log
信息: Command line argument: -Djava.io.tmpdir=D:\Workspaces\eclipse43\apache-tomcat7\temp
六月 24, 2015 4:07:13 下午 org.apache.catalina.core.AprLifecycleListener lifecycleEvent
信息: Loaded APR based Apache Tomcat Native library 1.1.33 using APR version 1.5.1.
六月 24, 2015 4:07:13 下午 org.apache.catalina.core.AprLifecycleListener lifecycleEvent
信息: APR capabilities: IPv6 [true], sendfile [true], accept filters [false], random [true].
六月 24, 2015 4:07:14 下午 org.apache.catalina.core.AprLifecycleListener initializeSSL
信息: OpenSSL successfully initialized (OpenSSL 1.0.1m 19 Mar 2015)
六月 24, 2015 4:07:14 下午 org.apache.coyote.AbstractProtocol init
信息: Initializing ProtocolHandler ["http-apr-8180"]
六月 24, 2015 4:07:14 下午 org.apache.coyote.AbstractProtocol init
信息: Initializing ProtocolHandler ["ajp-apr-8109"]
六月 24, 2015 4:07:14 下午 org.apache.catalina.startup.Catalina load
信息: Initialization processed in 298 ms
六月 24, 2015 4:07:14 下午 org.apache.catalina.core.StandardService startInternal
信息: Starting service Catalina
六月 24, 2015 4:07:14 下午 org.apache.catalina.core.StandardEngine startInternal
信息: Starting Servlet Engine: Apache Tomcat/7.0.62
六月 24, 2015 4:07:14 下午 org.apache.catalina.startup.HostConfig deployDirectory
信息: Deploying web application directory D:\Workspaces\eclipse43\apache-tomcat7\webapps\docs
六月 24, 2015 4:07:15 下午 org.apache.catalina.util.SessionIdGeneratorBase createSecureRandom
信息: Creation of SecureRandom instance for session ID generation using [SHA1PRNG] took [218] milliseconds.
六月 24, 2015 4:07:15 下午 org.apache.catalina.startup.HostConfig deployDirectory
信息: Deployment of web application directory D:\Workspaces\eclipse43\apache-tomcat7\webapps\docs has finished in 693 ms
六月 24, 2015 4:07:15 下午 org.apache.catalina.startup.HostConfig deployDirectory
信息: Deploying web application directory D:\Workspaces\eclipse43\apache-tomcat7\webapps\examples
六月 24, 2015 4:07:15 下午 org.apache.catalina.startup.TldConfig execute
信息: At least one JAR was scanned for TLDs yet contained no TLDs. Enable debug logging for this logger for a complete list of JARs that were scanned but no TLDs were found in them. Skipping unneeded JARs during scanning can improve startup time and JSP compilation time.
六月 24, 2015 4:07:15 下午 org.apache.catalina.startup.HostConfig deployDirectory
信息: Deployment of web application directory D:\Workspaces\eclipse43\apache-tomcat7\webapps\examples has finished in 382 ms
六月 24, 2015 4:07:15 下午 org.apache.catalina.startup.HostConfig deployDirectory
信息: Deploying web application directory D:\Workspaces\eclipse43\apache-tomcat7\webapps\host-manager
六月 24, 2015 4:07:15 下午 org.apache.catalina.startup.HostConfig deployDirectory
信息: Deployment of web application directory D:\Workspaces\eclipse43\apache-tomcat7\webapps\host-manager has finished in 70 ms
六月 24, 2015 4:07:15 下午 org.apache.catalina.startup.HostConfig deployDirectory
信息: Deploying web application directory D:\Workspaces\eclipse43\apache-tomcat7\webapps\manager
六月 24, 2015 4:07:15 下午 org.apache.catalina.startup.HostConfig deployDirectory
信息: Deployment of web application directory D:\Workspaces\eclipse43\apache-tomcat7\webapps\manager has finished in 61 ms
六月 24, 2015 4:07:15 下午 org.apache.catalina.startup.HostConfig deployDirectory
信息: Deploying web application directory D:\Workspaces\eclipse43\apache-tomcat7\webapps\ROOT
六月 24, 2015 4:07:16 下午 org.apache.catalina.startup.HostConfig deployDirectory
信息: Deployment of web application directory D:\Workspaces\eclipse43\apache-tomcat7\webapps\ROOT has finished in 59 ms
六月 24, 2015 4:07:16 下午 org.apache.coyote.AbstractProtocol start
信息: Starting ProtocolHandler ["http-apr-8180"]
六月 24, 2015 4:07:16 下午 org.apache.coyote.AbstractProtocol start
信息: Starting ProtocolHandler ["ajp-apr-8109"]
六月 24, 2015 4:07:16 下午 org.apache.catalina.startup.Catalina start
信息: Server startup in 299 ms
六月 24, 2015 4:11:23 下午 org.apache.catalina.startup.VersionLoggerListener log
信息: Server version:        Apache Tomcat/7.0.62
六月 24, 2015 4:11:23 下午 org.apache.catalina.startup.VersionLoggerListener log
信息: Server built:          May 7 2015 17:14:55 UTC
六月 24, 2015 4:11:23 下午 org.apache.catalina.startup.VersionLoggerListener log
信息: Server number:         7.0.62.0
六月 24, 2015 4:11:23 下午 org.apache.catalina.startup.VersionLoggerListener log
信息: OS Name:               Windows 7
六月 24, 2015 4:11:23 下午 org.apache.catalina.startup.VersionLoggerListener log
信息: OS Version:            6.1
六月 24, 2015 4:11:23 下午 org.apache.catalina.startup.VersionLoggerListener log
信息: Architecture:          amd64
六月 24, 2015 4:11:23 下午 org.apache.catalina.startup.VersionLoggerListener log
信息: Java Home:             C:\Program Files\Java\jdk1.7.0_79\jre
六月 24, 2015 4:11:23 下午 org.apache.catalina.startup.VersionLoggerListener log
信息: JVM Version:           1.7.0_79-b15
六月 24, 2015 4:11:23 下午 org.apache.catalina.startup.VersionLoggerListener log
信息: JVM Vendor:            Oracle Corporation
六月 24, 2015 4:11:23 下午 org.apache.catalina.startup.VersionLoggerListener log
信息: CATALINA_BASE:         D:\Workspaces\eclipse43\apache-tomcat7
六月 24, 2015 4:11:23 下午 org.apache.catalina.startup.VersionLoggerListener log
信息: CATALINA_HOME:         D:\Workspaces\eclipse43\apache-tomcat7
六月 24, 2015 4:11:23 下午 org.apache.catalina.startup.VersionLoggerListener log
信息: Command line argument: -Djava.util.logging.config.file=D:\Workspaces\eclipse43\apache-tomcat7\conf\logging.properties
六月 24, 2015 4:11:23 下午 org.apache.catalina.startup.VersionLoggerListener log
信息: Command line argument: -Djava.util.logging.manager=org.apache.juli.ClassLoaderLogManager
六月 24, 2015 4:11:23 下午 org.apache.catalina.startup.VersionLoggerListener log
信息: Command line argument: -Djava.endorsed.dirs=D:\Workspaces\eclipse43\apache-tomcat7\endorsed
六月 24, 2015 4:11:23 下午 org.apache.catalina.startup.VersionLoggerListener log
信息: Command line argument: -Dcatalina.base=D:\Workspaces\eclipse43\apache-tomcat7
六月 24, 2015 4:11:23 下午 org.apache.catalina.startup.VersionLoggerListener log
信息: Command line argument: -Dcatalina.home=D:\Workspaces\eclipse43\apache-tomcat7
六月 24, 2015 4:11:23 下午 org.apache.catalina.startup.VersionLoggerListener log
信息: Command line argument: -Djava.io.tmpdir=D:\Workspaces\eclipse43\apache-tomcat7\temp
六月 24, 2015 4:11:23 下午 org.apache.catalina.core.AprLifecycleListener lifecycleEvent
信息: Loaded APR based Apache Tomcat Native library 1.1.33 using APR version 1.5.1.
六月 24, 2015 4:11:23 下午 org.apache.catalina.core.AprLifecycleListener lifecycleEvent
信息: APR capabilities: IPv6 [true], sendfile [true], accept filters [false], random [true].
六月 24, 2015 4:11:24 下午 org.apache.catalina.core.AprLifecycleListener initializeSSL
信息: OpenSSL successfully initialized (OpenSSL 1.0.1m 19 Mar 2015)
六月 24, 2015 4:11:24 下午 org.apache.coyote.AbstractProtocol init
信息: Initializing ProtocolHandler ["http-apr-8180"]
六月 24, 2015 4:11:24 下午 org.apache.coyote.AbstractProtocol init
信息: Initializing ProtocolHandler ["ajp-apr-8109"]
六月 24, 2015 4:11:24 下午 org.apache.catalina.startup.Catalina load
信息: Initialization processed in 291 ms
六月 24, 2015 4:11:24 下午 org.apache.catalina.core.StandardService startInternal
信息: Starting service Catalina
六月 24, 2015 4:11:24 下午 org.apache.catalina.core.StandardEngine startInternal
信息: Starting Servlet Engine: Apache Tomcat/7.0.62
六月 24, 2015 4:11:24 下午 org.apache.catalina.startup.HostConfig deployDirectory
信息: Deploying web application directory D:\Workspaces\eclipse43\apache-tomcat7\webapps\docs
六月 24, 2015 4:11:24 下午 org.apache.catalina.util.SessionIdGeneratorBase createSecureRandom
信息: Creation of SecureRandom instance for session ID generation using [SHA1PRNG] took [209] milliseconds.
六月 24, 2015 4:11:24 下午 org.apache.catalina.startup.HostConfig deployDirectory
信息: Deployment of web application directory D:\Workspaces\eclipse43\apache-tomcat7\webapps\docs has finished in 702 ms
六月 24, 2015 4:11:24 下午 org.apache.catalina.startup.HostConfig deployDirectory
信息: Deploying web application directory D:\Workspaces\eclipse43\apache-tomcat7\webapps\examples
六月 24, 2015 4:11:25 下午 org.apache.catalina.startup.TldConfig execute
信息: At least one JAR was scanned for TLDs yet contained no TLDs. Enable debug logging for this logger for a complete list of JARs that were scanned but no TLDs were found in them. Skipping unneeded JARs during scanning can improve startup time and JSP compilation time.
六月 24, 2015 4:11:25 下午 org.apache.catalina.core.StandardContext startInternal
严重: One or more Filters failed to start. Full details will be found in the appropriate container log file
六月 24, 2015 4:11:25 下午 org.apache.catalina.core.StandardContext startInternal
严重: Context [/examples] startup failed due to previous errors
六月 24, 2015 4:11:25 下午 org.apache.catalina.startup.HostConfig deployDirectory
信息: Deployment of web application directory D:\Workspaces\eclipse43\apache-tomcat7\webapps\examples has finished in 448 ms
六月 24, 2015 4:11:25 下午 org.apache.catalina.startup.HostConfig deployDirectory
信息: Deploying web application directory D:\Workspaces\eclipse43\apache-tomcat7\webapps\host-manager
六月 24, 2015 4:11:25 下午 org.apache.catalina.startup.HostConfig deployDirectory
信息: Deployment of web application directory D:\Workspaces\eclipse43\apache-tomcat7\webapps\host-manager has finished in 69 ms
六月 24, 2015 4:11:25 下午 org.apache.catalina.startup.HostConfig deployDirectory
信息: Deploying web application directory D:\Workspaces\eclipse43\apache-tomcat7\webapps\manager
六月 24, 2015 4:11:25 下午 org.apache.catalina.startup.HostConfig deployDirectory
信息: Deployment of web application directory D:\Workspaces\eclipse43\apache-tomcat7\webapps\manager has finished in 56 ms
六月 24, 2015 4:11:25 下午 org.apache.catalina.startup.HostConfig deployDirectory
信息: Deploying web application directory D:\Workspaces\eclipse43\apache-tomcat7\webapps\ROOT
六月 24, 2015 4:11:25 下午 org.apache.catalina.startup.HostConfig deployDirectory
信息: Deployment of web application directory D:\Workspaces\eclipse43\apache-tomcat7\webapps\ROOT has finished in 61 ms
六月 24, 2015 4:11:25 下午 org.apache.coyote.AbstractProtocol start
信息: Starting ProtocolHandler ["http-apr-8180"]
六月 24, 2015 4:11:25 下午 org.apache.coyote.AbstractProtocol start
信息: Starting ProtocolHandler ["ajp-apr-8109"]
六月 24, 2015 4:11:25 下午 org.apache.catalina.startup.Catalina start
信息: Server startup in 315 ms
六月 24, 2015 4:15:45 下午 org.apache.catalina.startup.HostConfig reload
信息: Reloading context [/examples]
六月 24, 2015 4:15:45 下午 org.apache.catalina.startup.TldConfig execute
信息: At least one JAR was scanned for TLDs yet contained no TLDs. Enable debug logging for this logger for a complete list of JARs that were scanned but no TLDs were found in them. Skipping unneeded JARs during scanning can improve startup time and JSP compilation time.
六月 24, 2015 4:15:45 下午 org.apache.catalina.core.StandardContext startInternal
严重: One or more Filters failed to start. Full details will be found in the appropriate container log file
六月 24, 2015 4:15:45 下午 org.apache.catalina.core.StandardContext startInternal
严重: Context [/examples] startup failed due to previous errors
六月 24, 2015 4:15:59 下午 org.apache.catalina.startup.VersionLoggerListener log
信息: Server version:        Apache Tomcat/7.0.62
六月 24, 2015 4:15:59 下午 org.apache.catalina.startup.VersionLoggerListener log
信息: Server built:          May 7 2015 17:14:55 UTC
六月 24, 2015 4:15:59 下午 org.apache.catalina.startup.VersionLoggerListener log
信息: Server number:         7.0.62.0
六月 24, 2015 4:15:59 下午 org.apache.catalina.startup.VersionLoggerListener log
信息: OS Name:               Windows 7
六月 24, 2015 4:15:59 下午 org.apache.catalina.startup.VersionLoggerListener log
信息: OS Version:            6.1
六月 24, 2015 4:15:59 下午 org.apache.catalina.startup.VersionLoggerListener log
信息: Architecture:          amd64
六月 24, 2015 4:15:59 下午 org.apache.catalina.startup.VersionLoggerListener log
信息: Java Home:             C:\Program Files\Java\jdk1.7.0_79\jre
六月 24, 2015 4:15:59 下午 org.apache.catalina.startup.VersionLoggerListener log
信息: JVM Version:           1.7.0_79-b15
六月 24, 2015 4:15:59 下午 org.apache.catalina.startup.VersionLoggerListener log
信息: JVM Vendor:            Oracle Corporation
六月 24, 2015 4:15:59 下午 org.apache.catalina.startup.VersionLoggerListener log
信息: CATALINA_BASE:         D:\Workspaces\eclipse43\apache-tomcat7
六月 24, 2015 4:15:59 下午 org.apache.catalina.startup.VersionLoggerListener log
信息: CATALINA_HOME:         D:\Workspaces\eclipse43\apache-tomcat7
六月 24, 2015 4:15:59 下午 org.apache.catalina.startup.VersionLoggerListener log
信息: Command line argument: -Djava.util.logging.config.file=D:\Workspaces\eclipse43\apache-tomcat7\conf\logging.properties
六月 24, 2015 4:15:59 下午 org.apache.catalina.startup.VersionLoggerListener log
信息: Command line argument: -Djava.util.logging.manager=org.apache.juli.ClassLoaderLogManager
六月 24, 2015 4:15:59 下午 org.apache.catalina.startup.VersionLoggerListener log
信息: Command line argument: -Djava.endorsed.dirs=D:\Workspaces\eclipse43\apache-tomcat7\endorsed
六月 24, 2015 4:15:59 下午 org.apache.catalina.startup.VersionLoggerListener log
信息: Command line argument: -Dcatalina.base=D:\Workspaces\eclipse43\apache-tomcat7
六月 24, 2015 4:15:59 下午 org.apache.catalina.startup.VersionLoggerListener log
信息: Command line argument: -Dcatalina.home=D:\Workspaces\eclipse43\apache-tomcat7
六月 24, 2015 4:15:59 下午 org.apache.catalina.startup.VersionLoggerListener log
信息: Command line argument: -Djava.io.tmpdir=D:\Workspaces\eclipse43\apache-tomcat7\temp
六月 24, 2015 4:15:59 下午 org.apache.catalina.core.AprLifecycleListener lifecycleEvent
信息: Loaded APR based Apache Tomcat Native library 1.1.33 using APR version 1.5.1.
六月 24, 2015 4:15:59 下午 org.apache.catalina.core.AprLifecycleListener lifecycleEvent
信息: APR capabilities: IPv6 [true], sendfile [true], accept filters [false], random [true].
六月 24, 2015 4:16:00 下午 org.apache.catalina.core.AprLifecycleListener initializeSSL
信息: OpenSSL successfully initialized (OpenSSL 1.0.1m 19 Mar 2015)
六月 24, 2015 4:16:00 下午 org.apache.coyote.AbstractProtocol init
信息: Initializing ProtocolHandler ["http-apr-8180"]
六月 24, 2015 4:16:00 下午 org.apache.coyote.AbstractProtocol init
信息: Initializing ProtocolHandler ["ajp-apr-8109"]
六月 24, 2015 4:16:00 下午 org.apache.catalina.startup.Catalina load
信息: Initialization processed in 279 ms
六月 24, 2015 4:16:00 下午 org.apache.catalina.core.StandardService startInternal
信息: Starting service Catalina
六月 24, 2015 4:16:00 下午 org.apache.catalina.core.StandardEngine startInternal
信息: Starting Servlet Engine: Apache Tomcat/7.0.62
六月 24, 2015 4:16:00 下午 org.apache.catalina.startup.HostConfig deployDirectory
信息: Deploying web application directory D:\Workspaces\eclipse43\apache-tomcat7\webapps\docs
六月 24, 2015 4:16:01 下午 org.apache.catalina.util.SessionIdGeneratorBase createSecureRandom
信息: Creation of SecureRandom instance for session ID generation using [SHA1PRNG] took [216] milliseconds.
六月 24, 2015 4:16:01 下午 org.apache.catalina.startup.HostConfig deployDirectory
信息: Deployment of web application directory D:\Workspaces\eclipse43\apache-tomcat7\webapps\docs has finished in 671 ms
六月 24, 2015 4:16:01 下午 org.apache.catalina.startup.HostConfig deployDirectory
信息: Deploying web application directory D:\Workspaces\eclipse43\apache-tomcat7\webapps\examples
六月 24, 2015 4:16:01 下午 org.apache.catalina.startup.TldConfig execute
信息: At least one JAR was scanned for TLDs yet contained no TLDs. Enable debug logging for this logger for a complete list of JARs that were scanned but no TLDs were found in them. Skipping unneeded JARs during scanning can improve startup time and JSP compilation time.
六月 24, 2015 4:16:01 下午 org.apache.catalina.core.StandardContext startInternal
严重: One or more Filters failed to start. Full details will be found in the appropriate container log file
六月 24, 2015 4:16:01 下午 org.apache.catalina.core.StandardContext startInternal
严重: Context [/examples] startup failed due to previous errors
六月 24, 2015 4:16:01 下午 org.apache.catalina.startup.HostConfig deployDirectory
信息: Deployment of web application directory D:\Workspaces\eclipse43\apache-tomcat7\webapps\examples has finished in 408 ms
六月 24, 2015 4:16:01 下午 org.apache.catalina.startup.HostConfig deployDirectory
信息: Deploying web application directory D:\Workspaces\eclipse43\apache-tomcat7\webapps\host-manager
六月 24, 2015 4:16:01 下午 org.apache.catalina.startup.HostConfig deployDirectory
信息: Deployment of web application directory D:\Workspaces\eclipse43\apache-tomcat7\webapps\host-manager has finished in 68 ms
六月 24, 2015 4:16:01 下午 org.apache.catalina.startup.HostConfig deployDirectory
信息: Deploying web application directory D:\Workspaces\eclipse43\apache-tomcat7\webapps\manager
六月 24, 2015 4:16:01 下午 org.apache.catalina.startup.HostConfig deployDirectory
信息: Deployment of web application directory D:\Workspaces\eclipse43\apache-tomcat7\webapps\manager has finished in 59 ms
六月 24, 2015 4:16:01 下午 org.apache.catalina.startup.HostConfig deployDirectory
信息: Deploying web application directory D:\Workspaces\eclipse43\apache-tomcat7\webapps\ROOT
六月 24, 2015 4:16:01 下午 org.apache.catalina.startup.HostConfig deployDirectory
信息: Deployment of web application directory D:\Workspaces\eclipse43\apache-tomcat7\webapps\ROOT has finished in 46 ms
六月 24, 2015 4:16:01 下午 org.apache.coyote.AbstractProtocol start
信息: Starting ProtocolHandler ["http-apr-8180"]
六月 24, 2015 4:16:01 下午 org.apache.coyote.AbstractProtocol start
信息: Starting ProtocolHandler ["ajp-apr-8109"]
六月 24, 2015 4:16:01 下午 org.apache.catalina.startup.Catalina start
信息: Server startup in 297 ms
六月 24, 2015 4:27:25 下午 org.apache.catalina.startup.VersionLoggerListener log
信息: Server version:        Apache Tomcat/7.0.62
六月 24, 2015 4:27:25 下午 org.apache.catalina.startup.VersionLoggerListener log
信息: Server built:          May 7 2015 17:14:55 UTC
六月 24, 2015 4:27:25 下午 org.apache.catalina.startup.VersionLoggerListener log
信息: Server number:         7.0.62.0
六月 24, 2015 4:27:25 下午 org.apache.catalina.startup.VersionLoggerListener log
信息: OS Name:               Windows 7
六月 24, 2015 4:27:25 下午 org.apache.catalina.startup.VersionLoggerListener log
信息: OS Version:            6.1
六月 24, 2015 4:27:25 下午 org.apache.catalina.startup.VersionLoggerListener log
信息: Architecture:          amd64
六月 24, 2015 4:27:25 下午 org.apache.catalina.startup.VersionLoggerListener log
信息: Java Home:             C:\Program Files\Java\jdk1.7.0_79\jre
六月 24, 2015 4:27:25 下午 org.apache.catalina.startup.VersionLoggerListener log
信息: JVM Version:           1.7.0_79-b15
六月 24, 2015 4:27:25 下午 org.apache.catalina.startup.VersionLoggerListener log
信息: JVM Vendor:            Oracle Corporation
六月 24, 2015 4:27:25 下午 org.apache.catalina.startup.VersionLoggerListener log
信息: CATALINA_BASE:         D:\Workspaces\eclipse43\apache-tomcat7
六月 24, 2015 4:27:25 下午 org.apache.catalina.startup.VersionLoggerListener log
信息: CATALINA_HOME:         D:\Workspaces\eclipse43\apache-tomcat7
六月 24, 2015 4:27:25 下午 org.apache.catalina.startup.VersionLoggerListener log
信息: Command line argument: -Djava.util.logging.config.file=D:\Workspaces\eclipse43\apache-tomcat7\conf\logging.properties
六月 24, 2015 4:27:25 下午 org.apache.catalina.startup.VersionLoggerListener log
信息: Command line argument: -Djava.util.logging.manager=org.apache.juli.ClassLoaderLogManager
六月 24, 2015 4:27:25 下午 org.apache.catalina.startup.VersionLoggerListener log
信息: Command line argument: -Djava.endorsed.dirs=D:\Workspaces\eclipse43\apache-tomcat7\endorsed
六月 24, 2015 4:27:25 下午 org.apache.catalina.startup.VersionLoggerListener log
信息: Command line argument: -Dcatalina.base=D:\Workspaces\eclipse43\apache-tomcat7
六月 24, 2015 4:27:25 下午 org.apache.catalina.startup.VersionLoggerListener log
信息: Command line argument: -Dcatalina.home=D:\Workspaces\eclipse43\apache-tomcat7
六月 24, 2015 4:27:25 下午 org.apache.catalina.startup.VersionLoggerListener log
信息: Command line argument: -Djava.io.tmpdir=D:\Workspaces\eclipse43\apache-tomcat7\temp
六月 24, 2015 4:27:25 下午 org.apache.catalina.core.AprLifecycleListener lifecycleEvent
信息: Loaded APR based Apache Tomcat Native library 1.1.33 using APR version 1.5.1.
六月 24, 2015 4:27:25 下午 org.apache.catalina.core.AprLifecycleListener lifecycleEvent
信息: APR capabilities: IPv6 [true], sendfile [true], accept filters [false], random [true].
六月 24, 2015 4:27:25 下午 org.apache.catalina.core.AprLifecycleListener initializeSSL
信息: OpenSSL successfully initialized (OpenSSL 1.0.1m 19 Mar 2015)
六月 24, 2015 4:27:26 下午 org.apache.coyote.AbstractProtocol init
信息: Initializing ProtocolHandler ["http-apr-8180"]
六月 24, 2015 4:27:26 下午 org.apache.coyote.AbstractProtocol init
信息: Initializing ProtocolHandler ["ajp-apr-8109"]
六月 24, 2015 4:27:26 下午 org.apache.catalina.startup.Catalina load
信息: Initialization processed in 312 ms
六月 24, 2015 4:27:26 下午 org.apache.catalina.core.StandardService startInternal
信息: Starting service Catalina
六月 24, 2015 4:27:26 下午 org.apache.catalina.core.StandardEngine startInternal
信息: Starting Servlet Engine: Apache Tomcat/7.0.62
六月 24, 2015 4:27:26 下午 org.apache.catalina.startup.HostConfig deployDirectory
信息: Deploying web application directory D:\Workspaces\eclipse43\apache-tomcat7\webapps\docs
六月 24, 2015 4:27:26 下午 org.apache.catalina.util.SessionIdGeneratorBase createSecureRandom
信息: Creation of SecureRandom instance for session ID generation using [SHA1PRNG] took [247] milliseconds.
六月 24, 2015 4:27:26 下午 org.apache.catalina.startup.HostConfig deployDirectory
信息: Deployment of web application directory D:\Workspaces\eclipse43\apache-tomcat7\webapps\docs has finished in 766 ms
六月 24, 2015 4:27:26 下午 org.apache.catalina.startup.HostConfig deployDirectory
信息: Deploying web application directory D:\Workspaces\eclipse43\apache-tomcat7\webapps\examples
六月 24, 2015 4:27:26 下午 org.apache.catalina.deploy.WebXml setVersion
警告: Unknown version string [3.1]. Default version will be used.
六月 24, 2015 4:27:27 下午 org.apache.catalina.startup.TldConfig execute
信息: At least one JAR was scanned for TLDs yet contained no TLDs. Enable debug logging for this logger for a complete list of JARs that were scanned but no TLDs were found in them. Skipping unneeded JARs during scanning can improve startup time and JSP compilation time.
六月 24, 2015 4:27:27 下午 org.apache.catalina.core.StandardContext startInternal
严重: One or more Filters failed to start. Full details will be found in the appropriate container log file
六月 24, 2015 4:27:27 下午 org.apache.catalina.core.StandardContext startInternal
严重: Context [/examples] startup failed due to previous errors
六月 24, 2015 4:27:27 下午 org.apache.catalina.startup.HostConfig deployDirectory
信息: Deployment of web application directory D:\Workspaces\eclipse43\apache-tomcat7\webapps\examples has finished in 406 ms
六月 24, 2015 4:27:27 下午 org.apache.catalina.startup.HostConfig deployDirectory
信息: Deploying web application directory D:\Workspaces\eclipse43\apache-tomcat7\webapps\host-manager
六月 24, 2015 4:27:27 下午 org.apache.catalina.startup.HostConfig deployDirectory
信息: Deployment of web application directory D:\Workspaces\eclipse43\apache-tomcat7\webapps\host-manager has finished in 77 ms
六月 24, 2015 4:27:27 下午 org.apache.catalina.startup.HostConfig deployDirectory
信息: Deploying web application directory D:\Workspaces\eclipse43\apache-tomcat7\webapps\manager
六月 24, 2015 4:27:27 下午 org.apache.catalina.startup.HostConfig deployDirectory
信息: Deployment of web application directory D:\Workspaces\eclipse43\apache-tomcat7\webapps\manager has finished in 60 ms
六月 24, 2015 4:27:27 下午 org.apache.catalina.startup.HostConfig deployDirectory
信息: Deploying web application directory D:\Workspaces\eclipse43\apache-tomcat7\webapps\ROOT
六月 24, 2015 4:27:27 下午 org.apache.catalina.startup.HostConfig deployDirectory
信息: Deployment of web application directory D:\Workspaces\eclipse43\apache-tomcat7\webapps\ROOT has finished in 48 ms
六月 24, 2015 4:27:27 下午 org.apache.coyote.AbstractProtocol start
信息: Starting ProtocolHandler ["http-apr-8180"]
六月 24, 2015 4:27:27 下午 org.apache.coyote.AbstractProtocol start
信息: Starting ProtocolHandler ["ajp-apr-8109"]
六月 24, 2015 4:27:27 下午 org.apache.catalina.startup.Catalina start
信息: Server startup in 319 ms
六月 24, 2015 4:39:02 下午 org.apache.catalina.startup.VersionLoggerListener log
信息: Server version:        Apache Tomcat/7.0.62
六月 24, 2015 4:39:02 下午 org.apache.catalina.startup.VersionLoggerListener log
信息: Server built:          May 7 2015 17:14:55 UTC
六月 24, 2015 4:39:02 下午 org.apache.catalina.startup.VersionLoggerListener log
信息: Server number:         7.0.62.0
六月 24, 2015 4:39:02 下午 org.apache.catalina.startup.VersionLoggerListener log
信息: OS Name:               Windows 7
六月 24, 2015 4:39:02 下午 org.apache.catalina.startup.VersionLoggerListener log
信息: OS Version:            6.1
六月 24, 2015 4:39:02 下午 org.apache.catalina.startup.VersionLoggerListener log
信息: Architecture:          amd64
六月 24, 2015 4:39:02 下午 org.apache.catalina.startup.VersionLoggerListener log
信息: Java Home:             C:\Program Files\Java\jdk1.7.0_79\jre
六月 24, 2015 4:39:02 下午 org.apache.catalina.startup.VersionLoggerListener log
信息: JVM Version:           1.7.0_79-b15
六月 24, 2015 4:39:02 下午 org.apache.catalina.startup.VersionLoggerListener log
信息: JVM Vendor:            Oracle Corporation
六月 24, 2015 4:39:02 下午 org.apache.catalina.startup.VersionLoggerListener log
信息: CATALINA_BASE:         D:\Workspaces\eclipse43\apache-tomcat7
六月 24, 2015 4:39:02 下午 org.apache.catalina.startup.VersionLoggerListener log
信息: CATALINA_HOME:         D:\Workspaces\eclipse43\apache-tomcat7
六月 24, 2015 4:39:02 下午 org.apache.catalina.startup.VersionLoggerListener log
信息: Command line argument: -Djava.util.logging.config.file=D:\Workspaces\eclipse43\apache-tomcat7\conf\logging.properties
六月 24, 2015 4:39:02 下午 org.apache.catalina.startup.VersionLoggerListener log
信息: Command line argument: -Djava.util.logging.manager=org.apache.juli.ClassLoaderLogManager
六月 24, 2015 4:39:02 下午 org.apache.catalina.startup.VersionLoggerListener log
信息: Command line argument: -Djava.endorsed.dirs=D:\Workspaces\eclipse43\apache-tomcat7\endorsed
六月 24, 2015 4:39:02 下午 org.apache.catalina.startup.VersionLoggerListener log
信息: Command line argument: -Dcatalina.base=D:\Workspaces\eclipse43\apache-tomcat7
六月 24, 2015 4:39:02 下午 org.apache.catalina.startup.VersionLoggerListener log
信息: Command line argument: -Dcatalina.home=D:\Workspaces\eclipse43\apache-tomcat7
六月 24, 2015 4:39:02 下午 org.apache.catalina.startup.VersionLoggerListener log
信息: Command line argument: -Djava.io.tmpdir=D:\Workspaces\eclipse43\apache-tomcat7\temp
六月 24, 2015 4:39:02 下午 org.apache.catalina.core.AprLifecycleListener lifecycleEvent
信息: Loaded APR based Apache Tomcat Native library 1.1.33 using APR version 1.5.1.
六月 24, 2015 4:39:02 下午 org.apache.catalina.core.AprLifecycleListener lifecycleEvent
信息: APR capabilities: IPv6 [true], sendfile [true], accept filters [false], random [true].
六月 24, 2015 4:39:02 下午 org.apache.catalina.core.AprLifecycleListener initializeSSL
信息: OpenSSL successfully initialized (OpenSSL 1.0.1m 19 Mar 2015)
六月 24, 2015 4:39:03 下午 org.apache.coyote.AbstractProtocol init
信息: Initializing ProtocolHandler ["http-apr-8180"]
六月 24, 2015 4:39:03 下午 org.apache.coyote.AbstractProtocol init
严重: Failed to initialize end point associated with ProtocolHandler ["http-apr-8180"]
java.lang.Exception: Socket bind failed: [730013] ???????????????í????×??????・??????×?
	at org.apache.tomcat.util.net.AprEndpoint.bind(AprEndpoint.java:453)
	at org.apache.tomcat.util.net.AbstractEndpoint.init(AbstractEndpoint.java:649)
	at org.apache.coyote.AbstractProtocol.init(AbstractProtocol.java:434)
	at org.apache.catalina.connector.Connector.initInternal(Connector.java:978)
	at org.apache.catalina.util.LifecycleBase.init(LifecycleBase.java:102)
	at org.apache.catalina.core.StandardService.initInternal(StandardService.java:559)
	at org.apache.catalina.util.LifecycleBase.init(LifecycleBase.java:102)
	at org.apache.catalina.core.StandardServer.initInternal(StandardServer.java:821)
	at org.apache.catalina.util.LifecycleBase.init(LifecycleBase.java:102)
	at org.apache.catalina.startup.Catalina.load(Catalina.java:638)
	at org.apache.catalina.startup.Catalina.load(Catalina.java:663)
	at sun.reflect.NativeMethodAccessorImpl.invoke0(Native Method)
	at sun.reflect.NativeMethodAccessorImpl.invoke(NativeMethodAccessorImpl.java:57)
	at sun.reflect.DelegatingMethodAccessorImpl.invoke(DelegatingMethodAccessorImpl.java:43)
	at java.lang.reflect.Method.invoke(Method.java:606)
	at org.apache.catalina.startup.Bootstrap.load(Bootstrap.java:280)
	at org.apache.catalina.startup.Bootstrap.main(Bootstrap.java:454)

六月 24, 2015 4:39:03 下午 org.apache.catalina.core.StandardService initInternal
严重: Failed to initialize connector [Connector[HTTP/1.1-8180]]
org.apache.catalina.LifecycleException: Failed to initialize component [Connector[HTTP/1.1-8180]]
	at org.apache.catalina.util.LifecycleBase.init(LifecycleBase.java:106)
	at org.apache.catalina.core.StandardService.initInternal(StandardService.java:559)
	at org.apache.catalina.util.LifecycleBase.init(LifecycleBase.java:102)
	at org.apache.catalina.core.StandardServer.initInternal(StandardServer.java:821)
	at org.apache.catalina.util.LifecycleBase.init(LifecycleBase.java:102)
	at org.apache.catalina.startup.Catalina.load(Catalina.java:638)
	at org.apache.catalina.startup.Catalina.load(Catalina.java:663)
	at sun.reflect.NativeMethodAccessorImpl.invoke0(Native Method)
	at sun.reflect.NativeMethodAccessorImpl.invoke(NativeMethodAccessorImpl.java:57)
	at sun.reflect.DelegatingMethodAccessorImpl.invoke(DelegatingMethodAccessorImpl.java:43)
	at java.lang.reflect.Method.invoke(Method.java:606)
	at org.apache.catalina.startup.Bootstrap.load(Bootstrap.java:280)
	at org.apache.catalina.startup.Bootstrap.main(Bootstrap.java:454)
Caused by: org.apache.catalina.LifecycleException: Protocol handler initialization failed
	at org.apache.catalina.connector.Connector.initInternal(Connector.java:980)
	at org.apache.catalina.util.LifecycleBase.init(LifecycleBase.java:102)
	... 12 more
Caused by: java.lang.Exception: Socket bind failed: [730013] ???????????????í????×??????・??????×?
	at org.apache.tomcat.util.net.AprEndpoint.bind(AprEndpoint.java:453)
	at org.apache.tomcat.util.net.AbstractEndpoint.init(AbstractEndpoint.java:649)
	at org.apache.coyote.AbstractProtocol.init(AbstractProtocol.java:434)
	at org.apache.catalina.connector.Connector.initInternal(Connector.java:978)
	... 13 more

六月 24, 2015 4:39:03 下午 org.apache.coyote.AbstractProtocol init
信息: Initializing ProtocolHandler ["ajp-apr-8109"]
六月 24, 2015 4:39:03 下午 org.apache.coyote.AbstractProtocol init
严重: Failed to initialize end point associated with ProtocolHandler ["ajp-apr-8109"]
java.lang.Exception: Socket bind failed: [730013] ???????????????í????×??????・??????×?
	at org.apache.tomcat.util.net.AprEndpoint.bind(AprEndpoint.java:453)
	at org.apache.tomcat.util.net.AbstractEndpoint.init(AbstractEndpoint.java:649)
	at org.apache.coyote.AbstractProtocol.init(AbstractProtocol.java:434)
	at org.apache.catalina.connector.Connector.initInternal(Connector.java:978)
	at org.apache.catalina.util.LifecycleBase.init(LifecycleBase.java:102)
	at org.apache.catalina.core.StandardService.initInternal(StandardService.java:559)
	at org.apache.catalina.util.LifecycleBase.init(LifecycleBase.java:102)
	at org.apache.catalina.core.StandardServer.initInternal(StandardServer.java:821)
	at org.apache.catalina.util.LifecycleBase.init(LifecycleBase.java:102)
	at org.apache.catalina.startup.Catalina.load(Catalina.java:638)
	at org.apache.catalina.startup.Catalina.load(Catalina.java:663)
	at sun.reflect.NativeMethodAccessorImpl.invoke0(Native Method)
	at sun.reflect.NativeMethodAccessorImpl.invoke(NativeMethodAccessorImpl.java:57)
	at sun.reflect.DelegatingMethodAccessorImpl.invoke(DelegatingMethodAccessorImpl.java:43)
	at java.lang.reflect.Method.invoke(Method.java:606)
	at org.apache.catalina.startup.Bootstrap.load(Bootstrap.java:280)
	at org.apache.catalina.startup.Bootstrap.main(Bootstrap.java:454)

六月 24, 2015 4:39:03 下午 org.apache.catalina.core.StandardService initInternal
严重: Failed to initialize connector [Connector[AJP/1.3-8109]]
org.apache.catalina.LifecycleException: Failed to initialize component [Connector[AJP/1.3-8109]]
	at org.apache.catalina.util.LifecycleBase.init(LifecycleBase.java:106)
	at org.apache.catalina.core.StandardService.initInternal(StandardService.java:559)
	at org.apache.catalina.util.LifecycleBase.init(LifecycleBase.java:102)
	at org.apache.catalina.core.StandardServer.initInternal(StandardServer.java:821)
	at org.apache.catalina.util.LifecycleBase.init(LifecycleBase.java:102)
	at org.apache.catalina.startup.Catalina.load(Catalina.java:638)
	at org.apache.catalina.startup.Catalina.load(Catalina.java:663)
	at sun.reflect.NativeMethodAccessorImpl.invoke0(Native Method)
	at sun.reflect.NativeMethodAccessorImpl.invoke(NativeMethodAccessorImpl.java:57)
	at sun.reflect.DelegatingMethodAccessorImpl.invoke(DelegatingMethodAccessorImpl.java:43)
	at java.lang.reflect.Method.invoke(Method.java:606)
	at org.apache.catalina.startup.Bootstrap.load(Bootstrap.java:280)
	at org.apache.catalina.startup.Bootstrap.main(Bootstrap.java:454)
Caused by: org.apache.catalina.LifecycleException: Protocol handler initialization failed
	at org.apache.catalina.connector.Connector.initInternal(Connector.java:980)
	at org.apache.catalina.util.LifecycleBase.init(LifecycleBase.java:102)
	... 12 more
Caused by: java.lang.Exception: Socket bind failed: [730013] ???????????????í????×??????・??????×?
	at org.apache.tomcat.util.net.AprEndpoint.bind(AprEndpoint.java:453)
	at org.apache.tomcat.util.net.AbstractEndpoint.init(AbstractEndpoint.java:649)
	at org.apache.coyote.AbstractProtocol.init(AbstractProtocol.java:434)
	at org.apache.catalina.connector.Connector.initInternal(Connector.java:978)
	... 13 more

六月 24, 2015 4:39:03 下午 org.apache.catalina.startup.Catalina load
信息: Initialization processed in 345 ms
六月 24, 2015 4:39:03 下午 org.apache.catalina.core.StandardService startInternal
信息: Starting service Catalina
六月 24, 2015 4:39:03 下午 org.apache.catalina.core.StandardEngine startInternal
信息: Starting Servlet Engine: Apache Tomcat/7.0.62
六月 24, 2015 4:39:03 下午 org.apache.catalina.startup.HostConfig deployDirectory
信息: Deploying web application directory D:\Workspaces\eclipse43\apache-tomcat7\webapps\docs
六月 24, 2015 4:39:03 下午 org.apache.catalina.util.SessionIdGeneratorBase createSecureRandom
信息: Creation of SecureRandom instance for session ID generation using [SHA1PRNG] took [208] milliseconds.
六月 24, 2015 4:39:03 下午 org.apache.catalina.startup.HostConfig deployDirectory
信息: Deployment of web application directory D:\Workspaces\eclipse43\apache-tomcat7\webapps\docs has finished in 680 ms
六月 24, 2015 4:39:03 下午 org.apache.catalina.startup.HostConfig deployDirectory
信息: Deploying web application directory D:\Workspaces\eclipse43\apache-tomcat7\webapps\examples
六月 24, 2015 4:39:03 下午 org.apache.catalina.deploy.WebXml setVersion
警告: Unknown version string [3.1]. Default version will be used.
六月 24, 2015 4:39:04 下午 org.apache.catalina.startup.TldConfig execute
信息: At least one JAR was scanned for TLDs yet contained no TLDs. Enable debug logging for this logger for a complete list of JARs that were scanned but no TLDs were found in them. Skipping unneeded JARs during scanning can improve startup time and JSP compilation time.
六月 24, 2015 4:39:04 下午 org.apache.catalina.startup.HostConfig deployDirectory
信息: Deployment of web application directory D:\Workspaces\eclipse43\apache-tomcat7\webapps\examples has finished in 453 ms
六月 24, 2015 4:39:04 下午 org.apache.catalina.startup.HostConfig deployDirectory
信息: Deploying web application directory D:\Workspaces\eclipse43\apache-tomcat7\webapps\host-manager
六月 24, 2015 4:39:04 下午 org.apache.catalina.startup.HostConfig deployDirectory
信息: Deployment of web application directory D:\Workspaces\eclipse43\apache-tomcat7\webapps\host-manager has finished in 79 ms
六月 24, 2015 4:39:04 下午 org.apache.catalina.startup.HostConfig deployDirectory
信息: Deploying web application directory D:\Workspaces\eclipse43\apache-tomcat7\webapps\manager
六月 24, 2015 4:39:04 下午 org.apache.catalina.startup.HostConfig deployDirectory
信息: Deployment of web application directory D:\Workspaces\eclipse43\apache-tomcat7\webapps\manager has finished in 60 ms
六月 24, 2015 4:39:04 下午 org.apache.catalina.startup.HostConfig deployDirectory
信息: Deploying web application directory D:\Workspaces\eclipse43\apache-tomcat7\webapps\ROOT
六月 24, 2015 4:39:04 下午 org.apache.catalina.startup.HostConfig deployDirectory
信息: Deployment of web application directory D:\Workspaces\eclipse43\apache-tomcat7\webapps\ROOT has finished in 57 ms
六月 24, 2015 4:39:04 下午 org.apache.catalina.startup.Catalina start
信息: Server startup in 309 ms
六月 24, 2015 4:39:04 下午 org.apache.catalina.core.StandardServer await
严重: StandardServer.await: create[localhost:8105]: 
java.net.BindException: Address already in use: JVM_Bind
	at java.net.DualStackPlainSocketImpl.bind0(Native Method)
	at java.net.DualStackPlainSocketImpl.socketBind(DualStackPlainSocketImpl.java:106)
	at java.net.AbstractPlainSocketImpl.bind(AbstractPlainSocketImpl.java:376)
	at java.net.PlainSocketImpl.bind(PlainSocketImpl.java:190)
	at java.net.ServerSocket.bind(ServerSocket.java:376)
	at java.net.ServerSocket.<init>(ServerSocket.java:237)
	at org.apache.catalina.core.StandardServer.await(StandardServer.java:427)
	at org.apache.catalina.startup.Catalina.await(Catalina.java:777)
	at org.apache.catalina.startup.Catalina.start(Catalina.java:723)
	at sun.reflect.NativeMethodAccessorImpl.invoke0(Native Method)
	at sun.reflect.NativeMethodAccessorImpl.invoke(NativeMethodAccessorImpl.java:57)
	at sun.reflect.DelegatingMethodAccessorImpl.invoke(DelegatingMethodAccessorImpl.java:43)
	at java.lang.reflect.Method.invoke(Method.java:606)
	at org.apache.catalina.startup.Bootstrap.start(Bootstrap.java:321)
	at org.apache.catalina.startup.Bootstrap.main(Bootstrap.java:455)

六月 24, 2015 4:39:04 下午 org.apache.coyote.AbstractProtocol pause
信息: Pausing ProtocolHandler ["http-apr-8180"]
六月 24, 2015 4:39:04 下午 org.apache.coyote.AbstractProtocol pause
信息: Pausing ProtocolHandler ["ajp-apr-8109"]
六月 24, 2015 4:39:04 下午 org.apache.catalina.core.StandardService stopInternal
信息: Stopping service Catalina
六月 24, 2015 4:39:04 下午 org.apache.coyote.AbstractProtocol stop
信息: Stopping ProtocolHandler ["http-apr-8180"]
六月 24, 2015 4:39:04 下午 org.apache.coyote.AbstractProtocol destroy
信息: Destroying ProtocolHandler ["http-apr-8180"]
六月 24, 2015 4:39:04 下午 org.apache.coyote.AbstractProtocol stop
信息: Stopping ProtocolHandler ["ajp-apr-8109"]
六月 24, 2015 4:39:04 下午 org.apache.coyote.AbstractProtocol destroy
信息: Destroying ProtocolHandler ["ajp-apr-8109"]
六月 24, 2015 4:39:53 下午 org.apache.catalina.startup.VersionLoggerListener log
信息: Server version:        Apache Tomcat/7.0.62
六月 24, 2015 4:39:53 下午 org.apache.catalina.startup.VersionLoggerListener log
信息: Server built:          May 7 2015 17:14:55 UTC
六月 24, 2015 4:39:53 下午 org.apache.catalina.startup.VersionLoggerListener log
信息: Server number:         7.0.62.0
六月 24, 2015 4:39:53 下午 org.apache.catalina.startup.VersionLoggerListener log
信息: OS Name:               Windows 7
六月 24, 2015 4:39:53 下午 org.apache.catalina.startup.VersionLoggerListener log
信息: OS Version:            6.1
六月 24, 2015 4:39:53 下午 org.apache.catalina.startup.VersionLoggerListener log
信息: Architecture:          amd64
六月 24, 2015 4:39:53 下午 org.apache.catalina.startup.VersionLoggerListener log
信息: Java Home:             C:\Program Files\Java\jdk1.7.0_79\jre
六月 24, 2015 4:39:53 下午 org.apache.catalina.startup.VersionLoggerListener log
信息: JVM Version:           1.7.0_79-b15
六月 24, 2015 4:39:53 下午 org.apache.catalina.startup.VersionLoggerListener log
信息: JVM Vendor:            Oracle Corporation
六月 24, 2015 4:39:53 下午 org.apache.catalina.startup.VersionLoggerListener log
信息: CATALINA_BASE:         D:\Workspaces\eclipse43\apache-tomcat7
六月 24, 2015 4:39:53 下午 org.apache.catalina.startup.VersionLoggerListener log
信息: CATALINA_HOME:         D:\Workspaces\eclipse43\apache-tomcat7
六月 24, 2015 4:39:53 下午 org.apache.catalina.startup.VersionLoggerListener log
信息: Command line argument: -Djava.util.logging.config.file=D:\Workspaces\eclipse43\apache-tomcat7\conf\logging.properties
六月 24, 2015 4:39:53 下午 org.apache.catalina.startup.VersionLoggerListener log
信息: Command line argument: -Djava.util.logging.manager=org.apache.juli.ClassLoaderLogManager
六月 24, 2015 4:39:53 下午 org.apache.catalina.startup.VersionLoggerListener log
信息: Command line argument: -Djava.endorsed.dirs=D:\Workspaces\eclipse43\apache-tomcat7\endorsed
六月 24, 2015 4:39:53 下午 org.apache.catalina.startup.VersionLoggerListener log
信息: Command line argument: -Dcatalina.base=D:\Workspaces\eclipse43\apache-tomcat7
六月 24, 2015 4:39:53 下午 org.apache.catalina.startup.VersionLoggerListener log
信息: Command line argument: -Dcatalina.home=D:\Workspaces\eclipse43\apache-tomcat7
六月 24, 2015 4:39:53 下午 org.apache.catalina.startup.VersionLoggerListener log
信息: Command line argument: -Djava.io.tmpdir=D:\Workspaces\eclipse43\apache-tomcat7\temp
六月 24, 2015 4:39:53 下午 org.apache.catalina.core.AprLifecycleListener lifecycleEvent
信息: Loaded APR based Apache Tomcat Native library 1.1.33 using APR version 1.5.1.
六月 24, 2015 4:39:53 下午 org.apache.catalina.core.AprLifecycleListener lifecycleEvent
信息: APR capabilities: IPv6 [true], sendfile [true], accept filters [false], random [true].
六月 24, 2015 4:39:54 下午 org.apache.catalina.core.AprLifecycleListener initializeSSL
信息: OpenSSL successfully initialized (OpenSSL 1.0.1m 19 Mar 2015)
六月 24, 2015 4:39:54 下午 org.apache.coyote.AbstractProtocol init
信息: Initializing ProtocolHandler ["http-apr-8180"]
六月 24, 2015 4:39:54 下午 org.apache.coyote.AbstractProtocol init
严重: Failed to initialize end point associated with ProtocolHandler ["http-apr-8180"]
java.lang.Exception: Socket bind failed: [730013] ???????????????í????×??????・??????×?
	at org.apache.tomcat.util.net.AprEndpoint.bind(AprEndpoint.java:453)
	at org.apache.tomcat.util.net.AbstractEndpoint.init(AbstractEndpoint.java:649)
	at org.apache.coyote.AbstractProtocol.init(AbstractProtocol.java:434)
	at org.apache.catalina.connector.Connector.initInternal(Connector.java:978)
	at org.apache.catalina.util.LifecycleBase.init(LifecycleBase.java:102)
	at org.apache.catalina.core.StandardService.initInternal(StandardService.java:559)
	at org.apache.catalina.util.LifecycleBase.init(LifecycleBase.java:102)
	at org.apache.catalina.core.StandardServer.initInternal(StandardServer.java:821)
	at org.apache.catalina.util.LifecycleBase.init(LifecycleBase.java:102)
	at org.apache.catalina.startup.Catalina.load(Catalina.java:638)
	at org.apache.catalina.startup.Catalina.load(Catalina.java:663)
	at sun.reflect.NativeMethodAccessorImpl.invoke0(Native Method)
	at sun.reflect.NativeMethodAccessorImpl.invoke(NativeMethodAccessorImpl.java:57)
	at sun.reflect.DelegatingMethodAccessorImpl.invoke(DelegatingMethodAccessorImpl.java:43)
	at java.lang.reflect.Method.invoke(Method.java:606)
	at org.apache.catalina.startup.Bootstrap.load(Bootstrap.java:280)
	at org.apache.catalina.startup.Bootstrap.main(Bootstrap.java:454)

六月 24, 2015 4:39:54 下午 org.apache.catalina.core.StandardService initInternal
严重: Failed to initialize connector [Connector[HTTP/1.1-8180]]
org.apache.catalina.LifecycleException: Failed to initialize component [Connector[HTTP/1.1-8180]]
	at org.apache.catalina.util.LifecycleBase.init(LifecycleBase.java:106)
	at org.apache.catalina.core.StandardService.initInternal(StandardService.java:559)
	at org.apache.catalina.util.LifecycleBase.init(LifecycleBase.java:102)
	at org.apache.catalina.core.StandardServer.initInternal(StandardServer.java:821)
	at org.apache.catalina.util.LifecycleBase.init(LifecycleBase.java:102)
	at org.apache.catalina.startup.Catalina.load(Catalina.java:638)
	at org.apache.catalina.startup.Catalina.load(Catalina.java:663)
	at sun.reflect.NativeMethodAccessorImpl.invoke0(Native Method)
	at sun.reflect.NativeMethodAccessorImpl.invoke(NativeMethodAccessorImpl.java:57)
	at sun.reflect.DelegatingMethodAccessorImpl.invoke(DelegatingMethodAccessorImpl.java:43)
	at java.lang.reflect.Method.invoke(Method.java:606)
	at org.apache.catalina.startup.Bootstrap.load(Bootstrap.java:280)
	at org.apache.catalina.startup.Bootstrap.main(Bootstrap.java:454)
Caused by: org.apache.catalina.LifecycleException: Protocol handler initialization failed
	at org.apache.catalina.connector.Connector.initInternal(Connector.java:980)
	at org.apache.catalina.util.LifecycleBase.init(LifecycleBase.java:102)
	... 12 more
Caused by: java.lang.Exception: Socket bind failed: [730013] ???????????????í????×??????・??????×?
	at org.apache.tomcat.util.net.AprEndpoint.bind(AprEndpoint.java:453)
	at org.apache.tomcat.util.net.AbstractEndpoint.init(AbstractEndpoint.java:649)
	at org.apache.coyote.AbstractProtocol.init(AbstractProtocol.java:434)
	at org.apache.catalina.connector.Connector.initInternal(Connector.java:978)
	... 13 more

六月 24, 2015 4:39:54 下午 org.apache.coyote.AbstractProtocol init
信息: Initializing ProtocolHandler ["ajp-apr-8109"]
六月 24, 2015 4:39:54 下午 org.apache.coyote.AbstractProtocol init
严重: Failed to initialize end point associated with ProtocolHandler ["ajp-apr-8109"]
java.lang.Exception: Socket bind failed: [730013] ???????????????í????×??????・??????×?
	at org.apache.tomcat.util.net.AprEndpoint.bind(AprEndpoint.java:453)
	at org.apache.tomcat.util.net.AbstractEndpoint.init(AbstractEndpoint.java:649)
	at org.apache.coyote.AbstractProtocol.init(AbstractProtocol.java:434)
	at org.apache.catalina.connector.Connector.initInternal(Connector.java:978)
	at org.apache.catalina.util.LifecycleBase.init(LifecycleBase.java:102)
	at org.apache.catalina.core.StandardService.initInternal(StandardService.java:559)
	at org.apache.catalina.util.LifecycleBase.init(LifecycleBase.java:102)
	at org.apache.catalina.core.StandardServer.initInternal(StandardServer.java:821)
	at org.apache.catalina.util.LifecycleBase.init(LifecycleBase.java:102)
	at org.apache.catalina.startup.Catalina.load(Catalina.java:638)
	at org.apache.catalina.startup.Catalina.load(Catalina.java:663)
	at sun.reflect.NativeMethodAccessorImpl.invoke0(Native Method)
	at sun.reflect.NativeMethodAccessorImpl.invoke(NativeMethodAccessorImpl.java:57)
	at sun.reflect.DelegatingMethodAccessorImpl.invoke(DelegatingMethodAccessorImpl.java:43)
	at java.lang.reflect.Method.invoke(Method.java:606)
	at org.apache.catalina.startup.Bootstrap.load(Bootstrap.java:280)
	at org.apache.catalina.startup.Bootstrap.main(Bootstrap.java:454)

六月 24, 2015 4:39:54 下午 org.apache.catalina.core.StandardService initInternal
严重: Failed to initialize connector [Connector[AJP/1.3-8109]]
org.apache.catalina.LifecycleException: Failed to initialize component [Connector[AJP/1.3-8109]]
	at org.apache.catalina.util.LifecycleBase.init(LifecycleBase.java:106)
	at org.apache.catalina.core.StandardService.initInternal(StandardService.java:559)
	at org.apache.catalina.util.LifecycleBase.init(LifecycleBase.java:102)
	at org.apache.catalina.core.StandardServer.initInternal(StandardServer.java:821)
	at org.apache.catalina.util.LifecycleBase.init(LifecycleBase.java:102)
	at org.apache.catalina.startup.Catalina.load(Catalina.java:638)
	at org.apache.catalina.startup.Catalina.load(Catalina.java:663)
	at sun.reflect.NativeMethodAccessorImpl.invoke0(Native Method)
	at sun.reflect.NativeMethodAccessorImpl.invoke(NativeMethodAccessorImpl.java:57)
	at sun.reflect.DelegatingMethodAccessorImpl.invoke(DelegatingMethodAccessorImpl.java:43)
	at java.lang.reflect.Method.invoke(Method.java:606)
	at org.apache.catalina.startup.Bootstrap.load(Bootstrap.java:280)
	at org.apache.catalina.startup.Bootstrap.main(Bootstrap.java:454)
Caused by: org.apache.catalina.LifecycleException: Protocol handler initialization failed
	at org.apache.catalina.connector.Connector.initInternal(Connector.java:980)
	at org.apache.catalina.util.LifecycleBase.init(LifecycleBase.java:102)
	... 12 more
Caused by: java.lang.Exception: Socket bind failed: [730013] ???????????????í????×??????・??????×?
	at org.apache.tomcat.util.net.AprEndpoint.bind(AprEndpoint.java:453)
	at org.apache.tomcat.util.net.AbstractEndpoint.init(AbstractEndpoint.java:649)
	at org.apache.coyote.AbstractProtocol.init(AbstractProtocol.java:434)
	at org.apache.catalina.connector.Connector.initInternal(Connector.java:978)
	... 13 more

六月 24, 2015 4:39:54 下午 org.apache.catalina.startup.Catalina load
信息: Initialization processed in 355 ms
六月 24, 2015 4:39:54 下午 org.apache.catalina.core.StandardService startInternal
信息: Starting service Catalina
六月 24, 2015 4:39:54 下午 org.apache.catalina.core.StandardEngine startInternal
信息: Starting Servlet Engine: Apache Tomcat/7.0.62
六月 24, 2015 4:39:54 下午 org.apache.catalina.startup.HostConfig deployDirectory
信息: Deploying web application directory D:\Workspaces\eclipse43\apache-tomcat7\webapps\docs
六月 24, 2015 4:39:54 下午 org.apache.catalina.util.SessionIdGeneratorBase createSecureRandom
信息: Creation of SecureRandom instance for session ID generation using [SHA1PRNG] took [230] milliseconds.
六月 24, 2015 4:39:55 下午 org.apache.catalina.startup.HostConfig deployDirectory
信息: Deployment of web application directory D:\Workspaces\eclipse43\apache-tomcat7\webapps\docs has finished in 684 ms
六月 24, 2015 4:39:55 下午 org.apache.catalina.startup.HostConfig deployDirectory
信息: Deploying web application directory D:\Workspaces\eclipse43\apache-tomcat7\webapps\examples
六月 24, 2015 4:39:55 下午 org.apache.catalina.deploy.WebXml setVersion
警告: Unknown version string [3.1]. Default version will be used.
六月 24, 2015 4:39:55 下午 org.apache.catalina.startup.TldConfig execute
信息: At least one JAR was scanned for TLDs yet contained no TLDs. Enable debug logging for this logger for a complete list of JARs that were scanned but no TLDs were found in them. Skipping unneeded JARs during scanning can improve startup time and JSP compilation time.
六月 24, 2015 4:39:55 下午 org.apache.catalina.startup.HostConfig deployDirectory
信息: Deployment of web application directory D:\Workspaces\eclipse43\apache-tomcat7\webapps\examples has finished in 397 ms
六月 24, 2015 4:39:55 下午 org.apache.catalina.startup.HostConfig deployDirectory
信息: Deploying web application directory D:\Workspaces\eclipse43\apache-tomcat7\webapps\host-manager
六月 24, 2015 4:39:55 下午 org.apache.catalina.startup.HostConfig deployDirectory
信息: Deployment of web application directory D:\Workspaces\eclipse43\apache-tomcat7\webapps\host-manager has finished in 70 ms
六月 24, 2015 4:39:55 下午 org.apache.catalina.startup.HostConfig deployDirectory
信息: Deploying web application directory D:\Workspaces\eclipse43\apache-tomcat7\webapps\manager
六月 24, 2015 4:39:55 下午 org.apache.catalina.startup.HostConfig deployDirectory
信息: Deployment of web application directory D:\Workspaces\eclipse43\apache-tomcat7\webapps\manager has finished in 61 ms
六月 24, 2015 4:39:55 下午 org.apache.catalina.startup.HostConfig deployDirectory
信息: Deploying web application directory D:\Workspaces\eclipse43\apache-tomcat7\webapps\ROOT
六月 24, 2015 4:39:55 下午 org.apache.catalina.startup.HostConfig deployDirectory
信息: Deployment of web application directory D:\Workspaces\eclipse43\apache-tomcat7\webapps\ROOT has finished in 52 ms
六月 24, 2015 4:39:55 下午 org.apache.catalina.startup.Catalina start
信息: Server startup in 294 ms
六月 24, 2015 4:39:55 下午 org.apache.catalina.core.StandardServer await
严重: StandardServer.await: create[localhost:8105]: 
java.net.BindException: Address already in use: JVM_Bind
	at java.net.DualStackPlainSocketImpl.bind0(Native Method)
	at java.net.DualStackPlainSocketImpl.socketBind(DualStackPlainSocketImpl.java:106)
	at java.net.AbstractPlainSocketImpl.bind(AbstractPlainSocketImpl.java:376)
	at java.net.PlainSocketImpl.bind(PlainSocketImpl.java:190)
	at java.net.ServerSocket.bind(ServerSocket.java:376)
	at java.net.ServerSocket.<init>(ServerSocket.java:237)
	at org.apache.catalina.core.StandardServer.await(StandardServer.java:427)
	at org.apache.catalina.startup.Catalina.await(Catalina.java:777)
	at org.apache.catalina.startup.Catalina.start(Catalina.java:723)
	at sun.reflect.NativeMethodAccessorImpl.invoke0(Native Method)
	at sun.reflect.NativeMethodAccessorImpl.invoke(NativeMethodAccessorImpl.java:57)
	at sun.reflect.DelegatingMethodAccessorImpl.invoke(DelegatingMethodAccessorImpl.java:43)
	at java.lang.reflect.Method.invoke(Method.java:606)
	at org.apache.catalina.startup.Bootstrap.start(Bootstrap.java:321)
	at org.apache.catalina.startup.Bootstrap.main(Bootstrap.java:455)

六月 24, 2015 4:39:55 下午 org.apache.coyote.AbstractProtocol pause
信息: Pausing ProtocolHandler ["http-apr-8180"]
六月 24, 2015 4:39:55 下午 org.apache.coyote.AbstractProtocol pause
信息: Pausing ProtocolHandler ["ajp-apr-8109"]
六月 24, 2015 4:39:55 下午 org.apache.catalina.core.StandardService stopInternal
信息: Stopping service Catalina
六月 24, 2015 4:39:55 下午 org.apache.coyote.AbstractProtocol stop
信息: Stopping ProtocolHandler ["http-apr-8180"]
六月 24, 2015 4:39:55 下午 org.apache.coyote.AbstractProtocol destroy
信息: Destroying ProtocolHandler ["http-apr-8180"]
六月 24, 2015 4:39:55 下午 org.apache.coyote.AbstractProtocol stop
信息: Stopping ProtocolHandler ["ajp-apr-8109"]
六月 24, 2015 4:39:55 下午 org.apache.coyote.AbstractProtocol destroy
信息: Destroying ProtocolHandler ["ajp-apr-8109"]
六月 24, 2015 4:40:19 下午 org.apache.catalina.startup.VersionLoggerListener log
信息: Server version:        Apache Tomcat/7.0.62
六月 24, 2015 4:40:19 下午 org.apache.catalina.startup.VersionLoggerListener log
信息: Server built:          May 7 2015 17:14:55 UTC
六月 24, 2015 4:40:19 下午 org.apache.catalina.startup.VersionLoggerListener log
信息: Server number:         7.0.62.0
六月 24, 2015 4:40:19 下午 org.apache.catalina.startup.VersionLoggerListener log
信息: OS Name:               Windows 7
六月 24, 2015 4:40:19 下午 org.apache.catalina.startup.VersionLoggerListener log
信息: OS Version:            6.1
六月 24, 2015 4:40:19 下午 org.apache.catalina.startup.VersionLoggerListener log
信息: Architecture:          amd64
六月 24, 2015 4:40:19 下午 org.apache.catalina.startup.VersionLoggerListener log
信息: Java Home:             C:\Program Files\Java\jdk1.7.0_79\jre
六月 24, 2015 4:40:19 下午 org.apache.catalina.startup.VersionLoggerListener log
信息: JVM Version:           1.7.0_79-b15
六月 24, 2015 4:40:19 下午 org.apache.catalina.startup.VersionLoggerListener log
信息: JVM Vendor:            Oracle Corporation
六月 24, 2015 4:40:19 下午 org.apache.catalina.startup.VersionLoggerListener log
信息: CATALINA_BASE:         D:\Workspaces\eclipse43\apache-tomcat7
六月 24, 2015 4:40:19 下午 org.apache.catalina.startup.VersionLoggerListener log
信息: CATALINA_HOME:         D:\Workspaces\eclipse43\apache-tomcat7
六月 24, 2015 4:40:19 下午 org.apache.catalina.startup.VersionLoggerListener log
信息: Command line argument: -Djava.util.logging.config.file=D:\Workspaces\eclipse43\apache-tomcat7\conf\logging.properties
六月 24, 2015 4:40:19 下午 org.apache.catalina.startup.VersionLoggerListener log
信息: Command line argument: -Djava.util.logging.manager=org.apache.juli.ClassLoaderLogManager
六月 24, 2015 4:40:19 下午 org.apache.catalina.startup.VersionLoggerListener log
信息: Command line argument: -Djava.endorsed.dirs=D:\Workspaces\eclipse43\apache-tomcat7\endorsed
六月 24, 2015 4:40:19 下午 org.apache.catalina.startup.VersionLoggerListener log
信息: Command line argument: -Dcatalina.base=D:\Workspaces\eclipse43\apache-tomcat7
六月 24, 2015 4:40:19 下午 org.apache.catalina.startup.VersionLoggerListener log
信息: Command line argument: -Dcatalina.home=D:\Workspaces\eclipse43\apache-tomcat7
六月 24, 2015 4:40:19 下午 org.apache.catalina.startup.VersionLoggerListener log
信息: Command line argument: -Djava.io.tmpdir=D:\Workspaces\eclipse43\apache-tomcat7\temp
六月 24, 2015 4:40:19 下午 org.apache.catalina.core.AprLifecycleListener lifecycleEvent
信息: Loaded APR based Apache Tomcat Native library 1.1.33 using APR version 1.5.1.
六月 24, 2015 4:40:19 下午 org.apache.catalina.core.AprLifecycleListener lifecycleEvent
信息: APR capabilities: IPv6 [true], sendfile [true], accept filters [false], random [true].
六月 24, 2015 4:40:20 下午 org.apache.catalina.core.AprLifecycleListener initializeSSL
信息: OpenSSL successfully initialized (OpenSSL 1.0.1m 19 Mar 2015)
六月 24, 2015 4:40:20 下午 org.apache.coyote.AbstractProtocol init
信息: Initializing ProtocolHandler ["http-apr-8180"]
六月 24, 2015 4:40:20 下午 org.apache.coyote.AbstractProtocol init
严重: Failed to initialize end point associated with ProtocolHandler ["http-apr-8180"]
java.lang.Exception: Socket bind failed: [730013] ???????????????í????×??????・??????×?
	at org.apache.tomcat.util.net.AprEndpoint.bind(AprEndpoint.java:453)
	at org.apache.tomcat.util.net.AbstractEndpoint.init(AbstractEndpoint.java:649)
	at org.apache.coyote.AbstractProtocol.init(AbstractProtocol.java:434)
	at org.apache.catalina.connector.Connector.initInternal(Connector.java:978)
	at org.apache.catalina.util.LifecycleBase.init(LifecycleBase.java:102)
	at org.apache.catalina.core.StandardService.initInternal(StandardService.java:559)
	at org.apache.catalina.util.LifecycleBase.init(LifecycleBase.java:102)
	at org.apache.catalina.core.StandardServer.initInternal(StandardServer.java:821)
	at org.apache.catalina.util.LifecycleBase.init(LifecycleBase.java:102)
	at org.apache.catalina.startup.Catalina.load(Catalina.java:638)
	at org.apache.catalina.startup.Catalina.load(Catalina.java:663)
	at sun.reflect.NativeMethodAccessorImpl.invoke0(Native Method)
	at sun.reflect.NativeMethodAccessorImpl.invoke(NativeMethodAccessorImpl.java:57)
	at sun.reflect.DelegatingMethodAccessorImpl.invoke(DelegatingMethodAccessorImpl.java:43)
	at java.lang.reflect.Method.invoke(Method.java:606)
	at org.apache.catalina.startup.Bootstrap.load(Bootstrap.java:280)
	at org.apache.catalina.startup.Bootstrap.main(Bootstrap.java:454)

六月 24, 2015 4:40:20 下午 org.apache.catalina.core.StandardService initInternal
严重: Failed to initialize connector [Connector[HTTP/1.1-8180]]
org.apache.catalina.LifecycleException: Failed to initialize component [Connector[HTTP/1.1-8180]]
	at org.apache.catalina.util.LifecycleBase.init(LifecycleBase.java:106)
	at org.apache.catalina.core.StandardService.initInternal(StandardService.java:559)
	at org.apache.catalina.util.LifecycleBase.init(LifecycleBase.java:102)
	at org.apache.catalina.core.StandardServer.initInternal(StandardServer.java:821)
	at org.apache.catalina.util.LifecycleBase.init(LifecycleBase.java:102)
	at org.apache.catalina.startup.Catalina.load(Catalina.java:638)
	at org.apache.catalina.startup.Catalina.load(Catalina.java:663)
	at sun.reflect.NativeMethodAccessorImpl.invoke0(Native Method)
	at sun.reflect.NativeMethodAccessorImpl.invoke(NativeMethodAccessorImpl.java:57)
	at sun.reflect.DelegatingMethodAccessorImpl.invoke(DelegatingMethodAccessorImpl.java:43)
	at java.lang.reflect.Method.invoke(Method.java:606)
	at org.apache.catalina.startup.Bootstrap.load(Bootstrap.java:280)
	at org.apache.catalina.startup.Bootstrap.main(Bootstrap.java:454)
Caused by: org.apache.catalina.LifecycleException: Protocol handler initialization failed
	at org.apache.catalina.connector.Connector.initInternal(Connector.java:980)
	at org.apache.catalina.util.LifecycleBase.init(LifecycleBase.java:102)
	... 12 more
Caused by: java.lang.Exception: Socket bind failed: [730013] ???????????????í????×??????・??????×?
	at org.apache.tomcat.util.net.AprEndpoint.bind(AprEndpoint.java:453)
	at org.apache.tomcat.util.net.AbstractEndpoint.init(AbstractEndpoint.java:649)
	at org.apache.coyote.AbstractProtocol.init(AbstractProtocol.java:434)
	at org.apache.catalina.connector.Connector.initInternal(Connector.java:978)
	... 13 more

六月 24, 2015 4:40:20 下午 org.apache.coyote.AbstractProtocol init
信息: Initializing ProtocolHandler ["ajp-apr-8109"]
六月 24, 2015 4:40:20 下午 org.apache.coyote.AbstractProtocol init
严重: Failed to initialize end point associated with ProtocolHandler ["ajp-apr-8109"]
java.lang.Exception: Socket bind failed: [730013] ???????????????í????×??????・??????×?
	at org.apache.tomcat.util.net.AprEndpoint.bind(AprEndpoint.java:453)
	at org.apache.tomcat.util.net.AbstractEndpoint.init(AbstractEndpoint.java:649)
	at org.apache.coyote.AbstractProtocol.init(AbstractProtocol.java:434)
	at org.apache.catalina.connector.Connector.initInternal(Connector.java:978)
	at org.apache.catalina.util.LifecycleBase.init(LifecycleBase.java:102)
	at org.apache.catalina.core.StandardService.initInternal(StandardService.java:559)
	at org.apache.catalina.util.LifecycleBase.init(LifecycleBase.java:102)
	at org.apache.catalina.core.StandardServer.initInternal(StandardServer.java:821)
	at org.apache.catalina.util.LifecycleBase.init(LifecycleBase.java:102)
	at org.apache.catalina.startup.Catalina.load(Catalina.java:638)
	at org.apache.catalina.startup.Catalina.load(Catalina.java:663)
	at sun.reflect.NativeMethodAccessorImpl.invoke0(Native Method)
	at sun.reflect.NativeMethodAccessorImpl.invoke(NativeMethodAccessorImpl.java:57)
	at sun.reflect.DelegatingMethodAccessorImpl.invoke(DelegatingMethodAccessorImpl.java:43)
	at java.lang.reflect.Method.invoke(Method.java:606)
	at org.apache.catalina.startup.Bootstrap.load(Bootstrap.java:280)
	at org.apache.catalina.startup.Bootstrap.main(Bootstrap.java:454)

六月 24, 2015 4:40:20 下午 org.apache.catalina.core.StandardService initInternal
严重: Failed to initialize connector [Connector[AJP/1.3-8109]]
org.apache.catalina.LifecycleException: Failed to initialize component [Connector[AJP/1.3-8109]]
	at org.apache.catalina.util.LifecycleBase.init(LifecycleBase.java:106)
	at org.apache.catalina.core.StandardService.initInternal(StandardService.java:559)
	at org.apache.catalina.util.LifecycleBase.init(LifecycleBase.java:102)
	at org.apache.catalina.core.StandardServer.initInternal(StandardServer.java:821)
	at org.apache.catalina.util.LifecycleBase.init(LifecycleBase.java:102)
	at org.apache.catalina.startup.Catalina.load(Catalina.java:638)
	at org.apache.catalina.startup.Catalina.load(Catalina.java:663)
	at sun.reflect.NativeMethodAccessorImpl.invoke0(Native Method)
	at sun.reflect.NativeMethodAccessorImpl.invoke(NativeMethodAccessorImpl.java:57)
	at sun.reflect.DelegatingMethodAccessorImpl.invoke(DelegatingMethodAccessorImpl.java:43)
	at java.lang.reflect.Method.invoke(Method.java:606)
	at org.apache.catalina.startup.Bootstrap.load(Bootstrap.java:280)
	at org.apache.catalina.startup.Bootstrap.main(Bootstrap.java:454)
Caused by: org.apache.catalina.LifecycleException: Protocol handler initialization failed
	at org.apache.catalina.connector.Connector.initInternal(Connector.java:980)
	at org.apache.catalina.util.LifecycleBase.init(LifecycleBase.java:102)
	... 12 more
Caused by: java.lang.Exception: Socket bind failed: [730013] ???????????????í????×??????・??????×?
	at org.apache.tomcat.util.net.AprEndpoint.bind(AprEndpoint.java:453)
	at org.apache.tomcat.util.net.AbstractEndpoint.init(AbstractEndpoint.java:649)
	at org.apache.coyote.AbstractProtocol.init(AbstractProtocol.java:434)
	at org.apache.catalina.connector.Connector.initInternal(Connector.java:978)
	... 13 more

六月 24, 2015 4:40:20 下午 org.apache.catalina.startup.Catalina load
信息: Initialization processed in 282 ms
六月 24, 2015 4:40:20 下午 org.apache.catalina.core.StandardService startInternal
信息: Starting service Catalina
六月 24, 2015 4:40:20 下午 org.apache.catalina.core.StandardEngine startInternal
信息: Starting Servlet Engine: Apache Tomcat/7.0.62
六月 24, 2015 4:40:20 下午 org.apache.catalina.startup.HostConfig deployDirectory
信息: Deploying web application directory D:\Workspaces\eclipse43\apache-tomcat7\webapps\docs
六月 24, 2015 4:40:21 下午 org.apache.catalina.util.SessionIdGeneratorBase createSecureRandom
信息: Creation of SecureRandom instance for session ID generation using [SHA1PRNG] took [224] milliseconds.
六月 24, 2015 4:40:21 下午 org.apache.catalina.startup.HostConfig deployDirectory
信息: Deployment of web application directory D:\Workspaces\eclipse43\apache-tomcat7\webapps\docs has finished in 705 ms
六月 24, 2015 4:40:21 下午 org.apache.catalina.startup.HostConfig deployDirectory
信息: Deploying web application directory D:\Workspaces\eclipse43\apache-tomcat7\webapps\examples
六月 24, 2015 4:40:21 下午 org.apache.catalina.deploy.WebXml setVersion
警告: Unknown version string [3.1]. Default version will be used.
六月 24, 2015 4:40:21 下午 org.apache.catalina.startup.TldConfig execute
信息: At least one JAR was scanned for TLDs yet contained no TLDs. Enable debug logging for this logger for a complete list of JARs that were scanned but no TLDs were found in them. Skipping unneeded JARs during scanning can improve startup time and JSP compilation time.
六月 24, 2015 4:40:21 下午 org.apache.catalina.startup.HostConfig deployDirectory
信息: Deployment of web application directory D:\Workspaces\eclipse43\apache-tomcat7\webapps\examples has finished in 439 ms
六月 24, 2015 4:40:21 下午 org.apache.catalina.startup.HostConfig deployDirectory
信息: Deploying web application directory D:\Workspaces\eclipse43\apache-tomcat7\webapps\host-manager
六月 24, 2015 4:40:21 下午 org.apache.catalina.startup.HostConfig deployDirectory
信息: Deployment of web application directory D:\Workspaces\eclipse43\apache-tomcat7\webapps\host-manager has finished in 68 ms
六月 24, 2015 4:40:21 下午 org.apache.catalina.startup.HostConfig deployDirectory
信息: Deploying web application directory D:\Workspaces\eclipse43\apache-tomcat7\webapps\manager
六月 24, 2015 4:40:21 下午 org.apache.catalina.startup.HostConfig deployDirectory
信息: Deployment of web application directory D:\Workspaces\eclipse43\apache-tomcat7\webapps\manager has finished in 60 ms
六月 24, 2015 4:40:21 下午 org.apache.catalina.startup.HostConfig deployDirectory
信息: Deploying web application directory D:\Workspaces\eclipse43\apache-tomcat7\webapps\ROOT
六月 24, 2015 4:40:21 下午 org.apache.catalina.startup.HostConfig deployDirectory
信息: Deployment of web application directory D:\Workspaces\eclipse43\apache-tomcat7\webapps\ROOT has finished in 51 ms
六月 24, 2015 4:40:21 下午 org.apache.catalina.startup.Catalina start
信息: Server startup in 307 ms
六月 24, 2015 4:40:21 下午 org.apache.catalina.core.StandardServer await
严重: StandardServer.await: create[localhost:8105]: 
java.net.BindException: Address already in use: JVM_Bind
	at java.net.DualStackPlainSocketImpl.bind0(Native Method)
	at java.net.DualStackPlainSocketImpl.socketBind(DualStackPlainSocketImpl.java:106)
	at java.net.AbstractPlainSocketImpl.bind(AbstractPlainSocketImpl.java:376)
	at java.net.PlainSocketImpl.bind(PlainSocketImpl.java:190)
	at java.net.ServerSocket.bind(ServerSocket.java:376)
	at java.net.ServerSocket.<init>(ServerSocket.java:237)
	at org.apache.catalina.core.StandardServer.await(StandardServer.java:427)
	at org.apache.catalina.startup.Catalina.await(Catalina.java:777)
	at org.apache.catalina.startup.Catalina.start(Catalina.java:723)
	at sun.reflect.NativeMethodAccessorImpl.invoke0(Native Method)
	at sun.reflect.NativeMethodAccessorImpl.invoke(NativeMethodAccessorImpl.java:57)
	at sun.reflect.DelegatingMethodAccessorImpl.invoke(DelegatingMethodAccessorImpl.java:43)
	at java.lang.reflect.Method.invoke(Method.java:606)
	at org.apache.catalina.startup.Bootstrap.start(Bootstrap.java:321)
	at org.apache.catalina.startup.Bootstrap.main(Bootstrap.java:455)

六月 24, 2015 4:40:21 下午 org.apache.coyote.AbstractProtocol pause
信息: Pausing ProtocolHandler ["http-apr-8180"]
六月 24, 2015 4:40:21 下午 org.apache.coyote.AbstractProtocol pause
信息: Pausing ProtocolHandler ["ajp-apr-8109"]
六月 24, 2015 4:40:21 下午 org.apache.catalina.core.StandardService stopInternal
信息: Stopping service Catalina
六月 24, 2015 4:40:21 下午 org.apache.coyote.AbstractProtocol stop
信息: Stopping ProtocolHandler ["http-apr-8180"]
六月 24, 2015 4:40:21 下午 org.apache.coyote.AbstractProtocol destroy
信息: Destroying ProtocolHandler ["http-apr-8180"]
六月 24, 2015 4:40:21 下午 org.apache.coyote.AbstractProtocol stop
信息: Stopping ProtocolHandler ["ajp-apr-8109"]
六月 24, 2015 4:40:21 下午 org.apache.coyote.AbstractProtocol destroy
信息: Destroying ProtocolHandler ["ajp-apr-8109"]
