六月 24, 2015 4:06:40 下午 org.apache.catalina.core.ApplicationContext log
信息: No Spring WebApplicationInitializer types detected on classpath
六月 24, 2015 4:06:40 下午 org.apache.catalina.core.ApplicationContext log
信息: Initializing Spring root WebApplicationContext
六月 24, 2015 4:06:42 下午 org.apache.catalina.core.ApplicationContext log
信息: Initializing Spring FrameworkServlet 'spring-mvc'
六月 24, 2015 4:06:44 下午 org.apache.catalina.core.ApplicationContext log
信息: ContextListener: contextInitialized()
六月 24, 2015 4:06:44 下午 org.apache.catalina.core.ApplicationContext log
信息: SessionListener: contextInitialized()
六月 24, 2015 4:06:44 下午 org.apache.catalina.core.ApplicationContext log
信息: ContextListener: attributeAdded('org.apache.jasper.compiler.TldLocationsCache', 'org.apache.jasper.compiler.TldLocationsCache@581359ad')
六月 24, 2015 4:07:15 下午 org.apache.catalina.core.ApplicationContext log
信息: ContextListener: contextInitialized()
六月 24, 2015 4:07:15 下午 org.apache.catalina.core.ApplicationContext log
信息: SessionListener: contextInitialized()
六月 24, 2015 4:07:15 下午 org.apache.catalina.core.ApplicationContext log
信息: ContextListener: attributeAdded('org.apache.jasper.compiler.TldLocationsCache', 'org.apache.jasper.compiler.TldLocationsCache@6de01862')
六月 24, 2015 4:11:25 下午 org.apache.catalina.core.ApplicationContext log
信息: ContextListener: contextInitialized()
六月 24, 2015 4:11:25 下午 org.apache.catalina.core.ApplicationContext log
信息: SessionListener: contextInitialized()
六月 24, 2015 4:11:25 下午 org.apache.catalina.core.StandardContext filterStart
严重: Exception starting filter CASHttpServletRequest WrapperFilter
java.lang.NoClassDefFoundError: org/slf4j/LoggerFactory
	at org.jasig.cas.client.util.AbstractConfigurationFilter.<init>(AbstractConfigurationFilter.java:37)
	at org.jasig.cas.client.util.HttpServletRequestWrapperFilter.<init>(HttpServletRequestWrapperFilter.java:49)
	at sun.reflect.NativeConstructorAccessorImpl.newInstance0(Native Method)
	at sun.reflect.NativeConstructorAccessorImpl.newInstance(NativeConstructorAccessorImpl.java:57)
	at sun.reflect.DelegatingConstructorAccessorImpl.newInstance(DelegatingConstructorAccessorImpl.java:45)
	at java.lang.reflect.Constructor.newInstance(Constructor.java:526)
	at java.lang.Class.newInstance(Class.java:379)
	at org.apache.catalina.core.DefaultInstanceManager.newInstance(DefaultInstanceManager.java:116)
	at org.apache.catalina.core.ApplicationFilterConfig.getFilter(ApplicationFilterConfig.java:258)
	at org.apache.catalina.core.ApplicationFilterConfig.<init>(ApplicationFilterConfig.java:105)
	at org.apache.catalina.core.StandardContext.filterStart(StandardContext.java:4854)
	at org.apache.catalina.core.StandardContext.startInternal(StandardContext.java:5546)
	at org.apache.catalina.util.LifecycleBase.start(LifecycleBase.java:150)
	at org.apache.catalina.core.ContainerBase.addChildInternal(ContainerBase.java:901)
	at org.apache.catalina.core.ContainerBase.addChild(ContainerBase.java:877)
	at org.apache.catalina.core.StandardHost.addChild(StandardHost.java:652)
	at org.apache.catalina.startup.HostConfig.deployDirectory(HostConfig.java:1263)
	at org.apache.catalina.startup.HostConfig$DeployDirectory.run(HostConfig.java:1948)
	at java.util.concurrent.Executors$RunnableAdapter.call(Executors.java:471)
	at java.util.concurrent.FutureTask.run(FutureTask.java:262)
	at java.util.concurrent.ThreadPoolExecutor.runWorker(ThreadPoolExecutor.java:1145)
	at java.util.concurrent.ThreadPoolExecutor$Worker.run(ThreadPoolExecutor.java:615)
	at java.lang.Thread.run(Thread.java:745)
Caused by: java.lang.ClassNotFoundException: org.slf4j.LoggerFactory
	at org.apache.catalina.loader.WebappClassLoader.loadClass(WebappClassLoader.java:1720)
	at org.apache.catalina.loader.WebappClassLoader.loadClass(WebappClassLoader.java:1571)
	... 23 more

六月 24, 2015 4:11:25 下午 org.apache.catalina.core.StandardContext filterStart
严重: Exception starting filter CASFilter
java.lang.NoClassDefFoundError: org/slf4j/LoggerFactory
	at org.jasig.cas.client.util.AbstractConfigurationFilter.<init>(AbstractConfigurationFilter.java:37)
	at org.jasig.cas.client.util.AbstractCasFilter.<init>(AbstractCasFilter.java:40)
	at org.jasig.cas.client.authentication.AuthenticationFilter.<init>(AuthenticationFilter.java:52)
	at sun.reflect.NativeConstructorAccessorImpl.newInstance0(Native Method)
	at sun.reflect.NativeConstructorAccessorImpl.newInstance(NativeConstructorAccessorImpl.java:57)
	at sun.reflect.DelegatingConstructorAccessorImpl.newInstance(DelegatingConstructorAccessorImpl.java:45)
	at java.lang.reflect.Constructor.newInstance(Constructor.java:526)
	at java.lang.Class.newInstance(Class.java:379)
	at org.apache.catalina.core.DefaultInstanceManager.newInstance(DefaultInstanceManager.java:116)
	at org.apache.catalina.core.ApplicationFilterConfig.getFilter(ApplicationFilterConfig.java:258)
	at org.apache.catalina.core.ApplicationFilterConfig.<init>(ApplicationFilterConfig.java:105)
	at org.apache.catalina.core.StandardContext.filterStart(StandardContext.java:4854)
	at org.apache.catalina.core.StandardContext.startInternal(StandardContext.java:5546)
	at org.apache.catalina.util.LifecycleBase.start(LifecycleBase.java:150)
	at org.apache.catalina.core.ContainerBase.addChildInternal(ContainerBase.java:901)
	at org.apache.catalina.core.ContainerBase.addChild(ContainerBase.java:877)
	at org.apache.catalina.core.StandardHost.addChild(StandardHost.java:652)
	at org.apache.catalina.startup.HostConfig.deployDirectory(HostConfig.java:1263)
	at org.apache.catalina.startup.HostConfig$DeployDirectory.run(HostConfig.java:1948)
	at java.util.concurrent.Executors$RunnableAdapter.call(Executors.java:471)
	at java.util.concurrent.FutureTask.run(FutureTask.java:262)
	at java.util.concurrent.ThreadPoolExecutor.runWorker(ThreadPoolExecutor.java:1145)
	at java.util.concurrent.ThreadPoolExecutor$Worker.run(ThreadPoolExecutor.java:615)
	at java.lang.Thread.run(Thread.java:745)

六月 24, 2015 4:11:25 下午 org.apache.catalina.core.StandardContext filterStart
严重: Exception starting filter CASSingle Sign OutFilter
java.lang.NoClassDefFoundError: org/slf4j/LoggerFactory
	at org.jasig.cas.client.session.SingleSignOutHandler.<init>(SingleSignOutHandler.java:55)
	at org.jasig.cas.client.session.SingleSignOutFilter.<clinit>(SingleSignOutFilter.java:38)
	at sun.reflect.NativeConstructorAccessorImpl.newInstance0(Native Method)
	at sun.reflect.NativeConstructorAccessorImpl.newInstance(NativeConstructorAccessorImpl.java:57)
	at sun.reflect.DelegatingConstructorAccessorImpl.newInstance(DelegatingConstructorAccessorImpl.java:45)
	at java.lang.reflect.Constructor.newInstance(Constructor.java:526)
	at java.lang.Class.newInstance(Class.java:379)
	at org.apache.catalina.core.DefaultInstanceManager.newInstance(DefaultInstanceManager.java:116)
	at org.apache.catalina.core.ApplicationFilterConfig.getFilter(ApplicationFilterConfig.java:258)
	at org.apache.catalina.core.ApplicationFilterConfig.<init>(ApplicationFilterConfig.java:105)
	at org.apache.catalina.core.StandardContext.filterStart(StandardContext.java:4854)
	at org.apache.catalina.core.StandardContext.startInternal(StandardContext.java:5546)
	at org.apache.catalina.util.LifecycleBase.start(LifecycleBase.java:150)
	at org.apache.catalina.core.ContainerBase.addChildInternal(ContainerBase.java:901)
	at org.apache.catalina.core.ContainerBase.addChild(ContainerBase.java:877)
	at org.apache.catalina.core.StandardHost.addChild(StandardHost.java:652)
	at org.apache.catalina.startup.HostConfig.deployDirectory(HostConfig.java:1263)
	at org.apache.catalina.startup.HostConfig$DeployDirectory.run(HostConfig.java:1948)
	at java.util.concurrent.Executors$RunnableAdapter.call(Executors.java:471)
	at java.util.concurrent.FutureTask.run(FutureTask.java:262)
	at java.util.concurrent.ThreadPoolExecutor.runWorker(ThreadPoolExecutor.java:1145)
	at java.util.concurrent.ThreadPoolExecutor$Worker.run(ThreadPoolExecutor.java:615)
	at java.lang.Thread.run(Thread.java:745)
Caused by: java.lang.ClassNotFoundException: org.slf4j.LoggerFactory
	at org.apache.catalina.loader.WebappClassLoader.loadClass(WebappClassLoader.java:1720)
	at org.apache.catalina.loader.WebappClassLoader.loadClass(WebappClassLoader.java:1571)
	... 23 more

六月 24, 2015 4:11:25 下午 org.apache.catalina.core.StandardContext filterStart
严重: Exception starting filter CASValidationFilter
java.lang.NoClassDefFoundError: org/slf4j/LoggerFactory
	at org.jasig.cas.client.util.AbstractConfigurationFilter.<init>(AbstractConfigurationFilter.java:37)
	at org.jasig.cas.client.util.AbstractCasFilter.<init>(AbstractCasFilter.java:40)
	at org.jasig.cas.client.validation.AbstractTicketValidationFilter.<init>(AbstractTicketValidationFilter.java:50)
	at org.jasig.cas.client.validation.Cas20ProxyReceivingTicketValidationFilter.<init>(Cas20ProxyReceivingTicketValidationFilter.java:45)
	at sun.reflect.NativeConstructorAccessorImpl.newInstance0(Native Method)
	at sun.reflect.NativeConstructorAccessorImpl.newInstance(NativeConstructorAccessorImpl.java:57)
	at sun.reflect.DelegatingConstructorAccessorImpl.newInstance(DelegatingConstructorAccessorImpl.java:45)
	at java.lang.reflect.Constructor.newInstance(Constructor.java:526)
	at java.lang.Class.newInstance(Class.java:379)
	at org.apache.catalina.core.DefaultInstanceManager.newInstance(DefaultInstanceManager.java:116)
	at org.apache.catalina.core.ApplicationFilterConfig.getFilter(ApplicationFilterConfig.java:258)
	at org.apache.catalina.core.ApplicationFilterConfig.<init>(ApplicationFilterConfig.java:105)
	at org.apache.catalina.core.StandardContext.filterStart(StandardContext.java:4854)
	at org.apache.catalina.core.StandardContext.startInternal(StandardContext.java:5546)
	at org.apache.catalina.util.LifecycleBase.start(LifecycleBase.java:150)
	at org.apache.catalina.core.ContainerBase.addChildInternal(ContainerBase.java:901)
	at org.apache.catalina.core.ContainerBase.addChild(ContainerBase.java:877)
	at org.apache.catalina.core.StandardHost.addChild(StandardHost.java:652)
	at org.apache.catalina.startup.HostConfig.deployDirectory(HostConfig.java:1263)
	at org.apache.catalina.startup.HostConfig$DeployDirectory.run(HostConfig.java:1948)
	at java.util.concurrent.Executors$RunnableAdapter.call(Executors.java:471)
	at java.util.concurrent.FutureTask.run(FutureTask.java:262)
	at java.util.concurrent.ThreadPoolExecutor.runWorker(ThreadPoolExecutor.java:1145)
	at java.util.concurrent.ThreadPoolExecutor$Worker.run(ThreadPoolExecutor.java:615)
	at java.lang.Thread.run(Thread.java:745)

六月 24, 2015 4:11:25 下午 org.apache.catalina.core.ApplicationContext log
信息: SessionListener: contextDestroyed()
六月 24, 2015 4:11:25 下午 org.apache.catalina.core.ApplicationContext log
信息: ContextListener: contextDestroyed()
六月 24, 2015 4:15:45 下午 org.apache.catalina.core.ApplicationContext log
信息: ContextListener: contextInitialized()
六月 24, 2015 4:15:45 下午 org.apache.catalina.core.ApplicationContext log
信息: SessionListener: contextInitialized()
六月 24, 2015 4:15:45 下午 org.apache.catalina.core.StandardContext filterStart
严重: Exception starting filter CASHttpServletRequest WrapperFilter
java.lang.NoClassDefFoundError: org/slf4j/LoggerFactory
	at org.jasig.cas.client.util.AbstractConfigurationFilter.<init>(AbstractConfigurationFilter.java:37)
	at org.jasig.cas.client.util.HttpServletRequestWrapperFilter.<init>(HttpServletRequestWrapperFilter.java:49)
	at sun.reflect.NativeConstructorAccessorImpl.newInstance0(Native Method)
	at sun.reflect.NativeConstructorAccessorImpl.newInstance(NativeConstructorAccessorImpl.java:57)
	at sun.reflect.DelegatingConstructorAccessorImpl.newInstance(DelegatingConstructorAccessorImpl.java:45)
	at java.lang.reflect.Constructor.newInstance(Constructor.java:526)
	at java.lang.Class.newInstance(Class.java:379)
	at org.apache.catalina.core.DefaultInstanceManager.newInstance(DefaultInstanceManager.java:116)
	at org.apache.catalina.core.ApplicationFilterConfig.getFilter(ApplicationFilterConfig.java:258)
	at org.apache.catalina.core.ApplicationFilterConfig.<init>(ApplicationFilterConfig.java:105)
	at org.apache.catalina.core.StandardContext.filterStart(StandardContext.java:4854)
	at org.apache.catalina.core.StandardContext.startInternal(StandardContext.java:5546)
	at org.apache.catalina.util.LifecycleBase.start(LifecycleBase.java:150)
	at org.apache.catalina.startup.HostConfig.reload(HostConfig.java:1533)
	at org.apache.catalina.startup.HostConfig.checkResources(HostConfig.java:1497)
	at org.apache.catalina.startup.HostConfig.check(HostConfig.java:1695)
	at org.apache.catalina.startup.HostConfig.lifecycleEvent(HostConfig.java:333)
	at org.apache.catalina.util.LifecycleSupport.fireLifecycleEvent(LifecycleSupport.java:117)
	at org.apache.catalina.util.LifecycleBase.fireLifecycleEvent(LifecycleBase.java:90)
	at org.apache.catalina.core.ContainerBase.backgroundProcess(ContainerBase.java:1374)
	at org.apache.catalina.core.ContainerBase$ContainerBackgroundProcessor.processChildren(ContainerBase.java:1546)
	at org.apache.catalina.core.ContainerBase$ContainerBackgroundProcessor.processChildren(ContainerBase.java:1556)
	at org.apache.catalina.core.ContainerBase$ContainerBackgroundProcessor.run(ContainerBase.java:1524)
	at java.lang.Thread.run(Thread.java:745)
Caused by: java.lang.ClassNotFoundException: org.slf4j.LoggerFactory
	at org.apache.catalina.loader.WebappClassLoader.loadClass(WebappClassLoader.java:1720)
	at org.apache.catalina.loader.WebappClassLoader.loadClass(WebappClassLoader.java:1571)
	... 24 more

六月 24, 2015 4:15:45 下午 org.apache.catalina.core.StandardContext filterStart
严重: Exception starting filter CASFilter
java.lang.NoClassDefFoundError: org/slf4j/LoggerFactory
	at org.jasig.cas.client.util.AbstractConfigurationFilter.<init>(AbstractConfigurationFilter.java:37)
	at org.jasig.cas.client.util.AbstractCasFilter.<init>(AbstractCasFilter.java:40)
	at org.jasig.cas.client.authentication.AuthenticationFilter.<init>(AuthenticationFilter.java:52)
	at sun.reflect.NativeConstructorAccessorImpl.newInstance0(Native Method)
	at sun.reflect.NativeConstructorAccessorImpl.newInstance(NativeConstructorAccessorImpl.java:57)
	at sun.reflect.DelegatingConstructorAccessorImpl.newInstance(DelegatingConstructorAccessorImpl.java:45)
	at java.lang.reflect.Constructor.newInstance(Constructor.java:526)
	at java.lang.Class.newInstance(Class.java:379)
	at org.apache.catalina.core.DefaultInstanceManager.newInstance(DefaultInstanceManager.java:116)
	at org.apache.catalina.core.ApplicationFilterConfig.getFilter(ApplicationFilterConfig.java:258)
	at org.apache.catalina.core.ApplicationFilterConfig.<init>(ApplicationFilterConfig.java:105)
	at org.apache.catalina.core.StandardContext.filterStart(StandardContext.java:4854)
	at org.apache.catalina.core.StandardContext.startInternal(StandardContext.java:5546)
	at org.apache.catalina.util.LifecycleBase.start(LifecycleBase.java:150)
	at org.apache.catalina.startup.HostConfig.reload(HostConfig.java:1533)
	at org.apache.catalina.startup.HostConfig.checkResources(HostConfig.java:1497)
	at org.apache.catalina.startup.HostConfig.check(HostConfig.java:1695)
	at org.apache.catalina.startup.HostConfig.lifecycleEvent(HostConfig.java:333)
	at org.apache.catalina.util.LifecycleSupport.fireLifecycleEvent(LifecycleSupport.java:117)
	at org.apache.catalina.util.LifecycleBase.fireLifecycleEvent(LifecycleBase.java:90)
	at org.apache.catalina.core.ContainerBase.backgroundProcess(ContainerBase.java:1374)
	at org.apache.catalina.core.ContainerBase$ContainerBackgroundProcessor.processChildren(ContainerBase.java:1546)
	at org.apache.catalina.core.ContainerBase$ContainerBackgroundProcessor.processChildren(ContainerBase.java:1556)
	at org.apache.catalina.core.ContainerBase$ContainerBackgroundProcessor.run(ContainerBase.java:1524)
	at java.lang.Thread.run(Thread.java:745)

六月 24, 2015 4:15:45 下午 org.apache.catalina.core.StandardContext filterStart
严重: Exception starting filter CASSingle Sign OutFilter
java.lang.NoClassDefFoundError: org/slf4j/LoggerFactory
	at org.jasig.cas.client.session.SingleSignOutHandler.<init>(SingleSignOutHandler.java:55)
	at org.jasig.cas.client.session.SingleSignOutFilter.<clinit>(SingleSignOutFilter.java:38)
	at sun.reflect.NativeConstructorAccessorImpl.newInstance0(Native Method)
	at sun.reflect.NativeConstructorAccessorImpl.newInstance(NativeConstructorAccessorImpl.java:57)
	at sun.reflect.DelegatingConstructorAccessorImpl.newInstance(DelegatingConstructorAccessorImpl.java:45)
	at java.lang.reflect.Constructor.newInstance(Constructor.java:526)
	at java.lang.Class.newInstance(Class.java:379)
	at org.apache.catalina.core.DefaultInstanceManager.newInstance(DefaultInstanceManager.java:116)
	at org.apache.catalina.core.ApplicationFilterConfig.getFilter(ApplicationFilterConfig.java:258)
	at org.apache.catalina.core.ApplicationFilterConfig.<init>(ApplicationFilterConfig.java:105)
	at org.apache.catalina.core.StandardContext.filterStart(StandardContext.java:4854)
	at org.apache.catalina.core.StandardContext.startInternal(StandardContext.java:5546)
	at org.apache.catalina.util.LifecycleBase.start(LifecycleBase.java:150)
	at org.apache.catalina.startup.HostConfig.reload(HostConfig.java:1533)
	at org.apache.catalina.startup.HostConfig.checkResources(HostConfig.java:1497)
	at org.apache.catalina.startup.HostConfig.check(HostConfig.java:1695)
	at org.apache.catalina.startup.HostConfig.lifecycleEvent(HostConfig.java:333)
	at org.apache.catalina.util.LifecycleSupport.fireLifecycleEvent(LifecycleSupport.java:117)
	at org.apache.catalina.util.LifecycleBase.fireLifecycleEvent(LifecycleBase.java:90)
	at org.apache.catalina.core.ContainerBase.backgroundProcess(ContainerBase.java:1374)
	at org.apache.catalina.core.ContainerBase$ContainerBackgroundProcessor.processChildren(ContainerBase.java:1546)
	at org.apache.catalina.core.ContainerBase$ContainerBackgroundProcessor.processChildren(ContainerBase.java:1556)
	at org.apache.catalina.core.ContainerBase$ContainerBackgroundProcessor.run(ContainerBase.java:1524)
	at java.lang.Thread.run(Thread.java:745)
Caused by: java.lang.ClassNotFoundException: org.slf4j.LoggerFactory
	at org.apache.catalina.loader.WebappClassLoader.loadClass(WebappClassLoader.java:1720)
	at org.apache.catalina.loader.WebappClassLoader.loadClass(WebappClassLoader.java:1571)
	... 24 more

六月 24, 2015 4:15:45 下午 org.apache.catalina.core.StandardContext filterStart
严重: Exception starting filter CASValidationFilter
java.lang.NoClassDefFoundError: org/slf4j/LoggerFactory
	at org.jasig.cas.client.util.AbstractConfigurationFilter.<init>(AbstractConfigurationFilter.java:37)
	at org.jasig.cas.client.util.AbstractCasFilter.<init>(AbstractCasFilter.java:40)
	at org.jasig.cas.client.validation.AbstractTicketValidationFilter.<init>(AbstractTicketValidationFilter.java:50)
	at org.jasig.cas.client.validation.Cas20ProxyReceivingTicketValidationFilter.<init>(Cas20ProxyReceivingTicketValidationFilter.java:45)
	at sun.reflect.NativeConstructorAccessorImpl.newInstance0(Native Method)
	at sun.reflect.NativeConstructorAccessorImpl.newInstance(NativeConstructorAccessorImpl.java:57)
	at sun.reflect.DelegatingConstructorAccessorImpl.newInstance(DelegatingConstructorAccessorImpl.java:45)
	at java.lang.reflect.Constructor.newInstance(Constructor.java:526)
	at java.lang.Class.newInstance(Class.java:379)
	at org.apache.catalina.core.DefaultInstanceManager.newInstance(DefaultInstanceManager.java:116)
	at org.apache.catalina.core.ApplicationFilterConfig.getFilter(ApplicationFilterConfig.java:258)
	at org.apache.catalina.core.ApplicationFilterConfig.<init>(ApplicationFilterConfig.java:105)
	at org.apache.catalina.core.StandardContext.filterStart(StandardContext.java:4854)
	at org.apache.catalina.core.StandardContext.startInternal(StandardContext.java:5546)
	at org.apache.catalina.util.LifecycleBase.start(LifecycleBase.java:150)
	at org.apache.catalina.startup.HostConfig.reload(HostConfig.java:1533)
	at org.apache.catalina.startup.HostConfig.checkResources(HostConfig.java:1497)
	at org.apache.catalina.startup.HostConfig.check(HostConfig.java:1695)
	at org.apache.catalina.startup.HostConfig.lifecycleEvent(HostConfig.java:333)
	at org.apache.catalina.util.LifecycleSupport.fireLifecycleEvent(LifecycleSupport.java:117)
	at org.apache.catalina.util.LifecycleBase.fireLifecycleEvent(LifecycleBase.java:90)
	at org.apache.catalina.core.ContainerBase.backgroundProcess(ContainerBase.java:1374)
	at org.apache.catalina.core.ContainerBase$ContainerBackgroundProcessor.processChildren(ContainerBase.java:1546)
	at org.apache.catalina.core.ContainerBase$ContainerBackgroundProcessor.processChildren(ContainerBase.java:1556)
	at org.apache.catalina.core.ContainerBase$ContainerBackgroundProcessor.run(ContainerBase.java:1524)
	at java.lang.Thread.run(Thread.java:745)

六月 24, 2015 4:15:45 下午 org.apache.catalina.core.ApplicationContext log
信息: SessionListener: contextDestroyed()
六月 24, 2015 4:15:45 下午 org.apache.catalina.core.ApplicationContext log
信息: ContextListener: contextDestroyed()
六月 24, 2015 4:16:01 下午 org.apache.catalina.core.ApplicationContext log
信息: ContextListener: contextInitialized()
六月 24, 2015 4:16:01 下午 org.apache.catalina.core.ApplicationContext log
信息: SessionListener: contextInitialized()
六月 24, 2015 4:16:01 下午 org.apache.catalina.core.StandardContext filterStart
严重: Exception starting filter CASHttpServletRequest WrapperFilter
java.lang.NoClassDefFoundError: org/slf4j/LoggerFactory
	at org.jasig.cas.client.util.AbstractConfigurationFilter.<init>(AbstractConfigurationFilter.java:37)
	at org.jasig.cas.client.util.HttpServletRequestWrapperFilter.<init>(HttpServletRequestWrapperFilter.java:49)
	at sun.reflect.NativeConstructorAccessorImpl.newInstance0(Native Method)
	at sun.reflect.NativeConstructorAccessorImpl.newInstance(NativeConstructorAccessorImpl.java:57)
	at sun.reflect.DelegatingConstructorAccessorImpl.newInstance(DelegatingConstructorAccessorImpl.java:45)
	at java.lang.reflect.Constructor.newInstance(Constructor.java:526)
	at java.lang.Class.newInstance(Class.java:379)
	at org.apache.catalina.core.DefaultInstanceManager.newInstance(DefaultInstanceManager.java:116)
	at org.apache.catalina.core.ApplicationFilterConfig.getFilter(ApplicationFilterConfig.java:258)
	at org.apache.catalina.core.ApplicationFilterConfig.<init>(ApplicationFilterConfig.java:105)
	at org.apache.catalina.core.StandardContext.filterStart(StandardContext.java:4854)
	at org.apache.catalina.core.StandardContext.startInternal(StandardContext.java:5546)
	at org.apache.catalina.util.LifecycleBase.start(LifecycleBase.java:150)
	at org.apache.catalina.core.ContainerBase.addChildInternal(ContainerBase.java:901)
	at org.apache.catalina.core.ContainerBase.addChild(ContainerBase.java:877)
	at org.apache.catalina.core.StandardHost.addChild(StandardHost.java:652)
	at org.apache.catalina.startup.HostConfig.deployDirectory(HostConfig.java:1263)
	at org.apache.catalina.startup.HostConfig$DeployDirectory.run(HostConfig.java:1948)
	at java.util.concurrent.Executors$RunnableAdapter.call(Executors.java:471)
	at java.util.concurrent.FutureTask.run(FutureTask.java:262)
	at java.util.concurrent.ThreadPoolExecutor.runWorker(ThreadPoolExecutor.java:1145)
	at java.util.concurrent.ThreadPoolExecutor$Worker.run(ThreadPoolExecutor.java:615)
	at java.lang.Thread.run(Thread.java:745)
Caused by: java.lang.ClassNotFoundException: org.slf4j.LoggerFactory
	at org.apache.catalina.loader.WebappClassLoader.loadClass(WebappClassLoader.java:1720)
	at org.apache.catalina.loader.WebappClassLoader.loadClass(WebappClassLoader.java:1571)
	... 23 more

六月 24, 2015 4:16:01 下午 org.apache.catalina.core.StandardContext filterStart
严重: Exception starting filter CASFilter
java.lang.NoClassDefFoundError: org/slf4j/LoggerFactory
	at org.jasig.cas.client.util.AbstractConfigurationFilter.<init>(AbstractConfigurationFilter.java:37)
	at org.jasig.cas.client.util.AbstractCasFilter.<init>(AbstractCasFilter.java:40)
	at org.jasig.cas.client.authentication.AuthenticationFilter.<init>(AuthenticationFilter.java:52)
	at sun.reflect.NativeConstructorAccessorImpl.newInstance0(Native Method)
	at sun.reflect.NativeConstructorAccessorImpl.newInstance(NativeConstructorAccessorImpl.java:57)
	at sun.reflect.DelegatingConstructorAccessorImpl.newInstance(DelegatingConstructorAccessorImpl.java:45)
	at java.lang.reflect.Constructor.newInstance(Constructor.java:526)
	at java.lang.Class.newInstance(Class.java:379)
	at org.apache.catalina.core.DefaultInstanceManager.newInstance(DefaultInstanceManager.java:116)
	at org.apache.catalina.core.ApplicationFilterConfig.getFilter(ApplicationFilterConfig.java:258)
	at org.apache.catalina.core.ApplicationFilterConfig.<init>(ApplicationFilterConfig.java:105)
	at org.apache.catalina.core.StandardContext.filterStart(StandardContext.java:4854)
	at org.apache.catalina.core.StandardContext.startInternal(StandardContext.java:5546)
	at org.apache.catalina.util.LifecycleBase.start(LifecycleBase.java:150)
	at org.apache.catalina.core.ContainerBase.addChildInternal(ContainerBase.java:901)
	at org.apache.catalina.core.ContainerBase.addChild(ContainerBase.java:877)
	at org.apache.catalina.core.StandardHost.addChild(StandardHost.java:652)
	at org.apache.catalina.startup.HostConfig.deployDirectory(HostConfig.java:1263)
	at org.apache.catalina.startup.HostConfig$DeployDirectory.run(HostConfig.java:1948)
	at java.util.concurrent.Executors$RunnableAdapter.call(Executors.java:471)
	at java.util.concurrent.FutureTask.run(FutureTask.java:262)
	at java.util.concurrent.ThreadPoolExecutor.runWorker(ThreadPoolExecutor.java:1145)
	at java.util.concurrent.ThreadPoolExecutor$Worker.run(ThreadPoolExecutor.java:615)
	at java.lang.Thread.run(Thread.java:745)

六月 24, 2015 4:16:01 下午 org.apache.catalina.core.StandardContext filterStart
严重: Exception starting filter CASSingle Sign OutFilter
java.lang.NoClassDefFoundError: org/slf4j/LoggerFactory
	at org.jasig.cas.client.session.SingleSignOutHandler.<init>(SingleSignOutHandler.java:55)
	at org.jasig.cas.client.session.SingleSignOutFilter.<clinit>(SingleSignOutFilter.java:38)
	at sun.reflect.NativeConstructorAccessorImpl.newInstance0(Native Method)
	at sun.reflect.NativeConstructorAccessorImpl.newInstance(NativeConstructorAccessorImpl.java:57)
	at sun.reflect.DelegatingConstructorAccessorImpl.newInstance(DelegatingConstructorAccessorImpl.java:45)
	at java.lang.reflect.Constructor.newInstance(Constructor.java:526)
	at java.lang.Class.newInstance(Class.java:379)
	at org.apache.catalina.core.DefaultInstanceManager.newInstance(DefaultInstanceManager.java:116)
	at org.apache.catalina.core.ApplicationFilterConfig.getFilter(ApplicationFilterConfig.java:258)
	at org.apache.catalina.core.ApplicationFilterConfig.<init>(ApplicationFilterConfig.java:105)
	at org.apache.catalina.core.StandardContext.filterStart(StandardContext.java:4854)
	at org.apache.catalina.core.StandardContext.startInternal(StandardContext.java:5546)
	at org.apache.catalina.util.LifecycleBase.start(LifecycleBase.java:150)
	at org.apache.catalina.core.ContainerBase.addChildInternal(ContainerBase.java:901)
	at org.apache.catalina.core.ContainerBase.addChild(ContainerBase.java:877)
	at org.apache.catalina.core.StandardHost.addChild(StandardHost.java:652)
	at org.apache.catalina.startup.HostConfig.deployDirectory(HostConfig.java:1263)
	at org.apache.catalina.startup.HostConfig$DeployDirectory.run(HostConfig.java:1948)
	at java.util.concurrent.Executors$RunnableAdapter.call(Executors.java:471)
	at java.util.concurrent.FutureTask.run(FutureTask.java:262)
	at java.util.concurrent.ThreadPoolExecutor.runWorker(ThreadPoolExecutor.java:1145)
	at java.util.concurrent.ThreadPoolExecutor$Worker.run(ThreadPoolExecutor.java:615)
	at java.lang.Thread.run(Thread.java:745)
Caused by: java.lang.ClassNotFoundException: org.slf4j.LoggerFactory
	at org.apache.catalina.loader.WebappClassLoader.loadClass(WebappClassLoader.java:1720)
	at org.apache.catalina.loader.WebappClassLoader.loadClass(WebappClassLoader.java:1571)
	... 23 more

六月 24, 2015 4:16:01 下午 org.apache.catalina.core.StandardContext filterStart
严重: Exception starting filter CASValidationFilter
java.lang.NoClassDefFoundError: org/slf4j/LoggerFactory
	at org.jasig.cas.client.util.AbstractConfigurationFilter.<init>(AbstractConfigurationFilter.java:37)
	at org.jasig.cas.client.util.AbstractCasFilter.<init>(AbstractCasFilter.java:40)
	at org.jasig.cas.client.validation.AbstractTicketValidationFilter.<init>(AbstractTicketValidationFilter.java:50)
	at org.jasig.cas.client.validation.Cas20ProxyReceivingTicketValidationFilter.<init>(Cas20ProxyReceivingTicketValidationFilter.java:45)
	at sun.reflect.NativeConstructorAccessorImpl.newInstance0(Native Method)
	at sun.reflect.NativeConstructorAccessorImpl.newInstance(NativeConstructorAccessorImpl.java:57)
	at sun.reflect.DelegatingConstructorAccessorImpl.newInstance(DelegatingConstructorAccessorImpl.java:45)
	at java.lang.reflect.Constructor.newInstance(Constructor.java:526)
	at java.lang.Class.newInstance(Class.java:379)
	at org.apache.catalina.core.DefaultInstanceManager.newInstance(DefaultInstanceManager.java:116)
	at org.apache.catalina.core.ApplicationFilterConfig.getFilter(ApplicationFilterConfig.java:258)
	at org.apache.catalina.core.ApplicationFilterConfig.<init>(ApplicationFilterConfig.java:105)
	at org.apache.catalina.core.StandardContext.filterStart(StandardContext.java:4854)
	at org.apache.catalina.core.StandardContext.startInternal(StandardContext.java:5546)
	at org.apache.catalina.util.LifecycleBase.start(LifecycleBase.java:150)
	at org.apache.catalina.core.ContainerBase.addChildInternal(ContainerBase.java:901)
	at org.apache.catalina.core.ContainerBase.addChild(ContainerBase.java:877)
	at org.apache.catalina.core.StandardHost.addChild(StandardHost.java:652)
	at org.apache.catalina.startup.HostConfig.deployDirectory(HostConfig.java:1263)
	at org.apache.catalina.startup.HostConfig$DeployDirectory.run(HostConfig.java:1948)
	at java.util.concurrent.Executors$RunnableAdapter.call(Executors.java:471)
	at java.util.concurrent.FutureTask.run(FutureTask.java:262)
	at java.util.concurrent.ThreadPoolExecutor.runWorker(ThreadPoolExecutor.java:1145)
	at java.util.concurrent.ThreadPoolExecutor$Worker.run(ThreadPoolExecutor.java:615)
	at java.lang.Thread.run(Thread.java:745)

六月 24, 2015 4:16:01 下午 org.apache.catalina.core.ApplicationContext log
信息: SessionListener: contextDestroyed()
六月 24, 2015 4:16:01 下午 org.apache.catalina.core.ApplicationContext log
信息: ContextListener: contextDestroyed()
六月 24, 2015 4:27:27 下午 org.apache.catalina.core.StandardContext filterStart
严重: Exception starting filter CASHttpServletRequest WrapperFilter
java.lang.NoClassDefFoundError: org/slf4j/LoggerFactory
	at org.jasig.cas.client.util.AbstractConfigurationFilter.<init>(AbstractConfigurationFilter.java:37)
	at org.jasig.cas.client.util.HttpServletRequestWrapperFilter.<init>(HttpServletRequestWrapperFilter.java:49)
	at sun.reflect.NativeConstructorAccessorImpl.newInstance0(Native Method)
	at sun.reflect.NativeConstructorAccessorImpl.newInstance(NativeConstructorAccessorImpl.java:57)
	at sun.reflect.DelegatingConstructorAccessorImpl.newInstance(DelegatingConstructorAccessorImpl.java:45)
	at java.lang.reflect.Constructor.newInstance(Constructor.java:526)
	at java.lang.Class.newInstance(Class.java:379)
	at org.apache.catalina.core.DefaultInstanceManager.newInstance(DefaultInstanceManager.java:116)
	at org.apache.catalina.core.ApplicationFilterConfig.getFilter(ApplicationFilterConfig.java:258)
	at org.apache.catalina.core.ApplicationFilterConfig.<init>(ApplicationFilterConfig.java:105)
	at org.apache.catalina.core.StandardContext.filterStart(StandardContext.java:4854)
	at org.apache.catalina.core.StandardContext.startInternal(StandardContext.java:5546)
	at org.apache.catalina.util.LifecycleBase.start(LifecycleBase.java:150)
	at org.apache.catalina.core.ContainerBase.addChildInternal(ContainerBase.java:901)
	at org.apache.catalina.core.ContainerBase.addChild(ContainerBase.java:877)
	at org.apache.catalina.core.StandardHost.addChild(StandardHost.java:652)
	at org.apache.catalina.startup.HostConfig.deployDirectory(HostConfig.java:1263)
	at org.apache.catalina.startup.HostConfig$DeployDirectory.run(HostConfig.java:1948)
	at java.util.concurrent.Executors$RunnableAdapter.call(Executors.java:471)
	at java.util.concurrent.FutureTask.run(FutureTask.java:262)
	at java.util.concurrent.ThreadPoolExecutor.runWorker(ThreadPoolExecutor.java:1145)
	at java.util.concurrent.ThreadPoolExecutor$Worker.run(ThreadPoolExecutor.java:615)
	at java.lang.Thread.run(Thread.java:745)
Caused by: java.lang.ClassNotFoundException: org.slf4j.LoggerFactory
	at org.apache.catalina.loader.WebappClassLoader.loadClass(WebappClassLoader.java:1720)
	at org.apache.catalina.loader.WebappClassLoader.loadClass(WebappClassLoader.java:1571)
	... 23 more

六月 24, 2015 4:27:27 下午 org.apache.catalina.core.StandardContext filterStart
严重: Exception starting filter CASFilter
java.lang.NoClassDefFoundError: org/slf4j/LoggerFactory
	at org.jasig.cas.client.util.AbstractConfigurationFilter.<init>(AbstractConfigurationFilter.java:37)
	at org.jasig.cas.client.util.AbstractCasFilter.<init>(AbstractCasFilter.java:40)
	at org.jasig.cas.client.authentication.AuthenticationFilter.<init>(AuthenticationFilter.java:52)
	at sun.reflect.NativeConstructorAccessorImpl.newInstance0(Native Method)
	at sun.reflect.NativeConstructorAccessorImpl.newInstance(NativeConstructorAccessorImpl.java:57)
	at sun.reflect.DelegatingConstructorAccessorImpl.newInstance(DelegatingConstructorAccessorImpl.java:45)
	at java.lang.reflect.Constructor.newInstance(Constructor.java:526)
	at java.lang.Class.newInstance(Class.java:379)
	at org.apache.catalina.core.DefaultInstanceManager.newInstance(DefaultInstanceManager.java:116)
	at org.apache.catalina.core.ApplicationFilterConfig.getFilter(ApplicationFilterConfig.java:258)
	at org.apache.catalina.core.ApplicationFilterConfig.<init>(ApplicationFilterConfig.java:105)
	at org.apache.catalina.core.StandardContext.filterStart(StandardContext.java:4854)
	at org.apache.catalina.core.StandardContext.startInternal(StandardContext.java:5546)
	at org.apache.catalina.util.LifecycleBase.start(LifecycleBase.java:150)
	at org.apache.catalina.core.ContainerBase.addChildInternal(ContainerBase.java:901)
	at org.apache.catalina.core.ContainerBase.addChild(ContainerBase.java:877)
	at org.apache.catalina.core.StandardHost.addChild(StandardHost.java:652)
	at org.apache.catalina.startup.HostConfig.deployDirectory(HostConfig.java:1263)
	at org.apache.catalina.startup.HostConfig$DeployDirectory.run(HostConfig.java:1948)
	at java.util.concurrent.Executors$RunnableAdapter.call(Executors.java:471)
	at java.util.concurrent.FutureTask.run(FutureTask.java:262)
	at java.util.concurrent.ThreadPoolExecutor.runWorker(ThreadPoolExecutor.java:1145)
	at java.util.concurrent.ThreadPoolExecutor$Worker.run(ThreadPoolExecutor.java:615)
	at java.lang.Thread.run(Thread.java:745)

六月 24, 2015 4:27:27 下午 org.apache.catalina.core.StandardContext filterStart
严重: Exception starting filter CASSingle Sign OutFilter
java.lang.NoClassDefFoundError: org/slf4j/LoggerFactory
	at org.jasig.cas.client.session.SingleSignOutHandler.<init>(SingleSignOutHandler.java:55)
	at org.jasig.cas.client.session.SingleSignOutFilter.<clinit>(SingleSignOutFilter.java:38)
	at sun.reflect.NativeConstructorAccessorImpl.newInstance0(Native Method)
	at sun.reflect.NativeConstructorAccessorImpl.newInstance(NativeConstructorAccessorImpl.java:57)
	at sun.reflect.DelegatingConstructorAccessorImpl.newInstance(DelegatingConstructorAccessorImpl.java:45)
	at java.lang.reflect.Constructor.newInstance(Constructor.java:526)
	at java.lang.Class.newInstance(Class.java:379)
	at org.apache.catalina.core.DefaultInstanceManager.newInstance(DefaultInstanceManager.java:116)
	at org.apache.catalina.core.ApplicationFilterConfig.getFilter(ApplicationFilterConfig.java:258)
	at org.apache.catalina.core.ApplicationFilterConfig.<init>(ApplicationFilterConfig.java:105)
	at org.apache.catalina.core.StandardContext.filterStart(StandardContext.java:4854)
	at org.apache.catalina.core.StandardContext.startInternal(StandardContext.java:5546)
	at org.apache.catalina.util.LifecycleBase.start(LifecycleBase.java:150)
	at org.apache.catalina.core.ContainerBase.addChildInternal(ContainerBase.java:901)
	at org.apache.catalina.core.ContainerBase.addChild(ContainerBase.java:877)
	at org.apache.catalina.core.StandardHost.addChild(StandardHost.java:652)
	at org.apache.catalina.startup.HostConfig.deployDirectory(HostConfig.java:1263)
	at org.apache.catalina.startup.HostConfig$DeployDirectory.run(HostConfig.java:1948)
	at java.util.concurrent.Executors$RunnableAdapter.call(Executors.java:471)
	at java.util.concurrent.FutureTask.run(FutureTask.java:262)
	at java.util.concurrent.ThreadPoolExecutor.runWorker(ThreadPoolExecutor.java:1145)
	at java.util.concurrent.ThreadPoolExecutor$Worker.run(ThreadPoolExecutor.java:615)
	at java.lang.Thread.run(Thread.java:745)
Caused by: java.lang.ClassNotFoundException: org.slf4j.LoggerFactory
	at org.apache.catalina.loader.WebappClassLoader.loadClass(WebappClassLoader.java:1720)
	at org.apache.catalina.loader.WebappClassLoader.loadClass(WebappClassLoader.java:1571)
	... 23 more

六月 24, 2015 4:27:27 下午 org.apache.catalina.core.StandardContext filterStart
严重: Exception starting filter CASValidationFilter
java.lang.NoClassDefFoundError: org/slf4j/LoggerFactory
	at org.jasig.cas.client.util.AbstractConfigurationFilter.<init>(AbstractConfigurationFilter.java:37)
	at org.jasig.cas.client.util.AbstractCasFilter.<init>(AbstractCasFilter.java:40)
	at org.jasig.cas.client.validation.AbstractTicketValidationFilter.<init>(AbstractTicketValidationFilter.java:50)
	at org.jasig.cas.client.validation.Cas20ProxyReceivingTicketValidationFilter.<init>(Cas20ProxyReceivingTicketValidationFilter.java:45)
	at sun.reflect.NativeConstructorAccessorImpl.newInstance0(Native Method)
	at sun.reflect.NativeConstructorAccessorImpl.newInstance(NativeConstructorAccessorImpl.java:57)
	at sun.reflect.DelegatingConstructorAccessorImpl.newInstance(DelegatingConstructorAccessorImpl.java:45)
	at java.lang.reflect.Constructor.newInstance(Constructor.java:526)
	at java.lang.Class.newInstance(Class.java:379)
	at org.apache.catalina.core.DefaultInstanceManager.newInstance(DefaultInstanceManager.java:116)
	at org.apache.catalina.core.ApplicationFilterConfig.getFilter(ApplicationFilterConfig.java:258)
	at org.apache.catalina.core.ApplicationFilterConfig.<init>(ApplicationFilterConfig.java:105)
	at org.apache.catalina.core.StandardContext.filterStart(StandardContext.java:4854)
	at org.apache.catalina.core.StandardContext.startInternal(StandardContext.java:5546)
	at org.apache.catalina.util.LifecycleBase.start(LifecycleBase.java:150)
	at org.apache.catalina.core.ContainerBase.addChildInternal(ContainerBase.java:901)
	at org.apache.catalina.core.ContainerBase.addChild(ContainerBase.java:877)
	at org.apache.catalina.core.StandardHost.addChild(StandardHost.java:652)
	at org.apache.catalina.startup.HostConfig.deployDirectory(HostConfig.java:1263)
	at org.apache.catalina.startup.HostConfig$DeployDirectory.run(HostConfig.java:1948)
	at java.util.concurrent.Executors$RunnableAdapter.call(Executors.java:471)
	at java.util.concurrent.FutureTask.run(FutureTask.java:262)
	at java.util.concurrent.ThreadPoolExecutor.runWorker(ThreadPoolExecutor.java:1145)
	at java.util.concurrent.ThreadPoolExecutor$Worker.run(ThreadPoolExecutor.java:615)
	at java.lang.Thread.run(Thread.java:745)

