六月 23, 2015 12:52:46 下午 org.apache.catalina.core.ApplicationContext log
信息: No Spring WebApplicationInitializer types detected on classpath
六月 23, 2015 12:52:46 下午 org.apache.catalina.core.ApplicationContext log
信息: Initializing Spring root WebApplicationContext
六月 23, 2015 12:52:47 下午 org.apache.catalina.core.ApplicationContext log
信息: Initializing Spring FrameworkServlet 'spring-mvc'
六月 23, 2015 12:52:50 下午 org.apache.catalina.core.ApplicationContext log
信息: ContextListener: contextInitialized()
六月 23, 2015 12:52:50 下午 org.apache.catalina.core.ApplicationContext log
信息: SessionListener: contextInitialized()
六月 23, 2015 12:52:50 下午 org.apache.catalina.core.ApplicationContext log
信息: ContextListener: attributeAdded('org.apache.jasper.compiler.TldLocationsCache', 'org.apache.jasper.compiler.TldLocationsCache@23bc5572')
六月 23, 2015 12:53:09 下午 org.apache.catalina.core.ApplicationContext log
信息: SessionListener: contextDestroyed()
六月 23, 2015 12:53:09 下午 org.apache.catalina.core.ApplicationContext log
信息: ContextListener: contextDestroyed()
六月 23, 2015 12:53:09 下午 org.apache.catalina.core.ApplicationContext log
信息: Destroying Spring FrameworkServlet 'spring-mvc'
六月 23, 2015 12:53:09 下午 org.apache.catalina.core.ApplicationContext log
信息: Closing Spring root WebApplicationContext
六月 23, 2015 12:54:31 下午 org.apache.catalina.core.ApplicationContext log
信息: No Spring WebApplicationInitializer types detected on classpath
六月 23, 2015 12:54:32 下午 org.apache.catalina.core.ApplicationContext log
信息: Initializing Spring root WebApplicationContext
六月 23, 2015 12:54:32 下午 org.apache.catalina.core.ApplicationContext log
信息: Initializing Spring FrameworkServlet 'spring-mvc'
六月 23, 2015 12:54:34 下午 org.apache.catalina.core.ApplicationContext log
信息: ContextListener: contextInitialized()
六月 23, 2015 12:54:34 下午 org.apache.catalina.core.ApplicationContext log
信息: SessionListener: contextInitialized()
六月 23, 2015 12:54:34 下午 org.apache.catalina.core.ApplicationContext log
信息: ContextListener: attributeAdded('org.apache.jasper.compiler.TldLocationsCache', 'org.apache.jasper.compiler.TldLocationsCache@7ca5cc9e')
六月 23, 2015 1:32:21 下午 org.apache.catalina.core.ApplicationContext log
信息: No Spring WebApplicationInitializer types detected on classpath
六月 23, 2015 1:32:21 下午 org.apache.catalina.core.ApplicationContext log
信息: Initializing Spring root WebApplicationContext
六月 23, 2015 1:32:22 下午 org.apache.catalina.core.ApplicationContext log
信息: Initializing Spring FrameworkServlet 'spring-mvc'
六月 23, 2015 1:32:24 下午 org.apache.catalina.core.ApplicationContext log
信息: ContextListener: contextInitialized()
六月 23, 2015 1:32:24 下午 org.apache.catalina.core.ApplicationContext log
信息: SessionListener: contextInitialized()
六月 23, 2015 1:32:24 下午 org.apache.catalina.core.ApplicationContext log
信息: ContextListener: attributeAdded('org.apache.jasper.compiler.TldLocationsCache', 'org.apache.jasper.compiler.TldLocationsCache@51196da')
六月 23, 2015 1:34:55 下午 org.apache.catalina.core.ApplicationContext log
信息: No Spring WebApplicationInitializer types detected on classpath
六月 23, 2015 1:34:55 下午 org.apache.catalina.core.ApplicationContext log
信息: Initializing Spring root WebApplicationContext
六月 23, 2015 1:34:56 下午 org.apache.catalina.core.ApplicationContext log
信息: Initializing Spring FrameworkServlet 'spring-mvc'
六月 23, 2015 1:34:58 下午 org.apache.catalina.core.ApplicationContext log
信息: ContextListener: contextInitialized()
六月 23, 2015 1:34:58 下午 org.apache.catalina.core.ApplicationContext log
信息: SessionListener: contextInitialized()
六月 23, 2015 1:34:58 下午 org.apache.catalina.core.ApplicationContext log
信息: ContextListener: attributeAdded('org.apache.jasper.compiler.TldLocationsCache', 'org.apache.jasper.compiler.TldLocationsCache@2fb0dc0d')
六月 23, 2015 2:38:38 下午 org.apache.catalina.core.ApplicationContext log
信息: No Spring WebApplicationInitializer types detected on classpath
六月 23, 2015 2:38:38 下午 org.apache.catalina.core.ApplicationContext log
信息: Initializing Spring root WebApplicationContext
六月 23, 2015 2:38:38 下午 org.apache.catalina.core.ApplicationContext log
信息: Initializing Spring FrameworkServlet 'spring-mvc'
六月 23, 2015 2:38:40 下午 org.apache.catalina.core.ApplicationContext log
信息: ContextListener: contextInitialized()
六月 23, 2015 2:38:40 下午 org.apache.catalina.core.ApplicationContext log
信息: SessionListener: contextInitialized()
六月 23, 2015 2:38:40 下午 org.apache.catalina.core.ApplicationContext log
信息: ContextListener: attributeAdded('org.apache.jasper.compiler.TldLocationsCache', 'org.apache.jasper.compiler.TldLocationsCache@52158e1a')
六月 23, 2015 2:39:59 下午 org.apache.catalina.core.ApplicationContext log
信息: No Spring WebApplicationInitializer types detected on classpath
六月 23, 2015 2:39:59 下午 org.apache.catalina.core.ApplicationContext log
信息: Initializing Spring root WebApplicationContext
六月 23, 2015 2:39:59 下午 org.apache.catalina.core.ApplicationContext log
信息: Initializing Spring FrameworkServlet 'spring-mvc'
六月 23, 2015 2:40:01 下午 org.apache.catalina.core.ApplicationContext log
信息: ContextListener: contextInitialized()
六月 23, 2015 2:40:01 下午 org.apache.catalina.core.ApplicationContext log
信息: SessionListener: contextInitialized()
六月 23, 2015 2:40:01 下午 org.apache.catalina.core.ApplicationContext log
信息: ContextListener: attributeAdded('org.apache.jasper.compiler.TldLocationsCache', 'org.apache.jasper.compiler.TldLocationsCache@42479576')
六月 23, 2015 2:45:18 下午 org.apache.catalina.core.ApplicationContext log
信息: No Spring WebApplicationInitializer types detected on classpath
六月 23, 2015 2:45:18 下午 org.apache.catalina.core.ApplicationContext log
信息: Initializing Spring root WebApplicationContext
六月 23, 2015 2:45:18 下午 org.apache.catalina.core.ApplicationContext log
信息: Initializing Spring FrameworkServlet 'spring-mvc'
六月 23, 2015 2:45:20 下午 org.apache.catalina.core.ApplicationContext log
信息: ContextListener: contextInitialized()
六月 23, 2015 2:45:20 下午 org.apache.catalina.core.ApplicationContext log
信息: SessionListener: contextInitialized()
六月 23, 2015 2:45:20 下午 org.apache.catalina.core.ApplicationContext log
信息: ContextListener: attributeAdded('org.apache.jasper.compiler.TldLocationsCache', 'org.apache.jasper.compiler.TldLocationsCache@418194ac')
六月 23, 2015 3:05:10 下午 org.apache.catalina.core.ApplicationContext log
信息: No Spring WebApplicationInitializer types detected on classpath
六月 23, 2015 3:05:10 下午 org.apache.catalina.core.ApplicationContext log
信息: Initializing Spring root WebApplicationContext
六月 23, 2015 3:05:11 下午 org.apache.catalina.core.ApplicationContext log
信息: Initializing Spring FrameworkServlet 'spring-mvc'
六月 23, 2015 3:05:13 下午 org.apache.catalina.core.ApplicationContext log
信息: ContextListener: contextInitialized()
六月 23, 2015 3:05:13 下午 org.apache.catalina.core.ApplicationContext log
信息: SessionListener: contextInitialized()
六月 23, 2015 3:05:13 下午 org.apache.catalina.core.ApplicationContext log
信息: ContextListener: attributeAdded('org.apache.jasper.compiler.TldLocationsCache', 'org.apache.jasper.compiler.TldLocationsCache@4bb065d')
六月 23, 2015 3:09:30 下午 org.apache.catalina.core.ApplicationContext log
信息: No Spring WebApplicationInitializer types detected on classpath
六月 23, 2015 3:09:30 下午 org.apache.catalina.core.ApplicationContext log
信息: Initializing Spring root WebApplicationContext
六月 23, 2015 3:09:31 下午 org.apache.catalina.core.ApplicationContext log
信息: Initializing Spring FrameworkServlet 'spring-mvc'
六月 23, 2015 3:09:32 下午 org.apache.catalina.core.ApplicationContext log
信息: ContextListener: contextInitialized()
六月 23, 2015 3:09:32 下午 org.apache.catalina.core.ApplicationContext log
信息: SessionListener: contextInitialized()
六月 23, 2015 3:09:32 下午 org.apache.catalina.core.ApplicationContext log
信息: ContextListener: attributeAdded('org.apache.jasper.compiler.TldLocationsCache', 'org.apache.jasper.compiler.TldLocationsCache@4bb065d')
六月 23, 2015 3:29:36 下午 org.apache.catalina.core.ApplicationContext log
信息: No Spring WebApplicationInitializer types detected on classpath
六月 23, 2015 3:29:36 下午 org.apache.catalina.core.ApplicationContext log
信息: Initializing Spring root WebApplicationContext
六月 23, 2015 3:29:36 下午 org.apache.catalina.core.ApplicationContext log
信息: Initializing Spring FrameworkServlet 'spring-mvc'
六月 23, 2015 3:29:38 下午 org.apache.catalina.core.ApplicationContext log
信息: ContextListener: contextInitialized()
六月 23, 2015 3:29:38 下午 org.apache.catalina.core.ApplicationContext log
信息: SessionListener: contextInitialized()
六月 23, 2015 3:29:38 下午 org.apache.catalina.core.ApplicationContext log
信息: ContextListener: attributeAdded('org.apache.jasper.compiler.TldLocationsCache', 'org.apache.jasper.compiler.TldLocationsCache@16296d5a')
