六月 17, 2015 4:51:15 下午 org.apache.catalina.core.ApplicationContext log
信息: ContextListener: contextInitialized()
六月 17, 2015 4:51:15 下午 org.apache.catalina.core.ApplicationContext log
信息: SessionListener: contextInitialized()
六月 17, 2015 4:51:15 下午 org.apache.catalina.core.ApplicationContext log
信息: ContextListener: attributeAdded('org.apache.jasper.compiler.TldLocationsCache', 'org.apache.jasper.compiler.TldLocationsCache@6edcce68')
六月 17, 2015 4:51:27 下午 org.apache.catalina.core.ApplicationContext log
信息: SessionListener: contextDestroyed()
六月 17, 2015 4:51:27 下午 org.apache.catalina.core.ApplicationContext log
信息: ContextListener: contextDestroyed()
六月 17, 2015 5:04:41 下午 org.apache.catalina.core.ApplicationContext log
信息: ContextListener: contextInitialized()
六月 17, 2015 5:04:41 下午 org.apache.catalina.core.ApplicationContext log
信息: SessionListener: contextInitialized()
六月 17, 2015 5:04:41 下午 org.apache.catalina.core.ApplicationContext log
信息: ContextListener: attributeAdded('org.apache.jasper.compiler.TldLocationsCache', 'org.apache.jasper.compiler.TldLocationsCache@3743ff5e')
六月 17, 2015 5:20:15 下午 org.apache.catalina.core.ApplicationContext log
信息: ContextListener: contextInitialized()
六月 17, 2015 5:20:15 下午 org.apache.catalina.core.ApplicationContext log
信息: SessionListener: contextInitialized()
六月 17, 2015 5:20:15 下午 org.apache.catalina.core.ApplicationContext log
信息: ContextListener: attributeAdded('org.apache.jasper.compiler.TldLocationsCache', 'org.apache.jasper.compiler.TldLocationsCache@4633819a')
六月 17, 2015 5:28:18 下午 org.apache.catalina.core.ApplicationContext log
信息: SessionListener: contextDestroyed()
六月 17, 2015 5:28:18 下午 org.apache.catalina.core.ApplicationContext log
信息: ContextListener: contextDestroyed()
六月 17, 2015 5:29:25 下午 org.apache.catalina.core.ApplicationContext log
信息: ContextListener: contextInitialized()
六月 17, 2015 5:29:25 下午 org.apache.catalina.core.ApplicationContext log
信息: SessionListener: contextInitialized()
六月 17, 2015 5:29:25 下午 org.apache.catalina.core.ApplicationContext log
信息: ContextListener: attributeAdded('org.apache.jasper.compiler.TldLocationsCache', 'org.apache.jasper.compiler.TldLocationsCache@14cf3da1')
