六月 18, 2015 11:13:46 上午 org.apache.catalina.core.ApplicationContext log
信息: HTMLManager: init: Associated with Deployer 'Catalina:type=Deployer,host=localhost'
六月 18, 2015 11:13:46 上午 org.apache.catalina.core.ApplicationContext log
信息: HTMLManager: init: Global resources are available
六月 18, 2015 11:13:46 上午 org.apache.catalina.core.ApplicationContext log
信息: HTMLManager: list: Listing contexts for virtual host 'localhost'
六月 18, 2015 11:15:06 上午 org.apache.catalina.core.ApplicationContext log
信息: Manager: init: Associated with Deployer 'Catalina:type=Deployer,host=localhost'
六月 18, 2015 11:15:06 上午 org.apache.catalina.core.ApplicationContext log
信息: Manager: init: Global resources are available
六月 18, 2015 11:15:06 上午 org.apache.catalina.core.ApplicationContext log
信息: Manager: deploy: Deploying web application '/googlecode'
六月 18, 2015 11:15:06 上午 org.apache.catalina.core.ApplicationContext log
信息: Manager: deploy: Deploying web application '/googlecode'
六月 18, 2015 11:15:06 上午 org.apache.catalina.core.ApplicationContext log
信息: Manager: deploy: Deploying web application '/googlecode'
六月 18, 2015 11:15:06 上午 org.apache.catalina.core.ApplicationContext log
信息: Manager: deploy: Deploying web application '/googlecode'
六月 18, 2015 11:16:35 上午 org.apache.catalina.core.ApplicationContext log
信息: HTMLManager: restart: Reloading web application '/googlecode'
六月 18, 2015 11:16:35 上午 org.apache.catalina.core.ApplicationContext log
信息: HTMLManager: list: Listing contexts for virtual host 'localhost'
六月 18, 2015 11:16:44 上午 org.apache.catalina.core.ApplicationContext log
信息: HTMLManager: undeploy: Undeploying web application at '/googlecode'
六月 18, 2015 11:16:45 上午 org.apache.catalina.core.ApplicationContext log
信息: HTMLManager: list: Listing contexts for virtual host 'localhost'
六月 18, 2015 11:17:36 上午 org.apache.catalina.core.ApplicationContext log
信息: Manager: deploy: Deploying web application '/googlecode'
六月 18, 2015 11:17:36 上午 org.apache.catalina.core.ApplicationContext log
信息: Manager: Uploading WAR file to D:\Workspaces\eclipse43\apache-tomcat7\webapps\googlecode.war
六月 18, 2015 11:18:12 上午 org.apache.catalina.core.ApplicationContext log
信息: HTMLManager: list: Listing contexts for virtual host 'localhost'
六月 18, 2015 11:39:16 上午 org.apache.catalina.core.ApplicationContext log
信息: Manager: deploy: Deploying web application '/googlecode'
六月 18, 2015 11:39:16 上午 org.apache.catalina.core.ApplicationContext log
信息: Manager: Uploading WAR file to D:\Workspaces\eclipse43\apache-tomcat7\webapps\googlecode.war.tmp
六月 18, 2015 11:41:19 上午 org.apache.catalina.core.ApplicationContext log
信息: Manager: deploy: Deploying web application '/googlecode'
六月 18, 2015 11:41:19 上午 org.apache.catalina.core.ApplicationContext log
信息: Manager: Uploading WAR file to D:\Workspaces\eclipse43\apache-tomcat7\webapps\googlecode.war.tmp
